TN:
SF:/Users/haminlee/Documents/agents/scratch/api-ecosystem-maintenance/sdk-remove-silence/typecast-c/src/typecast.c
FNL:0,1062,1068
FNA:0,14,typecast_speech_parts_free
FNL:1,1070,1096
FNA:1,8,merge_composer_output
FNL:2,1099,1116
FNA:2,34,merge_composer_settings
FNL:3,1119,1129
FNA:3,16,composer_output_to_tts
FNL:4,1132,1143
FNA:4,20,typecast_speech_composer_create
FNL:5,1145,1152
FNA:5,20,typecast_speech_composer_destroy
FNL:6,1154,1158
FNA:6,14,typecast_speech_composer_defaults
FNL:7,1160,1175
FNA:7,20,append_composer_part
FNL:8,1177,1197
FNA:8,18,typecast_speech_composer_say
FNL:9,1199,1205
FNA:9,8,typecast_speech_composer_pause
FNL:10,1207,1255
FNA:10,4,typecast_speech_composer_segment_requests
FNL:11,1257,1262
FNA:11,2,typecast_speech_composer_segment_requests_free
FNL:12,1264,1336
FNA:12,18,typecast_speech_composer_generate
FNL:13,1338,1419
FNA:13,26,typecast_generate_to_file
FNL:14,1431,1442
FNA:14,32,stream_write_callback
FNL:15,1447,1519
FNA:15,32,build_tts_stream_request_json
FNL:16,147,155
FNA:16,1264,strdup_safe
FNL:17,1521,1621
FNA:17,44,typecast_text_to_speech_stream
FNL:18,157,164
FNA:18,657,is_blank_string
FNL:19,1627,1756
FNA:19,22,typecast_get_voices
FNL:20,166,175
FNA:20,2,is_default_host
FNL:21,1758,1842
FNA:21,28,typecast_get_voice
FNL:22,177,189
FNA:22,8,infer_audio_format_from_path
FNL:23,1844,1982
FNA:23,22,typecast_recommend_voices
FNL:24,191,197
FNA:24,12,path_is_directory
FNL:25,1984,2008
FNA:25,16,typecast_voices_response_free
FNL:26,201,209
FNA:26,10,build_temp_output_path
FNL:27,2010,2020
FNA:27,6,typecast_recommended_voices_response_free
FNL:28,2022,2042
FNA:28,18,typecast_voice_free
FNL:29,2048,2171
FNA:29,30,typecast_get_my_subscription
FNL:30,211,227
FNA:30,12,preflight_output_path
FNL:31,2173,2176
FNA:31,6,typecast_subscription_free
FNL:32,2182,2183
FNA:32,6,typecast_version
FNL:33,2186,2191
FNA:33,138,typecast_model_to_string
FNL:34,2193,2198
FNA:34,24,typecast_model_from_string
FNL:35,2200,2205
FNA:35,58,typecast_emotion_to_string
FNL:36,2207,2212
FNA:36,48,typecast_audio_format_to_string
FNL:37,2214,2219
FNA:37,24,typecast_plan_tier_to_string
FNL:38,2221,2228
FNA:38,28,typecast_plan_tier_from_string
FNL:39,2230,2247
FNA:39,108,typecast_error_message
FNL:40,2254,2260
FNA:40,300,utf8_codepoint_count
FNL:41,2278,2282
FNA:41,1032,ends_with_str
FNL:42,2286,2304
FNA:42,206,ends_in_sentence
FNL:43,229,247
FNA:43,246,append_api_key_header
FNL:44,2308,2326
FNA:44,58,strip_whitespace_inplace
FNL:45,2335,2349
FNA:45,606,strbuf_append
FNL:46,2352,2360
FNA:46,64,fmt_srt_time
FNL:47,2363,2371
FNA:47,44,fmt_vtt_time
FNL:48,2381,2387
FNA:48,36,cues_free
FNL:49,2401,2553
FNA:49,36,group_into_cues
FNL:50,249,251
FNA:50,246,os_name
FNL:51,2559,2586
FNA:51,40,pick_segments
FNL:52,261,263
FNA:52,246,arch_name
FNL:53,2614,2650
FNA:53,10,base64_decode
FNL:54,2656,2675
FNA:54,22,build_tts_with_timestamps_request_json
FNL:55,2688,2709
FNA:55,10,codepoint_to_utf8
FNL:56,2712,2723
FNA:56,14,parse_hex4
FNL:57,2733,2789
FNA:57,18,json_unescape_unicode
FNL:58,275,288
FNA:58,16,valid_generated_by_token
FNL:59,2795,2838
FNA:59,16,parse_segment_array
FNL:60,2844,3000
FNA:60,30,typecast_text_to_speech_with_timestamps
FNL:61,290,310
FNA:61,246,append_user_agent_header
FNL:62,3003,3057
FNA:62,28,typecast_tts_with_timestamps_response_to_srt
FNL:63,3060,3112
FNA:63,20,typecast_tts_with_timestamps_response_to_vtt
FNL:64,3115,3127
FNA:64,14,typecast_tts_with_timestamps_response_audio_bytes
FNL:65,313,315
FNA:65,246,append_common_headers
FNL:66,3130,3154
FNA:66,8,typecast_tts_with_timestamps_response_save_audio
FNL:67,3157,3179
FNA:67,30,typecast_tts_with_timestamps_response_free
FNL:68,318,326
FNA:68,224,set_error
FNL:69,3189,3203
FNA:69,26,guess_audio_mime
FNL:70,3205,3376
FNA:70,44,create_custom_voice
FNL:71,328,335
FNA:71,280,clear_error
FNL:72,337,350
FNA:72,20,extract_error_message
FNL:73,3378,3388
FNA:73,40,typecast_clone_voice
FNL:74,3391,3402
FNA:74,4,typecast_clone_voice_professional
FNL:75,3405,3427
FNA:75,8,parse_custom_voice_json
FNL:76,3429,3461
FNA:76,14,get_custom_voice_json
FNL:77,3463,3491
FNA:77,12,typecast_get_custom_voice
FNL:78,3493,3520
FNA:78,6,typecast_get_custom_voices
FNL:79,3522,3522
FNA:79,4,typecast_custom_voice_free
FNL:80,3523,3527
FNA:80,2,typecast_custom_voices_free
FNL:81,3529,3601
FNA:81,20,typecast_delete_voice
FNL:82,356,377
FNA:82,186,write_callback
FNL:83,379,394
FNA:83,240,header_callback
FNL:84,400,480
FNA:84,82,build_tts_request_json
FNL:85,482,497
FNA:85,58,http_status_to_error
FNL:86,499,524
FNA:86,34,parse_duration_header
FNL:87,526,539
FNA:87,8,parse_audio_format_header
FNL:88,545,550
FNA:88,12,parse_gender
FNL:89,552,560
FNA:89,12,parse_age
FNL:90,562,652
FNA:90,20,parse_voice_json
FNL:91,658,659
FNA:91,20,typecast_client_create
FNL:92,662,697
FNA:92,299,typecast_client_create_with_host
FNL:93,699,710
FNA:93,293,typecast_client_destroy
FNL:94,712,750
FNA:94,26,typecast_client_set_attribution
FNL:95,752,755
FNA:95,140,typecast_client_get_error
FNL:96,761,892
FNA:96,68,typecast_text_to_speech
FNL:97,894,898
FNA:97,38,typecast_tts_response_free
FNL:98,900,949
FNA:98,12,post_compose_json
FNL:99,955,969
FNA:99,8,parse_pause_token
FNL:100,971,981
FNA:100,26,append_speech_part
FNL:101,983,1060
FNA:101,14,typecast_parse_pause_markup
FNF:102
FNH:102
BRDA:148,0,0,1
BRDA:148,0,1,0
BRDA:151,0,0,0
BRDA:151,0,1,1
BRDA:158,0,0,1
BRDA:158,0,1,1
BRDA:159,0,0,1
BRDA:159,0,1,1
BRDA:160,0,0,1
BRDA:160,0,1,1
BRDA:167,0,0,1
BRDA:167,0,1,0
BRDA:169,0,0,0
BRDA:169,0,1,1
BRDA:171,0,0,0
BRDA:171,0,1,1
BRDA:171,0,2,0
BRDA:171,0,3,1
BRDA:172,0,0,0
BRDA:172,0,1,1
BRDA:172,0,2,0
BRDA:172,0,3,1
BRDA:174,0,0,1
BRDA:174,0,1,0
BRDA:178,0,0,1
BRDA:178,0,1,0
BRDA:178,0,2,0
BRDA:178,0,3,1
BRDA:180,0,0,1
BRDA:180,0,1,0
BRDA:180,0,2,1
BRDA:180,0,3,1
BRDA:184,0,0,1
BRDA:184,0,1,0
BRDA:184,0,2,1
BRDA:184,0,3,1
BRDA:197,0,0,1
BRDA:197,0,1,1
BRDA:205,0,0,0
BRDA:205,0,1,1
BRDA:212,0,0,0
BRDA:212,0,1,1
BRDA:213,0,0,1
BRDA:213,0,1,1
BRDA:214,0,0,1
BRDA:214,0,1,0
BRDA:217,0,0,1
BRDA:217,0,1,0
BRDA:230,0,0,1
BRDA:230,0,1,1
BRDA:278,0,0,1
BRDA:278,0,1,1
BRDA:280,0,0,1
BRDA:280,0,1,1
BRDA:280,0,2,1
BRDA:280,0,3,1
BRDA:281,0,0,1
BRDA:281,0,1,1
BRDA:283,0,0,1
BRDA:283,0,1,1
BRDA:283,0,2,1
BRDA:283,0,3,1
BRDA:283,0,4,1
BRDA:283,0,5,1
BRDA:284,0,0,1
BRDA:284,0,1,1
BRDA:284,0,2,1
BRDA:284,0,3,1
BRDA:284,0,4,1
BRDA:284,0,5,1
BRDA:291,0,0,1
BRDA:291,0,1,0
BRDA:291,0,2,0
BRDA:291,0,3,1
BRDA:294,0,0,1
BRDA:294,0,1,0
BRDA:294,0,2,1
BRDA:294,0,3,1
BRDA:314,0,0,1
BRDA:314,0,1,0
BRDA:319,0,0,1
BRDA:319,0,1,0
BRDA:322,0,0,1
BRDA:322,0,1,1
BRDA:325,0,0,1
BRDA:325,0,1,0
BRDA:329,0,0,1
BRDA:329,0,1,0
BRDA:331,0,0,1
BRDA:331,0,1,1
BRDA:338,0,0,1
BRDA:338,0,1,0
BRDA:341,0,0,1
BRDA:341,0,1,0
BRDA:344,0,0,1
BRDA:344,0,1,1
BRDA:347,0,0,1
BRDA:347,0,1,1
BRDA:361,0,0,0
BRDA:361,0,1,1
BRDA:362,0,0,0
BRDA:362,0,1,1
BRDA:363,0,0,1
BRDA:363,0,1,1
BRDA:367,0,0,1
BRDA:367,0,1,0
BRDA:386,0,0,1
BRDA:386,0,1,0
BRDA:402,0,0,1
BRDA:402,0,1,0
BRDA:410,0,0,1
BRDA:410,0,1,1
BRDA:415,0,0,1
BRDA:415,0,1,1
BRDA:417,0,0,0
BRDA:417,0,1,1
BRDA:418,0,0,1
BRDA:418,0,1,0
BRDA:418,0,2,1
BRDA:418,0,3,1
BRDA:421,0,0,1
BRDA:421,0,1,1
BRDA:424,0,0,1
BRDA:424,0,1,1
BRDA:451,0,0,1
BRDA:451,0,1,1
BRDA:453,0,0,0
BRDA:453,0,1,1
BRDA:454,0,0,1
BRDA:454,0,1,1
BRDA:457,0,0,1
BRDA:457,0,1,1
BRDA:462,0,0,1
BRDA:462,0,1,1
BRDA:465,0,0,1
BRDA:465,0,1,0
BRDA:465,0,2,1
BRDA:465,0,3,1
BRDA:475,0,0,1
BRDA:475,0,1,1
BRDA:483,0,0,0
BRDA:483,0,1,1
BRDA:483,0,2,1
BRDA:483,0,3,1
BRDA:483,0,4,1
BRDA:483,0,5,1
BRDA:483,0,6,1
BRDA:483,0,7,1
BRDA:483,0,8,1
BRDA:500,0,0,1
BRDA:500,0,1,0
BRDA:505,0,0,1
BRDA:505,0,1,1
BRDA:507,0,0,1
BRDA:507,0,1,1
BRDA:513,0,0,1
BRDA:513,0,1,1
BRDA:514,0,0,1
BRDA:514,0,1,0
BRDA:514,0,2,1
BRDA:514,0,3,1
BRDA:517,0,0,1
BRDA:517,0,1,1
BRDA:527,0,0,1
BRDA:527,0,1,0
BRDA:528,0,0,1
BRDA:528,0,1,1
BRDA:529,0,0,1
BRDA:529,0,1,1
BRDA:531,0,0,1
BRDA:531,0,1,1
BRDA:532,0,0,1
BRDA:532,0,1,0
BRDA:532,0,2,1
BRDA:532,0,3,1
BRDA:535,0,0,1
BRDA:535,0,1,1
BRDA:546,0,0,1
BRDA:546,0,1,0
BRDA:547,0,0,1
BRDA:547,0,1,1
BRDA:548,0,0,1
BRDA:548,0,1,1
BRDA:553,0,0,1
BRDA:553,0,1,0
BRDA:554,0,0,1
BRDA:554,0,1,1
BRDA:555,0,0,1
BRDA:555,0,1,1
BRDA:556,0,0,1
BRDA:556,0,1,1
BRDA:557,0,0,1
BRDA:557,0,1,1
BRDA:558,0,0,1
BRDA:558,0,1,0
BRDA:563,0,0,1
BRDA:563,0,1,0
BRDA:563,0,2,1
BRDA:563,0,3,1
BRDA:566,0,0,1
BRDA:566,0,1,0
BRDA:570,0,0,1
BRDA:570,0,1,1
BRDA:576,0,0,1
BRDA:576,0,1,1
BRDA:578,0,0,1
BRDA:578,0,1,1
BRDA:581,0,0,1
BRDA:581,0,1,1
BRDA:583,0,0,0
BRDA:583,0,1,1
BRDA:590,0,0,1
BRDA:590,0,1,1
BRDA:596,0,0,1
BRDA:596,0,1,1
BRDA:602,0,0,1
BRDA:602,0,1,1
BRDA:605,0,0,0
BRDA:605,0,1,1
BRDA:606,0,0,1
BRDA:606,0,1,1
BRDA:608,0,0,0
BRDA:608,0,1,1
BRDA:610,0,0,1
BRDA:610,0,1,0
BRDA:612,0,0,1
BRDA:612,0,1,1
BRDA:618,0,0,1
BRDA:618,0,1,0
BRDA:622,0,0,1
BRDA:622,0,1,0
BRDA:623,0,0,1
BRDA:623,0,1,1
BRDA:625,0,0,0
BRDA:625,0,1,1
BRDA:638,0,0,1
BRDA:638,0,1,1
BRDA:641,0,0,0
BRDA:641,0,1,1
BRDA:642,0,0,1
BRDA:642,0,1,1
BRDA:644,0,0,0
BRDA:644,0,1,1
BRDA:666,0,0,1
BRDA:666,0,1,1
BRDA:666,0,2,1
BRDA:666,0,3,1
BRDA:666,0,4,0
BRDA:666,0,5,1
BRDA:671,0,0,1
BRDA:671,0,1,0
BRDA:673,0,0,1
BRDA:673,0,1,1
BRDA:674,0,0,1
BRDA:674,0,1,1
BRDA:700,0,0,1
BRDA:700,0,1,1
BRDA:702,0,0,0
BRDA:702,0,1,1
BRDA:703,0,0,0
BRDA:703,0,1,1
BRDA:704,0,0,1
BRDA:704,0,1,0
BRDA:705,0,0,1
BRDA:705,0,1,0
BRDA:706,0,0,1
BRDA:706,0,1,1
BRDA:707,0,0,0
BRDA:707,0,1,1
BRDA:719,0,0,1
BRDA:719,0,1,1
BRDA:721,0,0,1
BRDA:721,0,1,1
BRDA:721,0,2,1
BRDA:721,0,3,1
BRDA:728,0,0,1
BRDA:728,0,1,1
BRDA:728,0,2,1
BRDA:728,0,3,1
BRDA:729,0,0,1
BRDA:729,0,1,1
BRDA:729,0,2,1
BRDA:729,0,3,1
BRDA:730,0,0,1
BRDA:730,0,1,1
BRDA:753,0,0,1
BRDA:753,0,1,1
BRDA:765,0,0,1
BRDA:765,0,1,1
BRDA:765,0,2,1
BRDA:765,0,3,1
BRDA:766,0,0,1
BRDA:766,0,1,1
BRDA:770,0,0,1
BRDA:770,0,1,1
BRDA:770,0,2,1
BRDA:770,0,3,1
BRDA:776,0,0,1
BRDA:776,0,1,1
BRDA:776,0,2,1
BRDA:776,0,3,1
BRDA:776,0,4,1
BRDA:776,0,5,1
BRDA:777,0,0,1
BRDA:777,0,1,1
BRDA:839,0,0,1
BRDA:839,0,1,1
BRDA:841,0,0,1
BRDA:841,0,1,0
BRDA:842,0,0,1
BRDA:842,0,1,0
BRDA:850,0,0,1
BRDA:850,0,1,1
BRDA:855,0,0,1
BRDA:855,0,1,1
BRDA:855,0,2,0
BRDA:855,0,3,1
BRDA:859,0,0,1
BRDA:859,0,1,1
BRDA:860,0,0,1
BRDA:860,0,1,1
BRDA:861,0,0,1
BRDA:861,0,1,1
BRDA:862,0,0,0
BRDA:862,0,1,1
BRDA:883,0,0,1
BRDA:883,0,1,1
BRDA:889,0,0,0
BRDA:889,0,1,1
BRDA:895,0,0,1
BRDA:895,0,1,1
BRDA:896,0,0,0
BRDA:896,0,1,1
BRDA:902,0,0,1
BRDA:902,0,1,0
BRDA:925,0,0,1
BRDA:925,0,1,1
BRDA:931,0,0,1
BRDA:931,0,1,1
BRDA:956,0,0,1
BRDA:956,0,1,0
BRDA:956,0,2,1
BRDA:956,0,3,0
BRDA:956,0,4,1
BRDA:956,0,5,0
BRDA:956,0,6,1
BRDA:956,0,7,1
BRDA:957,0,0,1
BRDA:957,0,1,1
BRDA:958,0,0,1
BRDA:958,0,1,1
BRDA:958,0,2,0
BRDA:958,0,3,1
BRDA:961,0,0,0
BRDA:961,0,1,1
BRDA:966,0,0,1
BRDA:966,0,1,0
BRDA:966,0,2,0
BRDA:966,0,3,1
BRDA:966,0,4,1
BRDA:966,0,5,0
BRDA:966,0,6,-
BRDA:966,0,7,-
BRDA:966,0,8,0
BRDA:966,0,9,1
BRDA:972,0,0,1
BRDA:972,0,1,1
BRDA:973,0,0,1
BRDA:973,0,1,1
BRDA:975,0,0,1
BRDA:975,0,1,0
BRDA:988,0,0,1
BRDA:988,0,1,0
BRDA:988,0,2,1
BRDA:988,0,3,0
BRDA:988,0,4,0
BRDA:988,0,5,1
BRDA:999,0,0,1
BRDA:999,0,1,1
BRDA:1001,0,0,1
BRDA:1001,0,1,1
BRDA:1005,0,0,0
BRDA:1005,0,1,1
BRDA:1008,0,0,1
BRDA:1008,0,1,1
BRDA:1063,0,0,1
BRDA:1063,0,1,0
BRDA:1064,0,0,1
BRDA:1064,0,1,1
BRDA:1072,0,0,1
BRDA:1072,0,1,1
BRDA:1076,0,0,1
BRDA:1076,0,1,1
BRDA:1080,0,0,1
BRDA:1080,0,1,1
BRDA:1084,0,0,1
BRDA:1084,0,1,1
BRDA:1088,0,0,1
BRDA:1088,0,1,1
BRDA:1092,0,0,1
BRDA:1092,0,1,1
BRDA:1101,0,0,1
BRDA:1101,0,1,1
BRDA:1102,0,0,1
BRDA:1102,0,1,1
BRDA:1106,0,0,1
BRDA:1106,0,1,0
BRDA:1107,0,0,1
BRDA:1107,0,1,0
BRDA:1108,0,0,1
BRDA:1108,0,1,1
BRDA:1112,0,0,1
BRDA:1112,0,1,1
BRDA:1121,0,0,1
BRDA:1121,0,1,1
BRDA:1126,0,0,1
BRDA:1126,0,1,1
BRDA:1127,0,0,1
BRDA:1127,0,1,1
BRDA:1133,0,0,1
BRDA:1133,0,1,0
BRDA:1146,0,0,1
BRDA:1146,0,1,0
BRDA:1147,0,0,1
BRDA:1147,0,1,1
BRDA:1155,0,0,1
BRDA:1155,0,1,0
BRDA:1155,0,2,0
BRDA:1155,0,3,1
BRDA:1161,0,0,1
BRDA:1161,0,1,1
BRDA:1162,0,0,0
BRDA:1162,0,1,1
BRDA:1182,0,0,1
BRDA:1182,0,1,0
BRDA:1182,0,2,0
BRDA:1182,0,3,1
BRDA:1193,0,0,1
BRDA:1193,0,1,1
BRDA:1195,0,0,1
BRDA:1195,0,1,0
BRDA:1200,0,0,1
BRDA:1200,0,1,1
BRDA:1200,0,2,1
BRDA:1200,0,3,0
BRDA:1200,0,4,-
BRDA:1200,0,5,-
BRDA:1200,0,6,1
BRDA:1200,0,7,1
BRDA:1212,0,0,1
BRDA:1212,0,1,0
BRDA:1212,0,2,1
BRDA:1212,0,3,0
BRDA:1212,0,4,0
BRDA:1212,0,5,1
BRDA:1217,0,0,1
BRDA:1217,0,1,1
BRDA:1218,0,0,0
BRDA:1218,0,1,1
BRDA:1220,0,0,0
BRDA:1220,0,1,1
BRDA:1221,0,0,0
BRDA:1221,0,1,1
BRDA:1232,0,0,1
BRDA:1232,0,1,1
BRDA:1233,0,0,0
BRDA:1233,0,1,1
BRDA:1235,0,0,1
BRDA:1235,0,1,1
BRDA:1244,0,0,1
BRDA:1244,0,1,0
BRDA:1248,0,0,1
BRDA:1248,0,1,0
BRDA:1259,0,0,1
BRDA:1259,0,1,0
BRDA:1260,0,0,0
BRDA:1260,0,1,1
BRDA:1268,0,0,1
BRDA:1268,0,1,0
BRDA:1272,0,0,1
BRDA:1272,0,1,1
BRDA:1273,0,0,1
BRDA:1273,0,1,1
BRDA:1281,0,0,1
BRDA:1281,0,1,1
BRDA:1281,0,2,0
BRDA:1281,0,3,1
BRDA:1282,0,0,1
BRDA:1282,0,1,1
BRDA:1287,0,0,1
BRDA:1287,0,1,1
BRDA:1302,0,0,1
BRDA:1302,0,1,1
BRDA:1303,0,0,1
BRDA:1303,0,1,1
BRDA:1310,0,0,0
BRDA:1310,0,1,1
BRDA:1316,0,0,1
BRDA:1316,0,1,0
BRDA:1320,0,0,0
BRDA:1320,0,1,1
BRDA:1328,0,0,1
BRDA:1328,0,1,1
BRDA:1343,0,0,1
BRDA:1343,0,1,1
BRDA:1343,0,2,1
BRDA:1343,0,3,1
BRDA:1343,0,4,1
BRDA:1343,0,5,1
BRDA:1344,0,0,1
BRDA:1344,0,1,1
BRDA:1347,0,0,1
BRDA:1347,0,1,1
BRDA:1347,0,2,1
BRDA:1347,0,3,1
BRDA:1353,0,0,1
BRDA:1353,0,1,1
BRDA:1361,0,0,1
BRDA:1361,0,1,1
BRDA:1368,0,0,1
BRDA:1368,0,1,1
BRDA:1368,0,2,1
BRDA:1368,0,3,1
BRDA:1376,0,0,1
BRDA:1376,0,1,1
BRDA:1378,0,0,1
BRDA:1378,0,1,0
BRDA:1435,0,0,1
BRDA:1435,0,1,1
BRDA:1449,0,0,1
BRDA:1449,0,1,0
BRDA:1455,0,0,1
BRDA:1455,0,1,1
BRDA:1459,0,0,1
BRDA:1459,0,1,1
BRDA:1461,0,0,0
BRDA:1461,0,1,1
BRDA:1462,0,0,1
BRDA:1462,0,1,0
BRDA:1462,0,2,1
BRDA:1462,0,3,1
BRDA:1465,0,0,1
BRDA:1465,0,1,1
BRDA:1468,0,0,1
BRDA:1468,0,1,1
BRDA:1493,0,0,1
BRDA:1493,0,1,1
BRDA:1495,0,0,0
BRDA:1495,0,1,1
BRDA:1496,0,0,1
BRDA:1496,0,1,1
BRDA:1499,0,0,1
BRDA:1499,0,1,1
BRDA:1502,0,0,0
BRDA:1502,0,1,1
BRDA:1505,0,0,1
BRDA:1505,0,1,0
BRDA:1505,0,2,0
BRDA:1505,0,3,1
BRDA:1514,0,0,1
BRDA:1514,0,1,1
BRDA:1527,0,0,1
BRDA:1527,0,1,1
BRDA:1527,0,2,1
BRDA:1527,0,3,1
BRDA:1527,0,4,1
BRDA:1527,0,5,1
BRDA:1528,0,0,1
BRDA:1528,0,1,1
BRDA:1532,0,0,1
BRDA:1532,0,1,1
BRDA:1532,0,2,1
BRDA:1532,0,3,1
BRDA:1544,0,0,1
BRDA:1544,0,1,1
BRDA:1544,0,2,1
BRDA:1544,0,3,1
BRDA:1544,0,4,1
BRDA:1544,0,5,1
BRDA:1545,0,0,1
BRDA:1545,0,1,1
BRDA:1597,0,0,1
BRDA:1597,0,1,1
BRDA:1598,0,0,1
BRDA:1598,0,1,1
BRDA:1614,0,0,1
BRDA:1614,0,1,1
BRDA:1631,0,0,1
BRDA:1631,0,1,1
BRDA:1641,0,0,1
BRDA:1641,0,1,1
BRDA:1642,0,0,1
BRDA:1642,0,1,1
BRDA:1648,0,0,1
BRDA:1648,0,1,1
BRDA:1654,0,0,1
BRDA:1654,0,1,1
BRDA:1660,0,0,1
BRDA:1660,0,1,1
BRDA:1689,0,0,1
BRDA:1689,0,1,1
BRDA:1691,0,0,1
BRDA:1691,0,1,0
BRDA:1699,0,0,1
BRDA:1699,0,1,1
BRDA:1702,0,0,0
BRDA:1702,0,1,1
BRDA:1710,0,0,1
BRDA:1710,0,1,1
BRDA:1715,0,0,1
BRDA:1715,0,1,1
BRDA:1745,0,0,1
BRDA:1745,0,1,1
BRDA:1748,0,0,0
BRDA:1748,0,1,1
BRDA:1762,0,0,1
BRDA:1762,0,1,1
BRDA:1762,0,2,1
BRDA:1762,0,3,1
BRDA:1763,0,0,1
BRDA:1763,0,1,1
BRDA:1782,0,0,1
BRDA:1782,0,1,0
BRDA:1782,0,2,1
BRDA:1782,0,3,1
BRDA:1808,0,0,1
BRDA:1808,0,1,1
BRDA:1810,0,0,1
BRDA:1810,0,1,0
BRDA:1818,0,0,1
BRDA:1818,0,1,1
BRDA:1821,0,0,0
BRDA:1821,0,1,1
BRDA:1829,0,0,1
BRDA:1829,0,1,1
BRDA:1837,0,0,1
BRDA:1837,0,1,1
BRDA:1849,0,0,1
BRDA:1849,0,1,1
BRDA:1849,0,2,1
BRDA:1849,0,3,1
BRDA:1850,0,0,1
BRDA:1850,0,1,1
BRDA:1854,0,0,1
BRDA:1854,0,1,1
BRDA:1855,0,0,1
BRDA:1855,0,1,0
BRDA:1855,0,2,1
BRDA:1855,0,3,1
BRDA:1883,0,0,1
BRDA:1883,0,1,0
BRDA:1883,0,2,1
BRDA:1883,0,3,1
BRDA:1905,0,0,1
BRDA:1905,0,1,1
BRDA:1907,0,0,1
BRDA:1907,0,1,0
BRDA:1914,0,0,1
BRDA:1914,0,1,1
BRDA:1917,0,0,0
BRDA:1917,0,1,1
BRDA:1924,0,0,1
BRDA:1924,0,1,1
BRDA:1929,0,0,1
BRDA:1929,0,1,1
BRDA:1947,0,0,1
BRDA:1947,0,1,1
BRDA:1960,0,0,1
BRDA:1960,0,1,1
BRDA:1962,0,0,1
BRDA:1962,0,1,1
BRDA:1965,0,0,0
BRDA:1965,0,1,1
BRDA:1970,0,0,0
BRDA:1970,0,1,1
BRDA:1975,0,0,1
BRDA:1975,0,1,1
BRDA:1985,0,0,1
BRDA:1985,0,1,1
BRDA:1987,0,0,1
BRDA:1987,0,1,1
BRDA:1989,0,0,0
BRDA:1989,0,1,1
BRDA:1990,0,0,0
BRDA:1990,0,1,1
BRDA:1992,0,0,1
BRDA:1992,0,1,1
BRDA:1993,0,0,1
BRDA:1993,0,1,1
BRDA:1994,0,0,0
BRDA:1994,0,1,1
BRDA:1996,0,0,0
BRDA:1996,0,1,1
BRDA:1998,0,0,0
BRDA:1998,0,1,1
BRDA:2000,0,0,1
BRDA:2000,0,1,1
BRDA:2001,0,0,0
BRDA:2001,0,1,1
BRDA:2003,0,0,1
BRDA:2003,0,1,1
BRDA:2006,0,0,0
BRDA:2006,0,1,1
BRDA:2011,0,0,1
BRDA:2011,0,1,1
BRDA:2013,0,0,1
BRDA:2013,0,1,1
BRDA:2014,0,0,1
BRDA:2014,0,1,1
BRDA:2015,0,0,1
BRDA:2015,0,1,1
BRDA:2018,0,0,1
BRDA:2018,0,1,1
BRDA:2023,0,0,1
BRDA:2023,0,1,1
BRDA:2025,0,0,1
BRDA:2025,0,1,1
BRDA:2026,0,0,1
BRDA:2026,0,1,1
BRDA:2028,0,0,1
BRDA:2028,0,1,1
BRDA:2029,0,0,1
BRDA:2029,0,1,1
BRDA:2030,0,0,0
BRDA:2030,0,1,1
BRDA:2032,0,0,0
BRDA:2032,0,1,1
BRDA:2034,0,0,1
BRDA:2034,0,1,1
BRDA:2036,0,0,1
BRDA:2036,0,1,1
BRDA:2037,0,0,0
BRDA:2037,0,1,1
BRDA:2039,0,0,1
BRDA:2039,0,1,1
BRDA:2051,0,0,1
BRDA:2051,0,1,1
BRDA:2080,0,0,1
BRDA:2080,0,1,1
BRDA:2082,0,0,1
BRDA:2082,0,1,0
BRDA:2090,0,0,1
BRDA:2090,0,1,1
BRDA:2093,0,0,0
BRDA:2093,0,1,1
BRDA:2101,0,0,1
BRDA:2101,0,1,1
BRDA:2108,0,0,1
BRDA:2108,0,1,1
BRDA:2114,0,0,1
BRDA:2114,0,1,1
BRDA:2122,0,0,1
BRDA:2122,0,1,1
BRDA:2128,0,0,1
BRDA:2128,0,1,1
BRDA:2134,0,0,1
BRDA:2134,0,1,1
BRDA:2142,0,0,1
BRDA:2142,0,1,1
BRDA:2148,0,0,1
BRDA:2148,0,1,1
BRDA:2174,0,0,1
BRDA:2174,0,1,1
BRDA:2187,0,0,1
BRDA:2187,0,1,0
BRDA:2187,0,2,1
BRDA:2187,0,3,1
BRDA:2194,0,0,1
BRDA:2194,0,1,1
BRDA:2195,0,0,1
BRDA:2195,0,1,1
BRDA:2196,0,0,1
BRDA:2196,0,1,1
BRDA:2201,0,0,1
BRDA:2201,0,1,0
BRDA:2201,0,2,1
BRDA:2201,0,3,1
BRDA:2208,0,0,1
BRDA:2208,0,1,0
BRDA:2208,0,2,1
BRDA:2208,0,3,1
BRDA:2215,0,0,1
BRDA:2215,0,1,0
BRDA:2215,0,2,1
BRDA:2215,0,3,1
BRDA:2222,0,0,1
BRDA:2222,0,1,1
BRDA:2223,0,0,1
BRDA:2223,0,1,1
BRDA:2224,0,0,1
BRDA:2224,0,1,1
BRDA:2225,0,0,1
BRDA:2225,0,1,1
BRDA:2226,0,0,1
BRDA:2226,0,1,1
BRDA:2231,0,0,1
BRDA:2231,0,1,1
BRDA:2231,0,2,1
BRDA:2231,0,3,1
BRDA:2231,0,4,1
BRDA:2231,0,5,1
BRDA:2231,0,6,1
BRDA:2231,0,7,1
BRDA:2231,0,8,1
BRDA:2231,0,9,1
BRDA:2231,0,10,1
BRDA:2231,0,11,1
BRDA:2231,0,12,1
BRDA:2231,0,13,1
BRDA:2257,0,0,1
BRDA:2257,0,1,1
BRDA:2258,0,0,1
BRDA:2258,0,1,1
BRDA:2280,0,0,1
BRDA:2280,0,1,1
BRDA:2289,0,0,1
BRDA:2289,0,1,0
BRDA:2291,0,0,1
BRDA:2291,0,1,1
BRDA:2291,0,2,1
BRDA:2291,0,3,1
BRDA:2291,0,4,1
BRDA:2291,0,5,0
BRDA:2291,0,6,1
BRDA:2291,0,7,1
BRDA:2292,0,0,0
BRDA:2292,0,1,1
BRDA:2296,0,0,1
BRDA:2296,0,1,1
BRDA:2297,0,0,1
BRDA:2297,0,1,1
BRDA:2311,0,0,1
BRDA:2311,0,1,1
BRDA:2311,0,2,1
BRDA:2311,0,3,1
BRDA:2311,0,4,1
BRDA:2311,0,5,0
BRDA:2311,0,6,1
BRDA:2311,0,7,1
BRDA:2312,0,0,0
BRDA:2312,0,1,1
BRDA:2317,0,0,1
BRDA:2317,0,1,1
BRDA:2317,0,2,1
BRDA:2317,0,3,1
BRDA:2317,0,4,1
BRDA:2317,0,5,0
BRDA:2317,0,6,1
BRDA:2317,0,7,1
BRDA:2318,0,0,0
BRDA:2318,0,1,1
BRDA:2321,0,0,1
BRDA:2321,0,1,1
BRDA:2337,0,0,1
BRDA:2337,0,1,1
BRDA:2338,0,0,0
BRDA:2338,0,1,1
BRDA:2339,0,0,0
BRDA:2339,0,1,1
BRDA:2341,0,0,1
BRDA:2341,0,1,0
BRDA:2354,0,0,1
BRDA:2354,0,1,0
BRDA:2365,0,0,1
BRDA:2365,0,1,0
BRDA:2382,0,0,1
BRDA:2382,0,1,0
BRDA:2383,0,0,1
BRDA:2383,0,1,1
BRDA:2384,0,0,0
BRDA:2384,0,1,1
BRDA:2408,0,0,1
BRDA:2408,0,1,0
BRDA:2408,0,2,0
BRDA:2408,0,3,1
BRDA:2413,0,0,1
BRDA:2413,0,1,0
BRDA:2423,0,0,1
BRDA:2423,0,1,1
BRDA:2426,0,0,1
BRDA:2426,0,1,1
BRDA:2434,0,0,1
BRDA:2434,0,1,1
BRDA:2447,0,0,1
BRDA:2447,0,1,0
BRDA:2447,0,2,1
BRDA:2447,0,3,1
BRDA:2450,0,0,0
BRDA:2450,0,1,1
BRDA:2452,0,0,0
BRDA:2452,0,1,1
BRDA:2468,0,0,0
BRDA:2468,0,1,1
BRDA:2473,0,0,1
BRDA:2473,0,1,1
BRDA:2477,0,0,1
BRDA:2477,0,1,1
BRDA:2478,0,0,0
BRDA:2478,0,1,1
BRDA:2488,0,0,1
BRDA:2488,0,1,1
BRDA:2489,0,0,0
BRDA:2489,0,1,1
BRDA:2497,0,0,1
BRDA:2497,0,1,0
BRDA:2507,0,0,1
BRDA:2507,0,1,1
BRDA:2511,0,0,0
BRDA:2511,0,1,1
BRDA:2513,0,0,1
BRDA:2513,0,1,0
BRDA:2526,0,0,0
BRDA:2526,0,1,1
BRDA:2532,0,0,1
BRDA:2532,0,1,1
BRDA:2532,0,2,0
BRDA:2532,0,3,1
BRDA:2534,0,0,1
BRDA:2534,0,1,1
BRDA:2536,0,0,0
BRDA:2536,0,1,1
BRDA:2565,0,0,1
BRDA:2565,0,1,1
BRDA:2565,0,2,1
BRDA:2565,0,3,1
BRDA:2571,0,0,1
BRDA:2571,0,1,1
BRDA:2571,0,2,0
BRDA:2571,0,3,1
BRDA:2578,0,0,1
BRDA:2578,0,1,1
BRDA:2578,0,2,1
BRDA:2578,0,3,0
BRDA:2578,0,4,-
BRDA:2578,0,5,-
BRDA:2579,0,0,0
BRDA:2579,0,1,1
BRDA:2615,0,0,1
BRDA:2615,0,1,0
BRDA:2615,0,2,1
BRDA:2615,0,3,0
BRDA:2615,0,4,0
BRDA:2615,0,5,1
BRDA:2620,0,0,1
BRDA:2620,0,1,0
BRDA:2620,0,2,1
BRDA:2620,0,3,1
BRDA:2621,0,0,1
BRDA:2621,0,1,0
BRDA:2621,0,2,1
BRDA:2621,0,3,0
BRDA:2625,0,0,1
BRDA:2625,0,1,0
BRDA:2628,0,0,1
BRDA:2628,0,1,1
BRDA:2634,0,0,1
BRDA:2634,0,1,1
BRDA:2634,0,2,0
BRDA:2634,0,3,1
BRDA:2637,0,0,0
BRDA:2637,0,1,1
BRDA:2638,0,0,1
BRDA:2638,0,1,0
BRDA:2641,0,0,1
BRDA:2641,0,1,1
BRDA:2642,0,0,0
BRDA:2642,0,1,1
BRDA:2670,0,0,1
BRDA:2670,0,1,0
BRDA:2689,0,0,1
BRDA:2689,0,1,1
BRDA:2692,0,0,1
BRDA:2692,0,1,1
BRDA:2696,0,0,1
BRDA:2696,0,1,1
BRDA:2701,0,0,1
BRDA:2701,0,1,0
BRDA:2714,0,0,1
BRDA:2714,0,1,1
BRDA:2717,0,0,1
BRDA:2717,0,1,0
BRDA:2717,0,2,1
BRDA:2717,0,3,1
BRDA:2718,0,0,1
BRDA:2718,0,1,1
BRDA:2718,0,2,0
BRDA:2718,0,3,1
BRDA:2719,0,0,1
BRDA:2719,0,1,0
BRDA:2719,0,2,1
BRDA:2719,0,3,1
BRDA:2738,0,0,1
BRDA:2738,0,1,0
BRDA:2745,0,0,1
BRDA:2745,0,1,1
BRDA:2746,0,0,1
BRDA:2746,0,1,1
BRDA:2747,0,0,1
BRDA:2747,0,1,1
BRDA:2752,0,0,1
BRDA:2752,0,1,1
BRDA:2752,0,2,1
BRDA:2752,0,3,1
BRDA:2755,0,0,1
BRDA:2755,0,1,1
BRDA:2755,0,2,1
BRDA:2755,0,3,0
BRDA:2755,0,4,1
BRDA:2755,0,5,0
BRDA:2755,0,6,1
BRDA:2755,0,7,0
BRDA:2755,0,8,1
BRDA:2755,0,9,0
BRDA:2755,0,10,0
BRDA:2755,0,11,1
BRDA:2757,0,0,1
BRDA:2757,0,1,1
BRDA:2759,0,0,1
BRDA:2759,0,1,1
BRDA:2759,0,2,1
BRDA:2759,0,3,1
BRDA:2761,0,0,1
BRDA:2761,0,1,0
BRDA:2761,0,2,0
BRDA:2761,0,3,1
BRDA:2763,0,0,1
BRDA:2763,0,1,0
BRDA:2763,0,2,0
BRDA:2763,0,3,1
BRDA:2767,0,0,1
BRDA:2767,0,1,0
BRDA:2773,0,0,1
BRDA:2773,0,1,1
BRDA:2773,0,2,0
BRDA:2773,0,3,1
BRDA:2776,0,0,0
BRDA:2776,0,1,1
BRDA:2780,0,0,1
BRDA:2780,0,1,0
BRDA:2800,0,0,1
BRDA:2800,0,1,0
BRDA:2800,0,2,0
BRDA:2800,0,3,1
BRDA:2803,0,0,0
BRDA:2803,0,1,1
BRDA:2807,0,0,1
BRDA:2807,0,1,0
BRDA:2809,0,0,1
BRDA:2809,0,1,1
BRDA:2811,0,0,1
BRDA:2811,0,1,0
BRDA:2817,0,0,1
BRDA:2817,0,1,1
BRDA:2821,0,0,1
BRDA:2821,0,1,1
BRDA:2822,0,0,0
BRDA:2822,0,1,1
BRDA:2828,0,0,0
BRDA:2828,0,1,1
BRDA:2831,0,0,0
BRDA:2831,0,1,1
BRDA:2849,0,0,1
BRDA:2849,0,1,1
BRDA:2849,0,2,1
BRDA:2849,0,3,1
BRDA:2849,0,4,0
BRDA:2849,0,5,1
BRDA:2850,0,0,1
BRDA:2850,0,1,1
BRDA:2853,0,0,1
BRDA:2853,0,1,1
BRDA:2853,0,2,0
BRDA:2853,0,3,1
BRDA:2863,0,0,1
BRDA:2863,0,1,1
BRDA:2863,0,2,0
BRDA:2863,0,3,1
BRDA:2871,0,0,1
BRDA:2871,0,1,1
BRDA:2871,0,2,1
BRDA:2871,0,3,0
BRDA:2871,0,4,1
BRDA:2871,0,5,0
BRDA:2872,0,0,1
BRDA:2872,0,1,1
BRDA:2919,0,0,1
BRDA:2919,0,1,1
BRDA:2921,0,0,1
BRDA:2921,0,1,0
BRDA:2928,0,0,1
BRDA:2928,0,1,1
BRDA:2931,0,0,1
BRDA:2931,0,1,0
BRDA:2931,0,2,0
BRDA:2931,0,3,1
BRDA:2934,0,0,1
BRDA:2934,0,1,0
BRDA:2935,0,0,0
BRDA:2935,0,1,1
BRDA:2936,0,0,0
BRDA:2936,0,1,1
BRDA:2958,0,0,1
BRDA:2958,0,1,1
BRDA:2976,0,0,0
BRDA:2976,0,1,1
BRDA:2980,0,0,0
BRDA:2980,0,1,1
BRDA:2984,0,0,0
BRDA:2984,0,1,1
BRDA:2989,0,0,1
BRDA:2989,0,1,1
BRDA:2993,0,0,1
BRDA:2993,0,1,1
BRDA:3007,0,0,1
BRDA:3007,0,1,1
BRDA:3007,0,2,1
BRDA:3007,0,3,1
BRDA:3013,0,0,1
BRDA:3013,0,1,1
BRDA:3019,0,0,1
BRDA:3019,0,1,0
BRDA:3019,0,2,1
BRDA:3019,0,3,1
BRDA:3020,0,0,0
BRDA:3020,0,1,1
BRDA:3028,0,0,1
BRDA:3028,0,1,1
BRDA:3031,0,0,1
BRDA:3031,0,1,0
BRDA:3035,0,0,1
BRDA:3035,0,1,0
BRDA:3036,0,0,0
BRDA:3036,0,1,1
BRDA:3038,0,0,1
BRDA:3038,0,1,0
BRDA:3039,0,0,0
BRDA:3039,0,1,1
BRDA:3042,0,0,1
BRDA:3042,0,1,0
BRDA:3043,0,0,0
BRDA:3043,0,1,1
BRDA:3064,0,0,1
BRDA:3064,0,1,1
BRDA:3064,0,2,1
BRDA:3064,0,3,1
BRDA:3070,0,0,1
BRDA:3070,0,1,1
BRDA:3076,0,0,1
BRDA:3076,0,1,0
BRDA:3076,0,2,1
BRDA:3076,0,3,1
BRDA:3077,0,0,0
BRDA:3077,0,1,1
BRDA:3085,0,0,1
BRDA:3085,0,1,0
BRDA:3087,0,0,1
BRDA:3087,0,1,1
BRDA:3090,0,0,1
BRDA:3090,0,1,0
BRDA:3091,0,0,0
BRDA:3091,0,1,1
BRDA:3093,0,0,0
BRDA:3093,0,1,1
BRDA:3094,0,0,0
BRDA:3094,0,1,1
BRDA:3097,0,0,0
BRDA:3097,0,1,1
BRDA:3098,0,0,1
BRDA:3098,0,1,0
BRDA:3120,0,0,1
BRDA:3120,0,1,1
BRDA:3120,0,2,1
BRDA:3120,0,3,0
BRDA:3120,0,4,0
BRDA:3120,0,5,1
BRDA:3121,0,0,1
BRDA:3121,0,1,1
BRDA:3123,0,0,1
BRDA:3123,0,1,1
BRDA:3134,0,0,1
BRDA:3134,0,1,1
BRDA:3134,0,2,1
BRDA:3134,0,3,1
BRDA:3140,0,0,0
BRDA:3140,0,1,1
BRDA:3143,0,0,1
BRDA:3143,0,1,1
BRDA:3150,0,0,0
BRDA:3150,0,1,1
BRDA:3160,0,0,1
BRDA:3160,0,1,1
BRDA:3162,0,0,1
BRDA:3162,0,1,0
BRDA:3163,0,0,1
BRDA:3163,0,1,0
BRDA:3165,0,0,1
BRDA:3165,0,1,1
BRDA:3166,0,0,1
BRDA:3166,0,1,1
BRDA:3167,0,0,0
BRDA:3167,0,1,1
BRDA:3171,0,0,1
BRDA:3171,0,1,1
BRDA:3172,0,0,1
BRDA:3172,0,1,1
BRDA:3173,0,0,0
BRDA:3173,0,1,1
BRDA:3190,0,0,1
BRDA:3190,0,1,1
BRDA:3193,0,0,1
BRDA:3193,0,1,0
BRDA:3196,0,0,1
BRDA:3196,0,1,1
BRDA:3197,0,0,1
BRDA:3197,0,1,1
BRDA:3198,0,0,1
BRDA:3198,0,1,1
BRDA:3199,0,0,1
BRDA:3199,0,1,1
BRDA:3200,0,0,1
BRDA:3200,0,1,1
BRDA:3201,0,0,1
BRDA:3201,0,1,1
BRDA:3218,0,0,1
BRDA:3218,0,1,1
BRDA:3220,0,0,1
BRDA:3220,0,1,1
BRDA:3220,0,2,0
BRDA:3220,0,3,1
BRDA:3224,0,0,1
BRDA:3224,0,1,1
BRDA:3229,0,0,1
BRDA:3229,0,1,1
BRDA:3229,0,2,1
BRDA:3229,0,3,1
BRDA:3234,0,0,1
BRDA:3234,0,1,1
BRDA:3239,0,0,1
BRDA:3239,0,1,1
BRDA:3239,0,2,0
BRDA:3239,0,3,1
BRDA:3243,0,0,1
BRDA:3243,0,1,1
BRDA:3243,0,2,1
BRDA:3243,0,3,1
BRDA:3247,0,0,1
BRDA:3247,0,1,1
BRDA:3284,0,0,1
BRDA:3284,0,1,1
BRDA:3293,0,0,1
BRDA:3293,0,1,1
BRDA:3314,0,0,1
BRDA:3314,0,1,1
BRDA:3316,0,0,1
BRDA:3316,0,1,0
BRDA:3324,0,0,1
BRDA:3324,0,1,1
BRDA:3324,0,2,1
BRDA:3324,0,3,1
BRDA:3324,0,4,1
BRDA:3324,0,5,1
BRDA:3327,0,0,1
BRDA:3327,0,1,0
BRDA:3327,0,2,0
BRDA:3327,0,3,1
BRDA:3330,0,0,1
BRDA:3330,0,1,1
BRDA:3331,0,0,1
BRDA:3331,0,1,1
BRDA:3332,0,0,0
BRDA:3332,0,1,1
BRDA:3338,0,0,1
BRDA:3338,0,1,0
BRDA:3338,0,2,0
BRDA:3338,0,3,1
BRDA:3343,0,0,1
BRDA:3343,0,1,1
BRDA:3352,0,0,0
BRDA:3352,0,1,1
BRDA:3357,0,0,0
BRDA:3357,0,1,1
BRDA:3362,0,0,0
BRDA:3362,0,1,1
BRDA:3366,0,0,1
BRDA:3366,0,1,0
BRDA:3368,0,0,1
BRDA:3368,0,1,0
BRDA:3370,0,0,1
BRDA:3370,0,1,0
BRDA:3372,0,0,1
BRDA:3372,0,1,0
BRDA:3406,0,0,1
BRDA:3406,0,1,1
BRDA:3419,0,0,0
BRDA:3419,0,1,1
BRDA:3420,0,0,0
BRDA:3420,0,1,1
BRDA:3421,0,0,0
BRDA:3421,0,1,1
BRDA:3422,0,0,1
BRDA:3422,0,1,1
BRDA:3423,0,0,1
BRDA:3423,0,1,1
BRDA:3424,0,0,1
BRDA:3424,0,1,1
BRDA:3425,0,0,1
BRDA:3425,0,1,1
BRDA:3444,0,0,1
BRDA:3444,0,1,1
BRDA:3451,0,0,1
BRDA:3451,0,1,1
BRDA:3457,0,0,1
BRDA:3457,0,1,0
BRDA:3459,0,0,1
BRDA:3459,0,1,0
BRDA:3464,0,0,1
BRDA:3464,0,1,0
BRDA:3465,0,0,1
BRDA:3465,0,1,0
BRDA:3465,0,2,1
BRDA:3465,0,3,1
BRDA:3481,0,0,1
BRDA:3481,0,1,0
BRDA:3481,0,2,1
BRDA:3481,0,3,1
BRDA:3486,0,0,1
BRDA:3486,0,1,1
BRDA:3489,0,0,1
BRDA:3489,0,1,1
BRDA:3494,0,0,1
BRDA:3494,0,1,0
BRDA:3497,0,0,1
BRDA:3497,0,1,1
BRDA:3498,0,0,1
BRDA:3498,0,1,1
BRDA:3514,0,0,1
BRDA:3514,0,1,1
BRDA:3516,0,0,0
BRDA:3516,0,1,1
BRDA:3524,0,0,1
BRDA:3524,0,1,0
BRDA:3533,0,0,1
BRDA:3533,0,1,1
BRDA:3535,0,0,1
BRDA:3535,0,1,1
BRDA:3535,0,2,1
BRDA:3535,0,3,1
BRDA:3555,0,0,1
BRDA:3555,0,1,0
BRDA:3555,0,2,1
BRDA:3555,0,3,1
BRDA:3582,0,0,1
BRDA:3582,0,1,1
BRDA:3584,0,0,1
BRDA:3584,0,1,0
BRDA:3592,0,0,1
BRDA:3592,0,1,1
BRDA:3594,0,0,1
BRDA:3594,0,1,1
BRDA:3594,0,2,1
BRDA:3594,0,3,1
BRF:1361
BRH:1070
DA:147,1264
DA:148,1264
DA:149,1264
DA:150,1264
DA:151,1264
DA:152,1264
DA:153,1264
DA:154,1264
DA:155,1264
DA:157,657
DA:158,657
DA:159,655
DA:160,641
DA:161,24
DA:163,14
DA:164,657
DA:166,2
DA:167,2
DA:169,2
DA:170,2
DA:171,2
DA:172,2
DA:174,2
DA:175,2
DA:177,8
DA:178,8
DA:179,8
DA:180,8
DA:181,2
DA:182,2
DA:184,6
DA:185,2
DA:186,2
DA:188,4
DA:189,8
DA:191,12
DA:197,12
DA:201,10
DA:203,10
DA:204,10
DA:205,10
DA:206,10
DA:207,10
DA:208,10
DA:209,10
DA:211,12
DA:212,12
DA:213,12
DA:214,10
DA:216,10
DA:217,10
DA:225,10
DA:226,10
DA:227,12
DA:229,246
DA:230,246
DA:231,2
DA:234,244
DA:235,244
DA:236,244
DA:243,244
DA:244,244
DA:245,244
DA:246,244
DA:247,246
DA:249,246
DA:251,246
DA:261,246
DA:263,246
DA:275,16
DA:278,16
DA:279,14
DA:280,14
DA:281,60
DA:282,52
DA:283,54
DA:284,52
DA:285,2
DA:287,8
DA:288,16
DA:290,246
DA:291,246
DA:293,246
DA:294,246
DA:295,2
DA:298,2
DA:299,246
DA:310,246
DA:313,246
DA:314,246
DA:315,246
DA:318,224
DA:319,224
DA:321,224
DA:322,224
DA:323,18
DA:324,18
DA:325,224
DA:326,224
DA:328,280
DA:329,280
DA:330,280
DA:331,280
DA:332,35
DA:333,35
DA:334,35
DA:335,280
DA:337,20
DA:338,20
DA:340,20
DA:341,20
DA:343,20
DA:344,20
DA:345,8
DA:346,8
DA:347,20
DA:348,20
DA:349,20
DA:350,20
DA:356,186
DA:357,186
DA:358,186
DA:361,186
DA:362,186
DA:363,190
DA:364,4
DA:366,186
DA:367,186
DA:368,186
DA:369,186
DA:370,186
DA:372,186
DA:373,186
DA:374,186
DA:376,186
DA:377,186
DA:379,240
DA:380,240
DA:381,240
DA:384,240
DA:385,240
DA:386,240
DA:388,240
DA:389,240
DA:390,240
DA:391,240
DA:393,240
DA:394,240
DA:400,82
DA:401,82
DA:402,82
DA:405,82
DA:406,82
DA:407,82
DA:410,82
DA:411,2
DA:412,2
DA:415,82
DA:416,8
DA:417,8
DA:418,8
DA:420,4
DA:421,4
DA:422,2
DA:423,2
DA:424,4
DA:425,2
DA:426,2
DA:427,4
DA:430,2
DA:431,4
DA:432,2
DA:433,4
DA:434,2
DA:435,2
DA:437,2
DA:440,4
DA:441,2
DA:442,4
DA:443,2
DA:444,2
DA:446,8
DA:447,8
DA:448,8
DA:451,82
DA:452,24
DA:453,24
DA:454,24
DA:455,2
DA:456,2
DA:457,24
DA:458,2
DA:459,2
DA:460,22
DA:462,24
DA:463,2
DA:464,2
DA:465,24
DA:466,2
DA:467,2
DA:468,48
DA:469,24
DA:470,24
DA:471,24
DA:472,24
DA:475,82
DA:476,2
DA:477,2
DA:479,82
DA:480,82
DA:482,58
DA:483,58
DA:488,4
DA:489,16
DA:490,4
DA:491,12
DA:492,8
DA:493,6
DA:494,6
DA:495,2
DA:497,58
DA:499,34
DA:500,34
DA:502,34
DA:503,34
DA:505,34
DA:506,2
DA:507,4
DA:508,2
DA:512,32
DA:513,1702
DA:514,1682
DA:515,1682
DA:516,12
DA:517,24
DA:518,12
DA:520,1670
DA:523,20
DA:524,34
DA:526,8
DA:527,8
DA:528,290
DA:529,288
DA:530,6
DA:531,12
DA:532,6
DA:533,2
DA:535,4
DA:536,2
DA:538,2
DA:539,8
DA:545,12
DA:546,12
DA:547,12
DA:548,6
DA:549,2
DA:550,12
DA:552,12
DA:553,12
DA:554,12
DA:555,10
DA:556,8
DA:557,6
DA:558,2
DA:559,2
DA:560,12
DA:562,20
DA:563,20
DA:565,18
DA:566,18
DA:569,18
DA:570,18
DA:571,16
DA:572,16
DA:575,18
DA:576,18
DA:577,12
DA:578,18
DA:579,4
DA:580,4
DA:581,4
DA:582,2
DA:583,4
DA:584,2
DA:585,2
DA:586,4
DA:589,18
DA:590,18
DA:591,12
DA:592,12
DA:595,18
DA:596,18
DA:597,12
DA:598,12
DA:601,18
DA:602,18
DA:603,16
DA:604,16
DA:605,16
DA:606,24
DA:607,8
DA:608,8
DA:609,8
DA:610,8
DA:611,8
DA:612,8
DA:613,6
DA:614,6
DA:615,8
DA:617,8
DA:618,8
DA:619,8
DA:620,8
DA:621,8
DA:622,8
DA:623,18
DA:624,10
DA:625,10
DA:626,10
DA:627,10
DA:628,10
DA:629,8
DA:630,8
DA:631,8
DA:632,8
DA:633,16
DA:634,16
DA:637,18
DA:638,18
DA:639,14
DA:640,14
DA:641,14
DA:642,20
DA:643,6
DA:644,6
DA:645,6
DA:646,6
DA:647,6
DA:648,14
DA:649,14
DA:651,18
DA:652,20
DA:658,20
DA:659,20
DA:662,299
DA:666,299
DA:667,10
DA:670,289
DA:671,289
DA:673,289
DA:674,289
DA:685,289
DA:687,289
DA:696,289
DA:697,299
DA:699,293
DA:700,293
DA:702,289
DA:703,289
DA:704,289
DA:705,289
DA:706,289
DA:707,289
DA:709,289
DA:710,293
DA:712,26
DA:719,26
DA:720,24
DA:721,24
DA:722,4
DA:723,4
DA:724,4
DA:725,4
DA:726,4
DA:728,20
DA:729,16
DA:730,18
DA:731,12
DA:733,12
DA:735,8
DA:736,8
DA:745,8
DA:746,8
DA:747,8
DA:748,8
DA:749,8
DA:750,26
DA:752,140
DA:753,140
DA:754,138
DA:755,140
DA:761,68
DA:765,68
DA:766,12
DA:767,12
DA:770,56
DA:771,8
DA:772,8
DA:775,48
DA:776,51
DA:777,4
DA:778,2
DA:779,2
DA:784,46
DA:787,46
DA:796,46
DA:797,46
DA:808,46
DA:809,46
DA:812,46
DA:813,46
DA:815,46
DA:816,46
DA:817,46
DA:819,46
DA:820,46
DA:821,46
DA:825,46
DA:826,46
DA:827,46
DA:828,46
DA:829,46
DA:830,46
DA:831,46
DA:834,46
DA:836,46
DA:837,46
DA:839,46
DA:840,2
DA:841,2
DA:842,2
DA:843,2
DA:847,44
DA:848,44
DA:850,44
DA:851,18
DA:854,18
DA:855,18
DA:856,14
DA:857,14
DA:859,18
DA:860,18
DA:861,18
DA:862,18
DA:863,18
DA:867,26
DA:878,26
DA:879,26
DA:880,26
DA:883,26
DA:884,10
DA:885,10
DA:886,16
DA:889,26
DA:891,26
DA:892,68
DA:894,38
DA:895,38
DA:896,34
DA:897,34
DA:898,38
DA:900,12
DA:901,12
DA:902,12
DA:904,12
DA:905,12
DA:906,12
DA:907,12
DA:908,12
DA:909,12
DA:910,12
DA:911,12
DA:912,12
DA:913,12
DA:914,12
DA:915,12
DA:916,12
DA:917,12
DA:918,12
DA:919,12
DA:920,12
DA:921,12
DA:922,12
DA:923,12
DA:924,12
DA:925,12
DA:926,2
DA:927,2
DA:929,10
DA:930,10
DA:931,10
DA:932,2
DA:933,2
DA:934,2
DA:936,8
DA:943,8
DA:944,8
DA:945,8
DA:946,8
DA:947,8
DA:948,8
DA:949,12
DA:955,8
DA:956,8
DA:957,20
DA:958,14
DA:959,14
DA:961,6
DA:962,6
DA:963,6
DA:964,6
DA:965,6
DA:966,6
DA:967,6
DA:968,6
DA:969,8
DA:971,26
DA:972,26
DA:973,16
DA:974,16
DA:975,16
DA:976,16
DA:977,16
DA:978,16
DA:979,26
DA:980,26
DA:981,26
DA:983,14
DA:988,14
DA:989,14
DA:990,14
DA:992,14
DA:993,14
DA:994,14
DA:995,14
DA:996,14
DA:997,14
DA:999,22
DA:1000,20
DA:1001,20
DA:1002,8
DA:1003,8
DA:1004,8
DA:1005,8
DA:1006,8
DA:1007,8
DA:1008,8
DA:1009,6
DA:1010,6
DA:1017,6
DA:1018,6
DA:1019,6
DA:1027,6
DA:1034,6
DA:1035,6
DA:1036,6
DA:1037,2
DA:1041,14
DA:1048,14
DA:1057,14
DA:1058,14
DA:1059,14
DA:1060,14
DA:1062,14
DA:1063,14
DA:1064,40
DA:1065,26
DA:1066,26
DA:1067,14
DA:1068,14
DA:1070,8
DA:1071,8
DA:1072,8
DA:1073,2
DA:1074,2
DA:1075,2
DA:1076,8
DA:1077,2
DA:1078,2
DA:1079,2
DA:1080,8
DA:1081,4
DA:1082,4
DA:1083,4
DA:1084,8
DA:1085,2
DA:1086,2
DA:1087,2
DA:1088,8
DA:1089,2
DA:1090,2
DA:1091,2
DA:1092,8
DA:1093,2
DA:1094,2
DA:1095,2
DA:1096,8
DA:1099,34
DA:1100,34
DA:1101,34
DA:1102,34
DA:1103,16
DA:1104,16
DA:1105,16
DA:1106,34
DA:1107,34
DA:1108,34
DA:1109,8
DA:1110,8
DA:1111,8
DA:1112,34
DA:1113,2
DA:1114,2
DA:1115,2
DA:1116,34
DA:1119,16
DA:1120,16
DA:1121,16
DA:1122,16
DA:1123,16
DA:1124,16
DA:1125,16
DA:1126,16
DA:1127,16
DA:1128,16
DA:1129,16
DA:1132,20
DA:1133,20
DA:1134,20
DA:1141,20
DA:1142,20
DA:1143,20
DA:1145,20
DA:1146,20
DA:1147,40
DA:1148,20
DA:1149,20
DA:1150,20
DA:1151,20
DA:1152,20
DA:1154,14
DA:1155,14
DA:1156,14
DA:1157,14
DA:1158,14
DA:1160,20
DA:1161,20
DA:1162,18
DA:1163,18
DA:1170,18
DA:1171,18
DA:1172,18
DA:1173,20
DA:1174,20
DA:1175,20
DA:1177,18
DA:1182,18
DA:1183,18
DA:1190,18
DA:1191,18
DA:1192,18
DA:1193,18
DA:1194,18
DA:1195,18
DA:1196,18
DA:1197,18
DA:1199,8
DA:1200,8
DA:1201,2
DA:1202,2
DA:1203,2
DA:1204,2
DA:1205,8
DA:1207,4
DA:1212,4
DA:1213,4
DA:1214,4
DA:1216,4
DA:1217,8
DA:1218,4
DA:1219,4
DA:1220,4
DA:1221,4
DA:1231,4
DA:1232,6
DA:1233,4
DA:1234,4
DA:1235,4
DA:1236,2
DA:1237,2
DA:1238,2
DA:1239,2
DA:1241,2
DA:1242,2
DA:1243,2
DA:1244,2
DA:1245,2
DA:1246,2
DA:1247,2
DA:1248,2
DA:1249,2
DA:1250,2
DA:1252,2
DA:1253,2
DA:1254,2
DA:1255,4
DA:1257,2
DA:1258,2
DA:1259,2
DA:1260,2
DA:1261,2
DA:1262,2
DA:1264,18
DA:1268,18
DA:1269,18
DA:1270,18
DA:1271,18
DA:1272,32
DA:1273,18
DA:1274,2
DA:1275,2
DA:1276,2
DA:1277,2
DA:1278,2
DA:1280,16
DA:1281,17
DA:1282,2
DA:1283,2
DA:1284,2
DA:1285,2
DA:1287,14
DA:1288,2
DA:1289,2
DA:1290,2
DA:1292,12
DA:1293,12
DA:1294,12
DA:1302,28
DA:1303,16
DA:1304,2
DA:1305,2
DA:1306,2
DA:1307,2
DA:1308,2
DA:1310,14
DA:1311,14
DA:1312,14
DA:1313,14
DA:1314,14
DA:1315,14
DA:1316,14
DA:1317,14
DA:1318,14
DA:1319,14
DA:1320,14
DA:1321,14
DA:1322,14
DA:1323,14
DA:1324,14
DA:1325,14
DA:1326,12
DA:1327,12
DA:1328,14
DA:1329,2
DA:1330,2
DA:1331,2
DA:1333,12
DA:1334,12
DA:1335,12
DA:1336,18
DA:1338,26
DA:1343,26
DA:1344,6
DA:1345,6
DA:1347,20
DA:1348,8
DA:1349,8
DA:1353,12
DA:1354,2
DA:1355,2
DA:1358,10
DA:1359,10
DA:1360,10
DA:1361,10
DA:1362,10
DA:1363,10
DA:1364,10
DA:1365,10
DA:1367,10
DA:1368,10
DA:1369,4
DA:1370,4
DA:1371,4
DA:1372,4
DA:1373,4
DA:1375,10
DA:1376,10
DA:1377,2
DA:1378,2
DA:1381,8
DA:1391,8
DA:1392,8
DA:1403,8
DA:1417,8
DA:1418,8
DA:1419,26
DA:1431,32
DA:1432,32
DA:1433,32
DA:1435,32
DA:1436,2
DA:1439,2
DA:1441,30
DA:1442,32
DA:1447,32
DA:1448,32
DA:1449,32
DA:1451,32
DA:1452,32
DA:1453,32
DA:1455,32
DA:1456,4
DA:1457,4
DA:1459,32
DA:1460,8
DA:1461,8
DA:1462,8
DA:1464,4
DA:1465,4
DA:1466,2
DA:1467,2
DA:1468,4
DA:1469,2
DA:1470,2
DA:1471,4
DA:1474,2
DA:1475,4
DA:1476,2
DA:1477,4
DA:1478,2
DA:1479,2
DA:1481,2
DA:1483,4
DA:1484,2
DA:1485,4
DA:1486,2
DA:1487,2
DA:1489,8
DA:1490,8
DA:1491,8
DA:1493,32
DA:1494,4
DA:1495,4
DA:1496,4
DA:1497,2
DA:1498,2
DA:1499,4
DA:1500,2
DA:1501,2
DA:1502,4
DA:1503,4
DA:1504,4
DA:1505,4
DA:1506,4
DA:1507,4
DA:1508,8
DA:1509,4
DA:1510,4
DA:1511,4
DA:1512,4
DA:1514,32
DA:1515,4
DA:1516,4
DA:1518,32
DA:1519,32
DA:1521,44
DA:1527,44
DA:1528,6
DA:1529,6
DA:1532,38
DA:1533,4
DA:1534,4
DA:1537,34
DA:1541,34
DA:1544,37
DA:1545,4
DA:1546,2
DA:1547,2
DA:1549,32
DA:1558,32
DA:1559,32
DA:1570,32
DA:1571,32
DA:1573,32
DA:1574,32
DA:1575,32
DA:1578,32
DA:1579,32
DA:1580,32
DA:1582,32
DA:1583,32
DA:1584,32
DA:1585,32
DA:1586,32
DA:1587,32
DA:1588,32
DA:1589,32
DA:1592,32
DA:1594,32
DA:1595,32
DA:1597,32
DA:1598,4
DA:1599,2
DA:1600,2
DA:1601,2
DA:1603,4
DA:1611,28
DA:1612,28
DA:1614,28
DA:1615,14
DA:1616,14
DA:1617,14
DA:1620,14
DA:1621,44
DA:1627,22
DA:1631,22
DA:1633,20
DA:1637,20
DA:1640,20
DA:1641,20
DA:1642,10
DA:1643,4
DA:1646,4
DA:1647,4
DA:1648,10
DA:1649,4
DA:1652,4
DA:1653,4
DA:1654,10
DA:1655,4
DA:1658,4
DA:1659,4
DA:1660,10
DA:1661,4
DA:1664,4
DA:1665,4
DA:1666,10
DA:1669,20
DA:1672,20
DA:1673,20
DA:1675,20
DA:1676,20
DA:1678,20
DA:1679,20
DA:1680,20
DA:1681,20
DA:1682,20
DA:1683,20
DA:1686,20
DA:1687,20
DA:1689,20
DA:1690,2
DA:1691,2
DA:1692,2
DA:1696,18
DA:1697,18
DA:1699,18
DA:1700,2
DA:1701,2
DA:1702,2
DA:1703,2
DA:1707,16
DA:1708,16
DA:1710,16
DA:1711,2
DA:1712,2
DA:1715,14
DA:1716,2
DA:1717,2
DA:1718,2
DA:1722,12
DA:1732,12
DA:1733,12
DA:1745,16
DA:1746,4
DA:1747,4
DA:1748,4
DA:1749,4
DA:1750,4
DA:1751,4
DA:1752,4
DA:1754,12
DA:1755,12
DA:1756,22
DA:1758,28
DA:1762,28
DA:1763,4
DA:1764,4
DA:1767,24
DA:1769,24
DA:1780,24
DA:1781,24
DA:1782,24
DA:1783,2
DA:1784,2
DA:1788,22
DA:1791,22
DA:1792,22
DA:1794,22
DA:1795,22
DA:1797,22
DA:1798,22
DA:1799,22
DA:1800,22
DA:1801,22
DA:1802,22
DA:1805,22
DA:1806,22
DA:1808,22
DA:1809,2
DA:1810,2
DA:1811,2
DA:1815,20
DA:1816,20
DA:1818,20
DA:1819,2
DA:1820,2
DA:1821,2
DA:1822,2
DA:1826,18
DA:1827,18
DA:1829,18
DA:1830,2
DA:1831,2
DA:1834,16
DA:1835,16
DA:1837,16
DA:1838,2
DA:1839,2
DA:1841,16
DA:1842,28
DA:1844,22
DA:1849,22
DA:1850,6
DA:1851,6
DA:1854,16
DA:1855,16
DA:1856,2
DA:1857,2
DA:1860,14
DA:1862,14
DA:1863,14
DA:1865,14
DA:1875,14
DA:1883,14
DA:1884,2
DA:1885,2
DA:1886,2
DA:1888,12
DA:1890,12
DA:1892,12
DA:1893,12
DA:1895,12
DA:1896,12
DA:1897,12
DA:1898,12
DA:1899,12
DA:1900,12
DA:1902,12
DA:1903,12
DA:1905,12
DA:1906,2
DA:1907,2
DA:1908,2
DA:1911,10
DA:1912,10
DA:1914,10
DA:1915,2
DA:1916,2
DA:1917,2
DA:1918,2
DA:1921,8
DA:1922,8
DA:1924,8
DA:1925,2
DA:1926,2
DA:1929,6
DA:1930,2
DA:1931,2
DA:1932,2
DA:1935,4
DA:1936,4
DA:1946,4
DA:1947,4
DA:1948,2
DA:1958,2
DA:1960,10
DA:1961,6
DA:1962,6
DA:1964,4
DA:1965,4
DA:1966,4
DA:1967,4
DA:1969,4
DA:1970,4
DA:1971,4
DA:1972,4
DA:1974,4
DA:1975,4
DA:1976,2
DA:1977,2
DA:1978,4
DA:1980,4
DA:1981,4
DA:1982,22
DA:1984,16
DA:1985,16
DA:1987,16
DA:1988,4
DA:1989,4
DA:1990,4
DA:1992,10
DA:1993,14
DA:1994,8
DA:1995,8
DA:1996,6
DA:1997,6
DA:1998,4
DA:2000,8
DA:2001,4
DA:2002,4
DA:2003,4
DA:2004,4
DA:2006,12
DA:2007,12
DA:2008,16
DA:2010,6
DA:2011,6
DA:2013,10
DA:2014,6
DA:2015,6
DA:2016,6
DA:2018,4
DA:2019,4
DA:2020,6
DA:2022,18
DA:2023,18
DA:2025,14
DA:2026,14
DA:2028,16
DA:2029,4
DA:2030,2
DA:2031,2
DA:2032,2
DA:2033,2
DA:2034,14
DA:2036,16
DA:2037,2
DA:2038,2
DA:2039,14
DA:2041,14
DA:2042,18
DA:2048,30
DA:2051,30
DA:2053,28
DA:2057,28
DA:2060,28
DA:2063,28
DA:2064,28
DA:2066,28
DA:2067,28
DA:2069,28
DA:2070,28
DA:2071,28
DA:2072,28
DA:2073,28
DA:2074,28
DA:2077,28
DA:2078,28
DA:2080,28
DA:2081,2
DA:2082,2
DA:2083,2
DA:2087,26
DA:2088,26
DA:2090,26
DA:2091,6
DA:2092,6
DA:2093,6
DA:2094,6
DA:2098,20
DA:2099,20
DA:2101,20
DA:2102,2
DA:2103,2
DA:2107,18
DA:2108,18
DA:2109,2
DA:2110,2
DA:2111,2
DA:2113,16
DA:2114,16
DA:2115,2
DA:2116,2
DA:2117,2
DA:2121,14
DA:2122,14
DA:2123,2
DA:2124,2
DA:2125,2
DA:2127,12
DA:2128,12
DA:2129,2
DA:2130,2
DA:2131,2
DA:2133,10
DA:2134,10
DA:2135,2
DA:2136,2
DA:2137,2
DA:2141,8
DA:2142,8
DA:2143,2
DA:2144,2
DA:2145,2
DA:2147,6
DA:2148,6
DA:2149,2
DA:2150,2
DA:2151,2
DA:2154,4
DA:2164,4
DA:2165,4
DA:2166,4
DA:2167,4
DA:2169,4
DA:2170,4
DA:2171,30
DA:2173,6
DA:2174,6
DA:2175,4
DA:2176,6
DA:2182,6
DA:2183,6
DA:2186,138
DA:2187,138
DA:2188,8
DA:2190,130
DA:2191,138
DA:2193,24
DA:2194,24
DA:2195,20
DA:2196,12
DA:2197,6
DA:2198,24
DA:2200,58
DA:2201,58
DA:2202,8
DA:2204,50
DA:2205,58
DA:2207,48
DA:2208,48
DA:2209,8
DA:2211,40
DA:2212,48
DA:2214,24
DA:2215,24
DA:2216,8
DA:2218,16
DA:2219,24
DA:2221,28
DA:2222,28
DA:2223,26
DA:2224,22
DA:2225,12
DA:2226,8
DA:2227,4
DA:2228,28
DA:2230,108
DA:2231,108
DA:2232,6
DA:2233,6
DA:2234,4
DA:2235,4
DA:2236,6
DA:2237,4
DA:2238,6
DA:2239,16
DA:2240,8
DA:2241,16
DA:2242,8
DA:2243,10
DA:2244,8
DA:2245,6
DA:2247,108
DA:2254,300
DA:2255,300
DA:2256,300
DA:2257,1674
DA:2258,1374
DA:2259,1374
DA:2260,300
DA:2278,1032
DA:2279,1032
DA:2280,1032
DA:2281,732
DA:2282,1032
DA:2286,206
DA:2288,206
DA:2289,206
DA:2290,206
DA:2291,420
DA:2292,186
DA:2293,14
DA:2295,206
DA:2296,1190
DA:2297,1032
DA:2298,48
DA:2299,48
DA:2301,984
DA:2302,206
DA:2303,206
DA:2304,206
DA:2308,58
DA:2309,58
DA:2311,120
DA:2312,54
DA:2313,4
DA:2316,58
DA:2317,120
DA:2318,54
DA:2319,4
DA:2321,58
DA:2322,4
DA:2323,4
DA:2324,4
DA:2325,58
DA:2326,58
DA:2335,606
DA:2336,606
DA:2337,606
DA:2338,68
DA:2339,68
DA:2340,68
DA:2341,68
DA:2342,68
DA:2343,68
DA:2344,68
DA:2345,606
DA:2346,606
DA:2347,606
DA:2348,606
DA:2349,606
DA:2352,64
DA:2353,64
DA:2354,64
DA:2355,64
DA:2356,64
DA:2357,64
DA:2358,64
DA:2359,64
DA:2360,64
DA:2363,44
DA:2364,44
DA:2365,44
DA:2366,44
DA:2367,44
DA:2368,44
DA:2369,44
DA:2370,44
DA:2371,44
DA:2381,36
DA:2382,36
DA:2383,90
DA:2384,54
DA:2385,54
DA:2386,36
DA:2387,36
DA:2401,36
DA:2407,36
DA:2408,36
DA:2412,36
DA:2413,36
DA:2415,36
DA:2418,36
DA:2419,36
DA:2420,36
DA:2421,36
DA:2423,242
DA:2424,206
DA:2426,206
DA:2428,300
DA:2429,150
DA:2430,150
DA:2434,150
DA:2436,68
DA:2437,34
DA:2438,34
DA:2439,34
DA:2440,232
DA:2441,116
DA:2443,150
DA:2444,150
DA:2445,150
DA:2447,150
DA:2449,2
DA:2450,2
DA:2451,2
DA:2452,2
DA:2460,2
DA:2461,2
DA:2462,2
DA:2463,2
DA:2464,2
DA:2467,2
DA:2468,2
DA:2469,2
DA:2470,2
DA:2471,150
DA:2473,206
DA:2474,58
DA:2476,58
DA:2477,58
DA:2478,58
DA:2485,58
DA:2486,58
DA:2488,148
DA:2489,32
DA:2496,32
DA:2497,148
DA:2505,206
DA:2507,206
DA:2509,48
DA:2511,48
DA:2512,48
DA:2513,48
DA:2520,48
DA:2521,48
DA:2522,48
DA:2523,48
DA:2524,48
DA:2525,48
DA:2526,48
DA:2527,48
DA:2528,48
DA:2529,206
DA:2532,36
DA:2533,8
DA:2534,8
DA:2535,4
DA:2536,4
DA:2543,4
DA:2544,4
DA:2545,4
DA:2546,4
DA:2547,4
DA:2548,8
DA:2550,36
DA:2551,36
DA:2552,36
DA:2553,36
DA:2559,40
DA:2565,40
DA:2566,22
DA:2567,22
DA:2568,22
DA:2569,22
DA:2571,18
DA:2572,10
DA:2573,10
DA:2574,10
DA:2575,10
DA:2578,8
DA:2579,4
DA:2580,4
DA:2581,4
DA:2582,4
DA:2583,4
DA:2585,4
DA:2586,40
DA:2614,10
DA:2615,10
DA:2617,10
DA:2619,10
DA:2620,10
DA:2621,10
DA:2623,10
DA:2624,10
DA:2625,10
DA:2627,10
DA:2628,305838
DA:2629,305830
DA:2630,305830
DA:2631,305830
DA:2632,305830
DA:2634,305830
DA:2636,305828
DA:2637,305828
DA:2638,305828
DA:2639,305828
DA:2640,305828
DA:2641,305828
DA:2642,305820
DA:2643,305820
DA:2644,305820
DA:2645,305828
DA:2646,8
DA:2647,8
DA:2648,8
DA:2649,8
DA:2650,10
DA:2656,22
DA:2660,22
DA:2661,22
DA:2662,22
DA:2663,22
DA:2664,22
DA:2665,22
DA:2666,22
DA:2667,22
DA:2669,22
DA:2670,22
DA:2674,22
DA:2675,22
DA:2688,10
DA:2689,10
DA:2690,2
DA:2691,2
DA:2692,8
DA:2693,2
DA:2694,2
DA:2695,2
DA:2696,6
DA:2697,4
DA:2698,4
DA:2699,4
DA:2700,4
DA:2701,2
DA:2702,2
DA:2703,2
DA:2704,2
DA:2705,2
DA:2706,2
DA:2709,10
DA:2712,14
DA:2713,14
DA:2714,62
DA:2715,50
DA:2716,50
DA:2717,50
DA:2718,20
DA:2719,14
DA:2720,2
DA:2721,48
DA:2722,12
DA:2723,14
DA:2733,18
DA:2734,18
DA:2737,18
DA:2738,18
DA:2740,18
DA:2741,18
DA:2742,18
DA:2743,18
DA:2745,3660
DA:2746,3642
DA:2747,1560
DA:2748,1232
DA:2749,1232
DA:2752,2082
DA:2753,328
DA:2755,1754
DA:2756,12
DA:2757,12
DA:2759,10
DA:2761,2
DA:2762,2
DA:2763,2
DA:2764,2
DA:2765,2
DA:2766,2
DA:2767,2
DA:2773,8
DA:2775,2
DA:2776,2
DA:2777,2
DA:2779,6
DA:2780,6
DA:2784,1742
DA:2785,1742
DA:2787,18
DA:2788,18
DA:2789,18
DA:2795,16
DA:2799,16
DA:2800,16
DA:2802,16
DA:2803,16
DA:2805,16
DA:2806,16
DA:2807,16
DA:2809,68
DA:2810,56
DA:2811,56
DA:2813,56
DA:2814,56
DA:2815,56
DA:2817,56
DA:2818,52
DA:2819,52
DA:2821,6
DA:2822,2
DA:2823,2
DA:2824,4
DA:2825,4
DA:2826,4
DA:2828,52
DA:2829,52
DA:2830,52
DA:2831,52
DA:2832,52
DA:2833,52
DA:2834,52
DA:2836,12
DA:2837,12
DA:2838,16
DA:2844,30
DA:2849,30
DA:2850,4
DA:2851,4
DA:2853,26
DA:2854,2
DA:2855,2
DA:2858,24
DA:2859,24
DA:2863,24
DA:2864,2
DA:2866,2
DA:2867,22
DA:2871,25
DA:2872,2
DA:2873,2
DA:2874,2
DA:2876,22
DA:2885,22
DA:2886,22
DA:2896,22
DA:2899,22
DA:2900,22
DA:2902,22
DA:2903,22
DA:2904,22
DA:2906,22
DA:2907,22
DA:2908,22
DA:2909,22
DA:2910,22
DA:2911,22
DA:2912,22
DA:2913,22
DA:2915,22
DA:2916,22
DA:2917,22
DA:2919,22
DA:2920,2
DA:2921,2
DA:2922,2
DA:2925,20
DA:2926,20
DA:2928,20
DA:2929,2
DA:2930,2
DA:2931,2
DA:2932,2
DA:2933,2
DA:2934,2
DA:2935,2
DA:2936,2
DA:2937,2
DA:2942,18
DA:2943,18
DA:2944,18
DA:2955,18
DA:2956,18
DA:2958,18
DA:2959,2
DA:2960,2
DA:2963,16
DA:2964,16
DA:2975,16
DA:2976,16
DA:2977,16
DA:2978,16
DA:2979,16
DA:2980,16
DA:2981,16
DA:2982,16
DA:2983,16
DA:2984,16
DA:2985,16
DA:2986,16
DA:2988,16
DA:2989,16
DA:2990,14
DA:2991,14
DA:2992,16
DA:2993,16
DA:2994,2
DA:2995,2
DA:2997,16
DA:2998,16
DA:2999,16
DA:3000,30
DA:3003,28
DA:3007,28
DA:3008,24
DA:3013,24
DA:3014,2
DA:3017,22
DA:3018,22
DA:3019,22
DA:3020,2
DA:3021,2
DA:3024,20
DA:3028,52
DA:3030,32
DA:3031,32
DA:3034,32
DA:3035,32
DA:3036,32
DA:3037,32
DA:3038,32
DA:3039,32
DA:3042,32
DA:3043,32
DA:3044,32
DA:3046,20
DA:3047,20
DA:3048,20
DA:3057,28
DA:3060,20
DA:3064,20
DA:3065,16
DA:3070,16
DA:3071,2
DA:3074,14
DA:3075,14
DA:3076,14
DA:3077,2
DA:3078,2
DA:3081,12
DA:3085,12
DA:3087,34
DA:3089,22
DA:3090,22
DA:3091,22
DA:3092,22
DA:3093,22
DA:3094,22
DA:3097,22
DA:3098,22
DA:3099,22
DA:3101,12
DA:3102,12
DA:3103,12
DA:3112,20
DA:3115,14
DA:3120,14
DA:3121,12
DA:3123,10
DA:3124,2
DA:3126,8
DA:3127,14
DA:3130,8
DA:3134,8
DA:3136,4
DA:3137,4
DA:3138,4
DA:3139,4
DA:3140,4
DA:3142,4
DA:3143,4
DA:3144,2
DA:3145,2
DA:3147,2
DA:3148,2
DA:3149,2
DA:3150,2
DA:3153,2
DA:3154,8
DA:3157,30
DA:3160,30
DA:3162,28
DA:3163,28
DA:3165,28
DA:3166,94
DA:3167,76
DA:3168,76
DA:3169,18
DA:3170,18
DA:3171,28
DA:3172,116
DA:3173,108
DA:3174,108
DA:3175,8
DA:3176,8
DA:3178,28
DA:3179,30
DA:3189,26
DA:3190,26
DA:3192,24
DA:3193,24
DA:3194,24
DA:3196,24
DA:3197,12
DA:3198,10
DA:3199,8
DA:3200,6
DA:3201,4
DA:3202,2
DA:3203,26
DA:3205,44
DA:3218,44
DA:3220,42
DA:3221,2
DA:3222,2
DA:3224,40
DA:3225,2
DA:3227,2
DA:3229,38
DA:3230,4
DA:3232,4
DA:3234,34
DA:3235,2
DA:3237,2
DA:3239,32
DA:3240,2
DA:3241,2
DA:3243,30
DA:3244,2
DA:3245,2
DA:3247,28
DA:3248,2
DA:3249,2
DA:3252,26
DA:3256,26
DA:3259,26
DA:3262,26
DA:3263,26
DA:3265,26
DA:3275,26
DA:3276,26
DA:3277,26
DA:3280,26
DA:3281,26
DA:3282,26
DA:3284,26
DA:3285,2
DA:3286,2
DA:3287,2
DA:3288,2
DA:3291,26
DA:3292,26
DA:3293,26
DA:3294,26
DA:3295,26
DA:3298,26
DA:3299,26
DA:3301,26
DA:3302,26
DA:3303,26
DA:3304,26
DA:3305,26
DA:3306,26
DA:3307,26
DA:3310,26
DA:3311,26
DA:3312,26
DA:3314,26
DA:3315,2
DA:3316,2
DA:3317,2
DA:3321,24
DA:3322,24
DA:3324,24
DA:3325,4
DA:3326,4
DA:3327,4
DA:3328,4
DA:3329,4
DA:3330,4
DA:3331,4
DA:3332,4
DA:3333,4
DA:3337,20
DA:3338,20
DA:3339,20
DA:3340,20
DA:3341,20
DA:3343,20
DA:3344,2
DA:3345,2
DA:3349,18
DA:3351,18
DA:3352,18
DA:3353,18
DA:3354,18
DA:3356,18
DA:3357,18
DA:3358,18
DA:3359,18
DA:3361,18
DA:3362,18
DA:3363,18
DA:3364,18
DA:3365,18
DA:3366,18
DA:3367,18
DA:3368,18
DA:3369,18
DA:3370,18
DA:3371,18
DA:3372,18
DA:3374,18
DA:3375,18
DA:3376,44
DA:3378,40
DA:3387,80
DA:3388,40
DA:3391,4
DA:3401,8
DA:3402,4
DA:3405,8
DA:3406,8
DA:3407,6
DA:3412,6
DA:3413,6
DA:3414,6
DA:3415,6
DA:3416,6
DA:3417,6
DA:3418,6
DA:3419,6
DA:3420,6
DA:3421,6
DA:3422,6
DA:3423,6
DA:3424,6
DA:3425,6
DA:3426,6
DA:3427,8
DA:3429,14
DA:3431,14
DA:3432,14
DA:3433,14
DA:3434,14
DA:3435,14
DA:3436,14
DA:3437,14
DA:3438,14
DA:3439,14
DA:3440,14
DA:3441,14
DA:3442,14
DA:3443,14
DA:3444,14
DA:3445,2
DA:3446,2
DA:3447,2
DA:3449,12
DA:3450,12
DA:3451,12
DA:3452,2
DA:3453,2
DA:3454,2
DA:3455,2
DA:3457,10
DA:3458,10
DA:3459,10
DA:3460,10
DA:3461,14
DA:3463,12
DA:3464,12
DA:3465,12
DA:3466,2
DA:3467,2
DA:3469,10
DA:3470,10
DA:3479,10
DA:3480,10
DA:3481,10
DA:3482,2
DA:3483,2
DA:3485,8
DA:3486,8
DA:3487,6
DA:3488,6
DA:3489,6
DA:3490,6
DA:3491,12
DA:3493,6
DA:3494,6
DA:3495,6
DA:3496,6
DA:3497,6
DA:3498,4
DA:3499,2
DA:3500,2
DA:3501,2
DA:3503,2
DA:3508,2
DA:3509,2
DA:3514,4
DA:3515,2
DA:3516,2
DA:3517,2
DA:3518,2
DA:3519,2
DA:3520,6
DA:3522,4
DA:3523,2
DA:3524,2
DA:3525,2
DA:3526,2
DA:3527,2
DA:3529,20
DA:3533,20
DA:3535,18
DA:3536,4
DA:3537,4
DA:3540,14
DA:3542,14
DA:3553,14
DA:3554,14
DA:3555,14
DA:3556,2
DA:3557,2
DA:3561,12
DA:3564,12
DA:3565,12
DA:3567,12
DA:3568,12
DA:3570,12
DA:3571,12
DA:3572,12
DA:3573,12
DA:3574,12
DA:3575,12
DA:3576,12
DA:3579,12
DA:3580,12
DA:3582,12
DA:3583,2
DA:3584,2
DA:3585,2
DA:3589,10
DA:3590,10
DA:3592,10
DA:3594,10
DA:3595,6
DA:3598,4
DA:3599,4
DA:3600,4
DA:3601,20
LF:2064
LH:2064
end_of_record
