TN:
SF:/Applications/Xcode.app/Contents/Developer/Platforms/MacOSX.platform/Developer/SDKs/MacOSX.sdk/usr/include/libkern/arm/_OSByteOrder.h
FNL:0,50,55
FNA:0,8,_OSSwapInt16
FNF:1
FNH:1
DA:50,8
DA:55,8
LF:2
LH:2
end_of_record
TN:
SF:/Users/haminlee/Documents/GitHub/scope-for-sdk/typecast-sdk/typecast-c/src/cJSON.c
FNL:0,1006,1008
FNA:0,0,cJSON_AddItemToArray
FNL:1,1011,1043
FNA:1,598,add_item_to_object
FNL:2,102,117
FNA:2,2408,buffer_skip_whitespace
FNL:3,1045,1047
FNA:3,49,cJSON_AddItemToObject
FNL:4,1051,1057
FNA:4,0,cJSON_AddNullToObject
FNL:5,1059,1065
FNA:5,0,cJSON_AddTrueToObject
FNL:6,1067,1073
FNA:6,0,cJSON_AddFalseToObject
FNL:7,1075,1081
FNA:7,0,cJSON_AddBoolToObject
FNL:8,1083,1089
FNA:8,60,cJSON_AddNumberToObject
FNL:9,1091,1097
FNA:9,489,cJSON_AddStringToObject
FNL:10,1099,1105
FNA:10,0,cJSON_AddRawToObject
FNL:11,1107,1113
FNA:11,0,cJSON_AddObjectToObject
FNL:12,1115,1121
FNA:12,0,cJSON_AddArrayToObject
FNL:13,1124,1199
FNA:13,0,cJSON_Duplicate
FNL:14,119,121
FNA:14,0,get_decimal_point
FNL:15,1202,1240
FNA:15,0,cJSON_Minify
FNL:16,125,162
FNA:16,92,parse_number
FNL:17,165,236
FNA:17,560,parse_string
FNL:18,242,304
FNA:18,88,parse_array
FNL:19,307,385
FNA:19,168,parse_object
FNL:20,35,44
FNA:20,0,cJSON_InitHooks
FNL:21,388,445
FNA:21,552,parse_value
FNL:22,447,469
FNA:22,124,cJSON_ParseWithLength
FNL:23,46,48
FNA:23,0,cJSON_malloc
FNL:24,471,473
FNA:24,124,cJSON_Parse
FNL:25,486,505
FNA:25,2526,ensure
FNL:26,51,54
FNA:26,134,cJSON_free
FNL:27,516,536
FNA:27,60,print_number
FNL:28,538,540
FNA:28,489,print_string
FNL:29,543,605
FNA:29,1087,print_string_ptr
FNL:30,56,62
FNA:30,1284,cJSON_New_Item
FNL:31,607,639
FNA:31,0,print_array
FNL:32,641,680
FNA:32,183,print_object
FNL:33,65,86
FNA:33,633,cJSON_Delete
FNL:34,682,736
FNA:34,732,print_value
FNL:35,738,771
FNA:35,134,print
FNL:36,773,775
FNA:36,0,cJSON_Print
FNL:37,778,780
FNA:37,134,cJSON_PrintUnformatted
FNL:38,784,799
FNA:38,84,cJSON_GetArraySize
FNL:39,801,815
FNA:39,56,cJSON_GetArrayItem
FNL:40,817,845
FNA:40,356,get_object_item
FNL:41,847,849
FNA:41,356,cJSON_GetObjectItem
FNL:42,852,854
FNA:42,0,cJSON_GetObjectItemCaseSensitive
FNL:43,857,859
FNA:43,0,cJSON_HasObjectItem
FNL:44,863,863
FNA:44,0,cJSON_IsInvalid
FNL:45,864,864
FNA:45,0,cJSON_IsFalse
FNL:46,865,865
FNA:46,0,cJSON_IsTrue
FNL:47,866,866
FNA:47,0,cJSON_IsBool
FNL:48,867,867
FNA:48,0,cJSON_IsNull
FNL:49,868,868
FNA:49,56,cJSON_IsNumber
FNL:50,869,869
FNA:50,216,cJSON_IsString
FNL:51,870,870
FNA:51,100,cJSON_IsArray
FNL:52,871,871
FNA:52,92,cJSON_IsObject
FNL:53,872,872
FNA:53,0,cJSON_IsRaw
FNL:54,874,878
FNA:54,0,cJSON_GetStringValue
FNL:55,880,884
FNA:55,0,cJSON_GetNumberValue
FNL:56,887,891
FNA:56,0,cJSON_CreateNull
FNL:57,894,898
FNA:57,0,cJSON_CreateTrue
FNL:58,901,905
FNA:58,0,cJSON_CreateFalse
FNL:59,908,912
FNA:59,0,cJSON_CreateBool
FNL:60,915,924
FNA:60,60,cJSON_CreateNumber
FNL:61,927,945
FNA:61,489,cJSON_CreateString
FNL:62,947,965
FNA:62,0,cJSON_CreateRaw
FNL:63,967,971
FNA:63,0,cJSON_CreateArray
FNL:64,974,978
FNA:64,183,cJSON_CreateObject
FNL:65,982,1004
FNA:65,598,add_item_to_array
FNF:66
FNH:35
BRDA:37,0,0,-
BRDA:37,0,1,-
BRDA:42,0,0,-
BRDA:42,0,1,-
BRDA:43,0,0,-
BRDA:43,0,1,-
BRDA:59,0,0,0
BRDA:59,0,1,1
BRDA:68,0,0,1
BRDA:68,0,1,1
BRDA:71,0,0,1
BRDA:71,0,1,0
BRDA:71,0,2,1
BRDA:71,0,3,1
BRDA:75,0,0,1
BRDA:75,0,1,0
BRDA:75,0,2,1
BRDA:75,0,3,1
BRDA:79,0,0,1
BRDA:79,0,1,0
BRDA:79,0,2,1
BRDA:79,0,3,1
BRDA:104,0,0,1
BRDA:104,0,1,0
BRDA:104,0,2,1
BRDA:104,0,3,0
BRDA:106,0,0,1
BRDA:106,0,1,0
BRDA:106,0,2,0
BRDA:106,0,3,1
BRDA:106,0,4,0
BRDA:106,0,5,1
BRDA:111,0,0,1
BRDA:111,0,1,0
BRDA:132,0,0,1
BRDA:132,0,1,0
BRDA:132,0,2,0
BRDA:132,0,3,1
BRDA:134,0,0,0
BRDA:134,0,1,1
BRDA:134,0,2,0
BRDA:134,0,3,1
BRDA:134,0,4,1
BRDA:134,0,5,0
BRDA:136,0,0,1
BRDA:136,0,1,1
BRDA:136,0,2,0
BRDA:154,0,0,1
BRDA:154,0,1,0
BRDA:172,0,0,0
BRDA:172,0,1,1
BRDA:178,0,0,0
BRDA:178,0,1,1
BRDA:178,0,2,1
BRDA:178,0,3,1
BRDA:180,0,0,1
BRDA:180,0,1,0
BRDA:182,0,0,-
BRDA:182,0,1,-
BRDA:188,0,0,1
BRDA:188,0,1,0
BRDA:188,0,2,0
BRDA:188,0,3,1
BRDA:192,0,0,1
BRDA:192,0,1,0
BRDA:196,0,0,1
BRDA:196,0,1,1
BRDA:198,0,0,1
BRDA:198,0,1,0
BRDA:205,0,0,-
BRDA:205,0,1,-
BRDA:207,0,0,-
BRDA:207,0,1,-
BRDA:207,0,2,-
BRDA:207,0,3,-
BRDA:207,0,4,-
BRDA:207,0,5,-
BRDA:207,0,6,-
BRDA:207,0,7,-
BRDA:247,0,0,0
BRDA:247,0,1,1
BRDA:250,0,0,0
BRDA:250,0,1,1
BRDA:254,0,0,1
BRDA:254,0,1,0
BRDA:254,0,2,1
BRDA:254,0,3,0
BRDA:254,0,4,1
BRDA:254,0,5,1
BRDA:259,0,0,1
BRDA:259,0,1,0
BRDA:259,0,2,0
BRDA:259,0,3,1
BRDA:269,0,0,0
BRDA:269,0,1,1
BRDA:271,0,0,1
BRDA:271,0,1,1
BRDA:284,0,0,0
BRDA:284,0,1,1
BRDA:286,0,0,1
BRDA:286,0,1,1
BRDA:287,0,0,1
BRDA:287,0,1,0
BRDA:287,0,2,0
BRDA:287,0,3,1
BRDA:289,0,0,1
BRDA:289,0,1,0
BRDA:289,0,2,1
BRDA:289,0,3,0
BRDA:289,0,4,0
BRDA:289,0,5,1
BRDA:302,0,0,-
BRDA:302,0,1,-
BRDA:312,0,0,0
BRDA:312,0,1,1
BRDA:315,0,0,1
BRDA:315,0,1,0
BRDA:315,0,2,1
BRDA:315,0,3,0
BRDA:315,0,4,0
BRDA:315,0,5,1
BRDA:322,0,0,1
BRDA:322,0,1,0
BRDA:322,0,2,1
BRDA:322,0,3,0
BRDA:322,0,4,1
BRDA:322,0,5,1
BRDA:327,0,0,1
BRDA:327,0,1,0
BRDA:327,0,2,0
BRDA:327,0,3,1
BRDA:337,0,0,0
BRDA:337,0,1,1
BRDA:339,0,0,1
BRDA:339,0,1,1
BRDA:352,0,0,1
BRDA:352,0,1,0
BRDA:358,0,0,1
BRDA:358,0,1,0
BRDA:358,0,2,1
BRDA:358,0,3,0
BRDA:358,0,4,0
BRDA:358,0,5,1
BRDA:365,0,0,1
BRDA:365,0,1,0
BRDA:367,0,0,1
BRDA:367,0,1,1
BRDA:368,0,0,1
BRDA:368,0,1,0
BRDA:368,0,2,0
BRDA:368,0,3,1
BRDA:370,0,0,1
BRDA:370,0,1,0
BRDA:370,0,2,1
BRDA:370,0,3,0
BRDA:370,0,4,0
BRDA:370,0,5,1
BRDA:383,0,0,-
BRDA:383,0,1,-
BRDA:390,0,0,1
BRDA:390,0,1,0
BRDA:390,0,2,0
BRDA:390,0,3,1
BRDA:393,0,0,1
BRDA:393,0,1,0
BRDA:393,0,2,0
BRDA:393,0,3,1
BRDA:396,0,0,1
BRDA:396,0,1,0
BRDA:396,0,2,1
BRDA:396,0,3,1
BRDA:396,0,4,1
BRDA:396,0,5,0
BRDA:404,0,0,1
BRDA:404,0,1,0
BRDA:404,0,2,1
BRDA:404,0,3,1
BRDA:404,0,4,1
BRDA:404,0,5,0
BRDA:412,0,0,1
BRDA:412,0,1,0
BRDA:412,0,2,1
BRDA:412,0,3,1
BRDA:412,0,4,1
BRDA:412,0,5,0
BRDA:420,0,0,1
BRDA:420,0,1,0
BRDA:420,0,2,1
BRDA:420,0,3,0
BRDA:420,0,4,1
BRDA:420,0,5,1
BRDA:426,0,0,1
BRDA:426,0,1,0
BRDA:426,0,2,1
BRDA:426,0,3,0
BRDA:426,0,4,1
BRDA:426,0,5,0
BRDA:426,0,6,1
BRDA:426,0,7,1
BRDA:427,0,0,1
BRDA:427,0,1,0
BRDA:433,0,0,1
BRDA:433,0,1,0
BRDA:433,0,2,1
BRDA:433,0,3,0
BRDA:433,0,4,1
BRDA:433,0,5,1
BRDA:439,0,0,1
BRDA:439,0,1,0
BRDA:439,0,2,1
BRDA:439,0,3,0
BRDA:439,0,4,1
BRDA:439,0,5,1
BRDA:452,0,0,1
BRDA:452,0,1,0
BRDA:452,0,2,0
BRDA:452,0,3,1
BRDA:455,0,0,1
BRDA:455,0,1,0
BRDA:462,0,0,1
BRDA:462,0,1,1
BRDA:473,0,0,1
BRDA:473,0,1,0
BRDA:491,0,0,1
BRDA:491,0,1,0
BRDA:491,0,2,0
BRDA:491,0,3,1
BRDA:493,0,0,1
BRDA:493,0,1,0
BRDA:497,0,0,-
BRDA:497,0,1,-
BRDA:523,0,0,1
BRDA:523,0,1,0
BRDA:525,0,0,1
BRDA:525,0,1,0
BRDA:525,0,2,1
BRDA:525,0,3,1
BRDA:525,0,4,0
BRDA:525,0,5,1
BRDA:551,0,0,1
BRDA:551,0,1,0
BRDA:553,0,0,1
BRDA:553,0,1,1
BRDA:555,0,0,0
BRDA:555,0,1,1
BRDA:562,0,0,1
BRDA:562,0,1,0
BRDA:569,0,0,1
BRDA:569,0,1,0
BRDA:574,0,0,1
BRDA:574,0,1,1
BRDA:576,0,0,1
BRDA:576,0,1,0
BRDA:576,0,2,1
BRDA:576,0,3,0
BRDA:576,0,4,0
BRDA:576,0,5,1
BRDA:583,0,0,-
BRDA:583,0,1,-
BRDA:583,0,2,-
BRDA:583,0,3,-
BRDA:583,0,4,-
BRDA:583,0,5,-
BRDA:583,0,6,-
BRDA:583,0,7,-
BRDA:613,0,0,-
BRDA:613,0,1,-
BRDA:618,0,0,-
BRDA:618,0,1,-
BRDA:620,0,0,-
BRDA:620,0,1,-
BRDA:622,0,0,-
BRDA:622,0,1,-
BRDA:625,0,0,-
BRDA:625,0,1,-
BRDA:633,0,0,-
BRDA:633,0,1,-
BRDA:647,0,0,1
BRDA:647,0,1,0
BRDA:652,0,0,1
BRDA:652,0,1,1
BRDA:654,0,0,0
BRDA:654,0,1,1
BRDA:657,0,0,1
BRDA:657,0,1,0
BRDA:661,0,0,0
BRDA:661,0,1,1
BRDA:663,0,0,1
BRDA:663,0,1,1
BRDA:666,0,0,1
BRDA:666,0,1,0
BRDA:674,0,0,1
BRDA:674,0,1,0
BRDA:686,0,0,1
BRDA:686,0,1,0
BRDA:686,0,2,0
BRDA:686,0,3,1
BRDA:688,0,0,1
BRDA:688,0,1,1
BRDA:688,0,2,0
BRDA:688,0,3,0
BRDA:688,0,4,0
BRDA:688,0,5,0
BRDA:688,0,6,0
BRDA:688,0,7,0
BRDA:688,0,8,1
BRDA:692,0,0,-
BRDA:692,0,1,-
BRDA:699,0,0,-
BRDA:699,0,1,-
BRDA:706,0,0,-
BRDA:706,0,1,-
BRDA:716,0,0,-
BRDA:716,0,1,-
BRDA:718,0,0,-
BRDA:718,0,1,-
BRDA:742,0,0,1
BRDA:742,0,1,0
BRDA:754,0,0,1
BRDA:754,0,1,0
BRDA:765,0,0,0
BRDA:765,0,1,1
BRDA:789,0,0,1
BRDA:789,0,1,0
BRDA:792,0,0,1
BRDA:792,0,1,1
BRDA:805,0,0,1
BRDA:805,0,1,0
BRDA:805,0,2,1
BRDA:805,0,3,0
BRDA:808,0,0,0
BRDA:808,0,1,1
BRDA:808,0,2,1
BRDA:808,0,3,1
BRDA:821,0,0,1
BRDA:821,0,1,0
BRDA:821,0,2,0
BRDA:821,0,3,1
BRDA:824,0,0,0
BRDA:824,0,1,1
BRDA:826,0,0,-
BRDA:826,0,1,-
BRDA:826,0,2,-
BRDA:826,0,3,-
BRDA:826,0,4,-
BRDA:826,0,5,-
BRDA:834,0,0,1
BRDA:834,0,1,1
BRDA:834,0,2,1
BRDA:834,0,3,1
BRDA:836,0,0,1
BRDA:836,0,1,1
BRDA:863,0,0,-
BRDA:863,0,1,-
BRDA:864,0,0,-
BRDA:864,0,1,-
BRDA:865,0,0,-
BRDA:865,0,1,-
BRDA:866,0,0,-
BRDA:866,0,1,-
BRDA:866,0,2,-
BRDA:866,0,3,-
BRDA:867,0,0,-
BRDA:867,0,1,-
BRDA:868,0,0,1
BRDA:868,0,1,1
BRDA:869,0,0,1
BRDA:869,0,1,1
BRDA:870,0,0,1
BRDA:870,0,1,1
BRDA:871,0,0,1
BRDA:871,0,1,1
BRDA:872,0,0,-
BRDA:872,0,1,-
BRDA:876,0,0,-
BRDA:876,0,1,-
BRDA:882,0,0,-
BRDA:882,0,1,-
BRDA:890,0,0,-
BRDA:890,0,1,-
BRDA:897,0,0,-
BRDA:897,0,1,-
BRDA:904,0,0,-
BRDA:904,0,1,-
BRDA:911,0,0,-
BRDA:911,0,1,-
BRDA:918,0,0,0
BRDA:918,0,1,1
BRDA:930,0,0,0
BRDA:930,0,1,1
BRDA:934,0,0,1
BRDA:934,0,1,0
BRDA:950,0,0,-
BRDA:950,0,1,-
BRDA:954,0,0,-
BRDA:954,0,1,-
BRDA:970,0,0,-
BRDA:970,0,1,-
BRDA:977,0,0,0
BRDA:977,0,1,1
BRDA:986,0,0,1
BRDA:986,0,1,0
BRDA:986,0,2,1
BRDA:986,0,3,0
BRDA:986,0,4,0
BRDA:986,0,5,1
BRDA:989,0,0,1
BRDA:989,0,1,1
BRDA:997,0,0,1
BRDA:997,0,1,1
BRDA:1016,0,0,1
BRDA:1016,0,1,0
BRDA:1016,0,2,1
BRDA:1016,0,3,0
BRDA:1016,0,4,1
BRDA:1016,0,5,0
BRDA:1016,0,6,0
BRDA:1016,0,7,1
BRDA:1021,0,0,0
BRDA:1021,0,1,1
BRDA:1029,0,0,1
BRDA:1029,0,1,0
BRDA:1034,0,0,1
BRDA:1034,0,1,0
BRDA:1034,0,2,1
BRDA:1034,0,3,0
BRDA:1054,0,0,-
BRDA:1054,0,1,-
BRDA:1062,0,0,-
BRDA:1062,0,1,-
BRDA:1070,0,0,-
BRDA:1070,0,1,-
BRDA:1078,0,0,-
BRDA:1078,0,1,-
BRDA:1086,0,0,1
BRDA:1086,0,1,0
BRDA:1094,0,0,1
BRDA:1094,0,1,0
BRDA:1102,0,0,-
BRDA:1102,0,1,-
BRDA:1110,0,0,-
BRDA:1110,0,1,-
BRDA:1118,0,0,-
BRDA:1118,0,1,-
BRDA:1131,0,0,-
BRDA:1131,0,1,-
BRDA:1134,0,0,-
BRDA:1134,0,1,-
BRDA:1140,0,0,-
BRDA:1140,0,1,-
BRDA:1143,0,0,-
BRDA:1143,0,1,-
BRDA:1151,0,0,-
BRDA:1151,0,1,-
BRDA:1153,0,0,-
BRDA:1153,0,1,-
BRDA:1155,0,0,-
BRDA:1155,0,1,-
BRDA:1160,0,0,-
BRDA:1160,0,1,-
BRDA:1166,0,0,-
BRDA:1166,0,1,-
BRDA:1169,0,0,-
BRDA:1169,0,1,-
BRDA:1172,0,0,-
BRDA:1172,0,1,-
BRDA:1178,0,0,-
BRDA:1178,0,1,-
BRDA:1193,0,0,-
BRDA:1193,0,1,-
BRDA:1206,0,0,-
BRDA:1206,0,1,-
BRDA:1208,0,0,-
BRDA:1208,0,1,-
BRDA:1210,0,0,-
BRDA:1210,0,1,-
BRDA:1210,0,2,-
BRDA:1210,0,3,-
BRDA:1210,0,4,-
BRDA:1210,0,5,-
BRDA:1210,0,6,-
BRDA:1210,0,7,-
BRDA:1214,0,0,-
BRDA:1214,0,1,-
BRDA:1214,0,2,-
BRDA:1214,0,3,-
BRDA:1216,0,0,-
BRDA:1216,0,1,-
BRDA:1216,0,2,-
BRDA:1216,0,3,-
BRDA:1218,0,0,-
BRDA:1218,0,1,-
BRDA:1218,0,2,-
BRDA:1218,0,3,-
BRDA:1220,0,0,-
BRDA:1220,0,1,-
BRDA:1220,0,2,-
BRDA:1220,0,3,-
BRDA:1220,0,4,-
BRDA:1220,0,5,-
BRDA:1223,0,0,-
BRDA:1223,0,1,-
BRDA:1226,0,0,-
BRDA:1226,0,1,-
BRDA:1226,0,2,-
BRDA:1226,0,3,-
BRDA:1228,0,0,-
BRDA:1228,0,1,-
BRDA:1231,0,0,-
BRDA:1231,0,1,-
BRF:510
BRH:204
DA:35,0
DA:37,0
DA:38,0
DA:39,0
DA:40,0
DA:42,0
DA:43,0
DA:44,0
DA:46,0
DA:48,0
DA:51,134
DA:53,134
DA:54,134
DA:56,1284
DA:58,1284
DA:59,1284
DA:60,1284
DA:61,1284
DA:62,1284
DA:65,633
DA:67,633
DA:68,1917
DA:70,1284
DA:71,1284
DA:73,375
DA:74,375
DA:75,1284
DA:77,677
DA:78,677
DA:79,1284
DA:81,970
DA:82,970
DA:83,1284
DA:84,1284
DA:86,633
DA:102,2408
DA:104,2408
DA:106,2408
DA:108,0
DA:111,2408
DA:113,0
DA:114,0
DA:116,2408
DA:117,2408
DA:119,0
DA:121,0
DA:125,92
DA:127,92
DA:128,92
DA:130,92
DA:132,92
DA:134,432
DA:136,216
DA:141,124
DA:142,124
DA:144,0
DA:145,0
DA:147,92
DA:149,124
DA:151,92
DA:153,92
DA:154,92
DA:156,92
DA:157,92
DA:158,92
DA:159,92
DA:161,92
DA:162,92
DA:165,560
DA:167,560
DA:168,560
DA:169,560
DA:170,560
DA:172,560
DA:176,560
DA:177,560
DA:178,4652
DA:180,4092
DA:182,0
DA:183,0
DA:184,0
DA:185,0
DA:186,4092
DA:188,560
DA:190,560
DA:191,560
DA:192,560
DA:195,560
DA:196,4652
DA:198,4092
DA:200,4092
DA:201,4092
DA:204,0
DA:205,0
DA:207,0
DA:209,0
DA:210,0
DA:211,0
DA:212,0
DA:213,0
DA:215,0
DA:216,0
DA:219,0
DA:220,0
DA:221,0
DA:223,0
DA:224,0
DA:226,0
DA:230,560
DA:231,560
DA:232,560
DA:233,560
DA:235,560
DA:236,560
DA:242,88
DA:244,88
DA:245,88
DA:247,88
DA:248,88
DA:250,88
DA:252,88
DA:253,88
DA:254,88
DA:256,52
DA:259,36
DA:261,0
DA:262,0
DA:265,36
DA:266,36
DA:268,56
DA:269,56
DA:271,56
DA:273,36
DA:274,36
DA:277,20
DA:278,20
DA:279,20
DA:282,56
DA:283,56
DA:284,56
DA:285,56
DA:286,112
DA:287,56
DA:289,36
DA:291,0
DA:295,88
DA:296,88
DA:297,88
DA:298,88
DA:299,88
DA:302,0
DA:303,0
DA:304,88
DA:307,168
DA:309,168
DA:310,168
DA:312,168
DA:313,168
DA:315,168
DA:317,0
DA:320,168
DA:321,168
DA:322,168
DA:324,12
DA:327,156
DA:329,0
DA:330,0
DA:333,156
DA:334,156
DA:336,372
DA:337,372
DA:339,372
DA:341,156
DA:342,156
DA:345,216
DA:346,216
DA:347,216
DA:350,372
DA:351,372
DA:352,372
DA:353,372
DA:355,372
DA:356,372
DA:358,372
DA:360,0
DA:363,372
DA:364,372
DA:365,372
DA:366,372
DA:367,744
DA:368,372
DA:370,156
DA:372,0
DA:376,168
DA:377,168
DA:378,168
DA:379,168
DA:380,168
DA:383,0
DA:384,0
DA:385,168
DA:388,552
DA:390,552
DA:392,552
DA:393,552
DA:396,552
DA:398,0
DA:399,0
DA:400,0
DA:404,552
DA:406,0
DA:407,0
DA:408,0
DA:412,552
DA:414,0
DA:415,0
DA:416,0
DA:420,552
DA:422,188
DA:426,728
DA:427,364
DA:429,92
DA:433,272
DA:435,88
DA:439,184
DA:441,168
DA:444,16
DA:445,552
DA:447,124
DA:449,124
DA:450,124
DA:452,124
DA:454,124
DA:455,124
DA:457,124
DA:458,124
DA:459,124
DA:460,124
DA:462,124
DA:464,16
DA:465,16
DA:468,108
DA:469,124
DA:471,124
DA:473,124
DA:486,2526
DA:488,2526
DA:489,2526
DA:491,2526
DA:493,2526
DA:495,0
DA:496,0
DA:497,0
DA:499,0
DA:500,0
DA:501,0
DA:502,0
DA:504,0
DA:505,2526
DA:516,60
DA:518,60
DA:519,60
DA:520,60
DA:522,60
DA:523,60
DA:525,60
DA:527,53
DA:528,53
DA:531,7
DA:534,60
DA:535,60
DA:536,60
DA:538,489
DA:540,489
DA:543,1087
DA:545,1087
DA:546,1087
DA:547,1087
DA:548,1087
DA:549,1087
DA:551,1087
DA:553,8048
DA:555,6961
DA:559,0
DA:560,0
DA:562,6961
DA:563,6961
DA:565,6961
DA:566,1087
DA:568,1087
DA:569,1087
DA:571,1087
DA:572,1087
DA:574,8048
DA:576,6961
DA:578,6961
DA:579,6961
DA:582,0
DA:583,0
DA:585,0
DA:586,0
DA:587,0
DA:588,0
DA:589,0
DA:590,0
DA:591,0
DA:593,0
DA:594,0
DA:595,0
DA:598,6961
DA:600,1087
DA:601,1087
DA:602,1087
DA:604,1087
DA:605,1087
DA:607,0
DA:609,0
DA:610,0
DA:612,0
DA:613,0
DA:614,0
DA:615,0
DA:616,0
DA:618,0
DA:620,0
DA:622,0
DA:624,0
DA:625,0
DA:626,0
DA:627,0
DA:628,0
DA:629,0
DA:632,0
DA:633,0
DA:634,0
DA:635,0
DA:636,0
DA:638,0
DA:639,0
DA:641,183
DA:643,183
DA:644,183
DA:646,183
DA:647,183
DA:648,183
DA:649,183
DA:650,183
DA:652,781
DA:654,598
DA:656,598
DA:657,598
DA:658,598
DA:659,598
DA:661,598
DA:663,598
DA:665,415
DA:666,415
DA:667,415
DA:668,415
DA:669,415
DA:670,598
DA:673,183
DA:674,183
DA:675,183
DA:676,183
DA:677,183
DA:679,183
DA:680,183
DA:682,732
DA:684,732
DA:686,732
DA:688,732
DA:691,0
DA:692,0
DA:693,0
DA:694,0
DA:695,0
DA:698,0
DA:699,0
DA:700,0
DA:701,0
DA:702,0
DA:705,0
DA:706,0
DA:707,0
DA:708,0
DA:709,0
DA:712,60
DA:716,0
DA:717,0
DA:718,0
DA:719,0
DA:720,0
DA:721,0
DA:725,489
DA:728,0
DA:731,183
DA:734,0
DA:736,732
DA:738,134
DA:740,134
DA:741,134
DA:742,134
DA:747,134
DA:749,134
DA:750,134
DA:751,134
DA:752,134
DA:754,134
DA:756,0
DA:757,0
DA:765,134
DA:767,134
DA:768,134
DA:770,134
DA:771,134
DA:773,0
DA:775,0
DA:778,134
DA:780,134
DA:784,84
DA:786,84
DA:787,84
DA:789,84
DA:791,84
DA:792,140
DA:794,56
DA:795,56
DA:798,84
DA:799,84
DA:801,56
DA:803,56
DA:805,56
DA:807,56
DA:808,80
DA:810,24
DA:811,24
DA:814,56
DA:815,56
DA:817,356
DA:819,356
DA:821,356
DA:823,356
DA:824,356
DA:826,0
DA:827,0
DA:829,0
DA:831,0
DA:834,828
DA:836,772
DA:838,300
DA:840,472
DA:844,356
DA:845,356
DA:847,356
DA:849,356
DA:852,0
DA:854,0
DA:857,0
DA:859,0
DA:863,0
DA:864,0
DA:865,0
DA:866,0
DA:867,0
DA:868,56
DA:869,216
DA:870,100
DA:871,92
DA:872,0
DA:874,0
DA:876,0
DA:877,0
DA:878,0
DA:880,0
DA:882,0
DA:883,0
DA:884,0
DA:887,0
DA:889,0
DA:890,0
DA:891,0
DA:894,0
DA:896,0
DA:897,0
DA:898,0
DA:901,0
DA:903,0
DA:904,0
DA:905,0
DA:908,0
DA:910,0
DA:911,0
DA:912,0
DA:915,60
DA:917,60
DA:918,60
DA:920,60
DA:921,60
DA:922,60
DA:923,60
DA:924,60
DA:927,489
DA:929,489
DA:930,489
DA:932,489
DA:933,489
DA:934,489
DA:936,489
DA:937,489
DA:940,0
DA:941,0
DA:943,489
DA:944,489
DA:945,489
DA:947,0
DA:949,0
DA:950,0
DA:952,0
DA:953,0
DA:954,0
DA:956,0
DA:957,0
DA:960,0
DA:961,0
DA:963,0
DA:964,0
DA:965,0
DA:967,0
DA:969,0
DA:970,0
DA:971,0
DA:974,183
DA:976,183
DA:977,183
DA:978,183
DA:982,598
DA:984,598
DA:986,598
DA:988,598
DA:989,598
DA:991,183
DA:992,183
DA:993,183
DA:994,183
DA:997,762
DA:998,415
DA:999,415
DA:1000,415
DA:1003,598
DA:1004,598
DA:1006,0
DA:1008,0
DA:1011,598
DA:1013,598
DA:1014,598
DA:1016,598
DA:1018,0
DA:1021,598
DA:1023,0
DA:1024,0
DA:1025,0
DA:1028,598
DA:1029,598
DA:1030,598
DA:1031,598
DA:1034,598
DA:1036,0
DA:1037,0
DA:1039,598
DA:1040,598
DA:1042,598
DA:1043,598
DA:1045,49
DA:1047,49
DA:1051,0
DA:1053,0
DA:1054,0
DA:1055,0
DA:1056,0
DA:1057,0
DA:1059,0
DA:1061,0
DA:1062,0
DA:1063,0
DA:1064,0
DA:1065,0
DA:1067,0
DA:1069,0
DA:1070,0
DA:1071,0
DA:1072,0
DA:1073,0
DA:1075,0
DA:1077,0
DA:1078,0
DA:1079,0
DA:1080,0
DA:1081,0
DA:1083,60
DA:1085,60
DA:1086,60
DA:1087,0
DA:1088,0
DA:1089,60
DA:1091,489
DA:1093,489
DA:1094,489
DA:1095,0
DA:1096,0
DA:1097,489
DA:1099,0
DA:1101,0
DA:1102,0
DA:1103,0
DA:1104,0
DA:1105,0
DA:1107,0
DA:1109,0
DA:1110,0
DA:1111,0
DA:1112,0
DA:1113,0
DA:1115,0
DA:1117,0
DA:1118,0
DA:1119,0
DA:1120,0
DA:1121,0
DA:1124,0
DA:1126,0
DA:1127,0
DA:1128,0
DA:1129,0
DA:1131,0
DA:1133,0
DA:1134,0
DA:1136,0
DA:1137,0
DA:1138,0
DA:1140,0
DA:1142,0
DA:1143,0
DA:1145,0
DA:1146,0
DA:1148,0
DA:1149,0
DA:1151,0
DA:1153,0
DA:1154,0
DA:1155,0
DA:1157,0
DA:1158,0
DA:1160,0
DA:1162,0
DA:1163,0
DA:1164,0
DA:1166,0
DA:1168,0
DA:1169,0
DA:1171,0
DA:1172,0
DA:1174,0
DA:1175,0
DA:1178,0
DA:1180,0
DA:1181,0
DA:1182,0
DA:1183,0
DA:1186,0
DA:1187,0
DA:1190,0
DA:1193,0
DA:1195,0
DA:1196,0
DA:1198,0
DA:1199,0
DA:1202,0
DA:1204,0
DA:1206,0
DA:1208,0
DA:1210,0
DA:1212,0
DA:1213,0
DA:1214,0
DA:1216,0
DA:1217,0
DA:1218,0
DA:1220,0
DA:1221,0
DA:1222,0
DA:1223,0
DA:1225,0
DA:1226,0
DA:1228,0
DA:1229,0
DA:1231,0
DA:1232,0
DA:1235,0
DA:1239,0
DA:1240,0
LF:701
LH:387
end_of_record
TN:
SF:/Users/haminlee/Documents/GitHub/scope-for-sdk/typecast-sdk/typecast-c/src/typecast.c
FNL:0,1041,1065
FNA:0,16,typecast_voices_response_free
FNL:1,1067,1087
FNA:1,14,typecast_voice_free
FNL:2,1093,1218
FNA:2,30,typecast_get_my_subscription
FNL:3,120,128
FNA:3,468,strdup_safe
FNL:4,1220,1223
FNA:4,6,typecast_subscription_free
FNL:5,1229,1230
FNA:5,6,typecast_version
FNL:6,1233,1238
FNA:6,88,typecast_model_to_string
FNL:7,1240,1245
FNA:7,24,typecast_model_from_string
FNL:8,1247,1252
FNA:8,58,typecast_emotion_to_string
FNL:9,1254,1259
FNA:9,26,typecast_audio_format_to_string
FNL:10,1261,1266
FNA:10,24,typecast_plan_tier_to_string
FNL:11,1268,1275
FNA:11,28,typecast_plan_tier_from_string
FNL:12,1277,1294
FNA:12,98,typecast_error_message
FNL:13,130,138
FNA:13,102,set_error
FNL:14,140,147
FNA:14,130,clear_error
FNL:15,153,174
FNA:15,88,write_callback
FNL:16,176,191
FNA:16,132,header_callback
FNL:17,197,274
FNA:17,34,build_tts_request_json
FNL:18,276,291
FNA:18,40,http_status_to_error
FNL:19,293,318
FNA:19,16,parse_duration_header
FNL:20,324,329
FNA:20,12,parse_gender
FNL:21,331,339
FNA:21,12,parse_age
FNL:22,341,423
FNA:22,16,parse_voice_json
FNL:23,429,430
FNA:23,18,typecast_client_create
FNL:24,433,468
FNA:24,168,typecast_client_create_with_host
FNL:25,470,479
FNA:25,164,typecast_client_destroy
FNL:26,481,484
FNA:26,104,typecast_client_get_error
FNL:27,490,626
FNA:27,54,typecast_text_to_speech
FNL:28,628,632
FNA:28,20,typecast_tts_response_free
FNL:29,644,655
FNA:29,30,stream_write_callback
FNL:30,660,728
FNA:30,30,build_tts_stream_request_json
FNL:31,730,828
FNA:31,40,typecast_text_to_speech_stream
FNL:32,834,965
FNA:32,22,typecast_get_voices
FNL:33,967,1039
FNA:33,22,typecast_get_voice
FNF:34
FNH:34
BRDA:121,0,0,1
BRDA:121,0,1,0
BRDA:124,0,0,0
BRDA:124,0,1,1
BRDA:131,0,0,1
BRDA:131,0,1,0
BRDA:134,0,0,1
BRDA:134,0,1,1
BRDA:137,0,0,1
BRDA:137,0,1,0
BRDA:141,0,0,1
BRDA:141,0,1,0
BRDA:143,0,0,1
BRDA:143,0,1,1
BRDA:158,0,0,0
BRDA:158,0,1,1
BRDA:159,0,0,0
BRDA:159,0,1,1
BRDA:160,0,0,1
BRDA:160,0,1,1
BRDA:164,0,0,1
BRDA:164,0,1,0
BRDA:183,0,0,1
BRDA:183,0,1,0
BRDA:199,0,0,1
BRDA:199,0,1,0
BRDA:207,0,0,1
BRDA:207,0,1,1
BRDA:212,0,0,1
BRDA:212,0,1,1
BRDA:214,0,0,0
BRDA:214,0,1,1
BRDA:215,0,0,1
BRDA:215,0,1,0
BRDA:215,0,2,1
BRDA:215,0,3,1
BRDA:218,0,0,1
BRDA:218,0,1,1
BRDA:221,0,0,1
BRDA:221,0,1,1
BRDA:248,0,0,1
BRDA:248,0,1,1
BRDA:250,0,0,0
BRDA:250,0,1,1
BRDA:251,0,0,1
BRDA:251,0,1,1
BRDA:256,0,0,1
BRDA:256,0,1,1
BRDA:259,0,0,1
BRDA:259,0,1,0
BRDA:259,0,2,1
BRDA:259,0,3,1
BRDA:269,0,0,1
BRDA:269,0,1,1
BRDA:277,0,0,0
BRDA:277,0,1,1
BRDA:277,0,2,1
BRDA:277,0,3,1
BRDA:277,0,4,1
BRDA:277,0,5,1
BRDA:277,0,6,1
BRDA:277,0,7,1
BRDA:277,0,8,1
BRDA:294,0,0,1
BRDA:294,0,1,0
BRDA:299,0,0,1
BRDA:299,0,1,1
BRDA:301,0,0,1
BRDA:301,0,1,1
BRDA:307,0,0,1
BRDA:307,0,1,1
BRDA:308,0,0,1
BRDA:308,0,1,0
BRDA:308,0,2,1
BRDA:308,0,3,1
BRDA:311,0,0,1
BRDA:311,0,1,1
BRDA:325,0,0,1
BRDA:325,0,1,0
BRDA:326,0,0,1
BRDA:326,0,1,1
BRDA:327,0,0,1
BRDA:327,0,1,1
BRDA:332,0,0,1
BRDA:332,0,1,0
BRDA:333,0,0,1
BRDA:333,0,1,1
BRDA:334,0,0,1
BRDA:334,0,1,1
BRDA:335,0,0,1
BRDA:335,0,1,1
BRDA:336,0,0,1
BRDA:336,0,1,1
BRDA:337,0,0,1
BRDA:337,0,1,0
BRDA:342,0,0,1
BRDA:342,0,1,0
BRDA:342,0,2,1
BRDA:342,0,3,1
BRDA:345,0,0,1
BRDA:345,0,1,0
BRDA:349,0,0,1
BRDA:349,0,1,1
BRDA:355,0,0,1
BRDA:355,0,1,1
BRDA:361,0,0,1
BRDA:361,0,1,1
BRDA:367,0,0,1
BRDA:367,0,1,1
BRDA:373,0,0,1
BRDA:373,0,1,1
BRDA:376,0,0,0
BRDA:376,0,1,1
BRDA:377,0,0,1
BRDA:377,0,1,1
BRDA:379,0,0,0
BRDA:379,0,1,1
BRDA:381,0,0,1
BRDA:381,0,1,0
BRDA:383,0,0,1
BRDA:383,0,1,1
BRDA:389,0,0,1
BRDA:389,0,1,0
BRDA:393,0,0,1
BRDA:393,0,1,0
BRDA:394,0,0,1
BRDA:394,0,1,1
BRDA:396,0,0,0
BRDA:396,0,1,1
BRDA:409,0,0,1
BRDA:409,0,1,1
BRDA:412,0,0,0
BRDA:412,0,1,1
BRDA:413,0,0,1
BRDA:413,0,1,1
BRDA:415,0,0,0
BRDA:415,0,1,1
BRDA:437,0,0,1
BRDA:437,0,1,1
BRDA:437,0,2,1
BRDA:437,0,3,1
BRDA:442,0,0,1
BRDA:442,0,1,0
BRDA:445,0,0,1
BRDA:445,0,1,1
BRDA:471,0,0,1
BRDA:471,0,1,1
BRDA:473,0,0,0
BRDA:473,0,1,1
BRDA:474,0,0,0
BRDA:474,0,1,1
BRDA:475,0,0,1
BRDA:475,0,1,1
BRDA:476,0,0,0
BRDA:476,0,1,1
BRDA:482,0,0,1
BRDA:482,0,1,1
BRDA:494,0,0,1
BRDA:494,0,1,1
BRDA:494,0,2,1
BRDA:494,0,3,1
BRDA:495,0,0,1
BRDA:495,0,1,1
BRDA:499,0,0,1
BRDA:499,0,1,1
BRDA:499,0,2,1
BRDA:499,0,3,1
BRDA:566,0,0,1
BRDA:566,0,1,1
BRDA:568,0,0,1
BRDA:568,0,1,0
BRDA:569,0,0,1
BRDA:569,0,1,0
BRDA:577,0,0,1
BRDA:577,0,1,1
BRDA:582,0,0,1
BRDA:582,0,1,1
BRDA:582,0,2,0
BRDA:582,0,3,1
BRDA:584,0,0,1
BRDA:584,0,1,1
BRDA:586,0,0,1
BRDA:586,0,1,1
BRDA:593,0,0,1
BRDA:593,0,1,1
BRDA:594,0,0,1
BRDA:594,0,1,1
BRDA:595,0,0,1
BRDA:595,0,1,1
BRDA:596,0,0,0
BRDA:596,0,1,1
BRDA:617,0,0,1
BRDA:617,0,1,1
BRDA:623,0,0,0
BRDA:623,0,1,1
BRDA:629,0,0,1
BRDA:629,0,1,1
BRDA:630,0,0,0
BRDA:630,0,1,1
BRDA:648,0,0,1
BRDA:648,0,1,1
BRDA:662,0,0,1
BRDA:662,0,1,0
BRDA:668,0,0,1
BRDA:668,0,1,1
BRDA:672,0,0,1
BRDA:672,0,1,1
BRDA:674,0,0,0
BRDA:674,0,1,1
BRDA:675,0,0,1
BRDA:675,0,1,0
BRDA:675,0,2,1
BRDA:675,0,3,1
BRDA:678,0,0,1
BRDA:678,0,1,1
BRDA:681,0,0,1
BRDA:681,0,1,1
BRDA:706,0,0,1
BRDA:706,0,1,1
BRDA:708,0,0,0
BRDA:708,0,1,1
BRDA:711,0,0,0
BRDA:711,0,1,1
BRDA:714,0,0,1
BRDA:714,0,1,0
BRDA:714,0,2,0
BRDA:714,0,3,1
BRDA:723,0,0,1
BRDA:723,0,1,1
BRDA:736,0,0,1
BRDA:736,0,1,1
BRDA:736,0,2,1
BRDA:736,0,3,1
BRDA:736,0,4,1
BRDA:736,0,5,1
BRDA:737,0,0,1
BRDA:737,0,1,1
BRDA:741,0,0,1
BRDA:741,0,1,1
BRDA:741,0,2,1
BRDA:741,0,3,1
BRDA:804,0,0,1
BRDA:804,0,1,1
BRDA:805,0,0,1
BRDA:805,0,1,1
BRDA:821,0,0,1
BRDA:821,0,1,1
BRDA:838,0,0,1
BRDA:838,0,1,1
BRDA:848,0,0,1
BRDA:848,0,1,1
BRDA:849,0,0,1
BRDA:849,0,1,1
BRDA:855,0,0,1
BRDA:855,0,1,1
BRDA:861,0,0,1
BRDA:861,0,1,1
BRDA:867,0,0,1
BRDA:867,0,1,1
BRDA:898,0,0,1
BRDA:898,0,1,1
BRDA:900,0,0,1
BRDA:900,0,1,0
BRDA:908,0,0,1
BRDA:908,0,1,1
BRDA:911,0,0,0
BRDA:911,0,1,1
BRDA:919,0,0,1
BRDA:919,0,1,1
BRDA:924,0,0,1
BRDA:924,0,1,1
BRDA:954,0,0,1
BRDA:954,0,1,1
BRDA:957,0,0,0
BRDA:957,0,1,1
BRDA:971,0,0,1
BRDA:971,0,1,1
BRDA:971,0,2,1
BRDA:971,0,3,1
BRDA:972,0,0,1
BRDA:972,0,1,1
BRDA:1005,0,0,1
BRDA:1005,0,1,1
BRDA:1007,0,0,1
BRDA:1007,0,1,0
BRDA:1015,0,0,1
BRDA:1015,0,1,1
BRDA:1018,0,0,0
BRDA:1018,0,1,1
BRDA:1026,0,0,1
BRDA:1026,0,1,1
BRDA:1034,0,0,1
BRDA:1034,0,1,1
BRDA:1042,0,0,1
BRDA:1042,0,1,1
BRDA:1044,0,0,1
BRDA:1044,0,1,1
BRDA:1046,0,0,0
BRDA:1046,0,1,1
BRDA:1047,0,0,0
BRDA:1047,0,1,1
BRDA:1049,0,0,1
BRDA:1049,0,1,1
BRDA:1050,0,0,1
BRDA:1050,0,1,1
BRDA:1051,0,0,0
BRDA:1051,0,1,1
BRDA:1053,0,0,0
BRDA:1053,0,1,1
BRDA:1055,0,0,0
BRDA:1055,0,1,1
BRDA:1057,0,0,1
BRDA:1057,0,1,1
BRDA:1058,0,0,0
BRDA:1058,0,1,1
BRDA:1060,0,0,1
BRDA:1060,0,1,1
BRDA:1063,0,0,0
BRDA:1063,0,1,1
BRDA:1068,0,0,1
BRDA:1068,0,1,1
BRDA:1070,0,0,1
BRDA:1070,0,1,1
BRDA:1071,0,0,1
BRDA:1071,0,1,1
BRDA:1073,0,0,1
BRDA:1073,0,1,1
BRDA:1074,0,0,1
BRDA:1074,0,1,1
BRDA:1075,0,0,0
BRDA:1075,0,1,1
BRDA:1077,0,0,0
BRDA:1077,0,1,1
BRDA:1079,0,0,1
BRDA:1079,0,1,1
BRDA:1081,0,0,1
BRDA:1081,0,1,1
BRDA:1082,0,0,0
BRDA:1082,0,1,1
BRDA:1084,0,0,1
BRDA:1084,0,1,1
BRDA:1096,0,0,1
BRDA:1096,0,1,1
BRDA:1127,0,0,1
BRDA:1127,0,1,1
BRDA:1129,0,0,1
BRDA:1129,0,1,0
BRDA:1137,0,0,1
BRDA:1137,0,1,1
BRDA:1140,0,0,0
BRDA:1140,0,1,1
BRDA:1148,0,0,1
BRDA:1148,0,1,1
BRDA:1155,0,0,1
BRDA:1155,0,1,1
BRDA:1161,0,0,1
BRDA:1161,0,1,1
BRDA:1169,0,0,1
BRDA:1169,0,1,1
BRDA:1175,0,0,1
BRDA:1175,0,1,1
BRDA:1181,0,0,1
BRDA:1181,0,1,1
BRDA:1189,0,0,1
BRDA:1189,0,1,1
BRDA:1195,0,0,1
BRDA:1195,0,1,1
BRDA:1221,0,0,1
BRDA:1221,0,1,1
BRDA:1234,0,0,1
BRDA:1234,0,1,0
BRDA:1234,0,2,1
BRDA:1234,0,3,1
BRDA:1241,0,0,1
BRDA:1241,0,1,1
BRDA:1242,0,0,1
BRDA:1242,0,1,1
BRDA:1243,0,0,1
BRDA:1243,0,1,1
BRDA:1248,0,0,1
BRDA:1248,0,1,0
BRDA:1248,0,2,1
BRDA:1248,0,3,1
BRDA:1255,0,0,1
BRDA:1255,0,1,0
BRDA:1255,0,2,1
BRDA:1255,0,3,1
BRDA:1262,0,0,1
BRDA:1262,0,1,0
BRDA:1262,0,2,1
BRDA:1262,0,3,1
BRDA:1269,0,0,1
BRDA:1269,0,1,1
BRDA:1270,0,0,1
BRDA:1270,0,1,1
BRDA:1271,0,0,1
BRDA:1271,0,1,1
BRDA:1272,0,0,1
BRDA:1272,0,1,1
BRDA:1273,0,0,1
BRDA:1273,0,1,1
BRDA:1278,0,0,1
BRDA:1278,0,1,1
BRDA:1278,0,2,1
BRDA:1278,0,3,1
BRDA:1278,0,4,1
BRDA:1278,0,5,1
BRDA:1278,0,6,1
BRDA:1278,0,7,1
BRDA:1278,0,8,1
BRDA:1278,0,9,1
BRDA:1278,0,10,1
BRDA:1278,0,11,1
BRDA:1278,0,12,1
BRDA:1278,0,13,1
BRF:415
BRH:347
DA:120,468
DA:121,468
DA:122,468
DA:123,468
DA:124,468
DA:125,468
DA:126,468
DA:127,468
DA:128,468
DA:130,102
DA:131,102
DA:133,102
DA:134,102
DA:135,2
DA:136,2
DA:137,102
DA:138,102
DA:140,130
DA:141,130
DA:142,130
DA:143,130
DA:144,2
DA:145,2
DA:146,2
DA:147,130
DA:153,88
DA:154,88
DA:155,88
DA:158,88
DA:159,88
DA:160,92
DA:161,4
DA:163,88
DA:164,88
DA:165,88
DA:166,88
DA:167,88
DA:169,88
DA:170,88
DA:171,88
DA:173,88
DA:174,88
DA:176,132
DA:177,132
DA:178,132
DA:181,132
DA:182,132
DA:183,132
DA:185,132
DA:186,132
DA:187,132
DA:188,132
DA:190,132
DA:191,132
DA:197,34
DA:198,34
DA:199,34
DA:202,34
DA:203,34
DA:204,34
DA:207,34
DA:208,2
DA:209,2
DA:212,34
DA:213,8
DA:214,8
DA:215,8
DA:217,4
DA:218,4
DA:219,2
DA:220,2
DA:221,4
DA:222,2
DA:223,2
DA:224,4
DA:227,2
DA:228,4
DA:229,2
DA:230,4
DA:231,2
DA:232,2
DA:234,2
DA:237,4
DA:238,2
DA:239,4
DA:240,2
DA:241,2
DA:243,8
DA:244,8
DA:245,8
DA:248,34
DA:249,4
DA:250,4
DA:251,4
DA:252,2
DA:253,2
DA:254,2
DA:256,4
DA:257,2
DA:258,2
DA:259,4
DA:260,2
DA:261,2
DA:262,8
DA:263,4
DA:264,4
DA:265,4
DA:266,4
DA:269,34
DA:270,2
DA:271,2
DA:273,34
DA:274,34
DA:276,40
DA:277,40
DA:282,4
DA:283,8
DA:284,4
DA:285,6
DA:286,4
DA:287,6
DA:288,6
DA:289,2
DA:291,40
DA:293,16
DA:294,16
DA:296,16
DA:297,16
DA:299,16
DA:300,2
DA:301,4
DA:302,2
DA:306,14
DA:307,814
DA:308,802
DA:309,802
DA:310,2
DA:311,4
DA:312,2
DA:314,800
DA:317,12
DA:318,16
DA:324,12
DA:325,12
DA:326,12
DA:327,6
DA:328,2
DA:329,12
DA:331,12
DA:332,12
DA:333,12
DA:334,10
DA:335,8
DA:336,6
DA:337,2
DA:338,2
DA:339,12
DA:341,16
DA:342,16
DA:344,14
DA:345,14
DA:348,14
DA:349,14
DA:350,12
DA:351,12
DA:354,14
DA:355,14
DA:356,12
DA:357,12
DA:360,14
DA:361,14
DA:362,12
DA:363,12
DA:366,14
DA:367,14
DA:368,12
DA:369,12
DA:372,14
DA:373,14
DA:374,12
DA:375,12
DA:376,12
DA:377,20
DA:378,8
DA:379,8
DA:380,8
DA:381,8
DA:382,8
DA:383,8
DA:384,6
DA:385,6
DA:386,8
DA:388,8
DA:389,8
DA:390,8
DA:391,8
DA:392,8
DA:393,8
DA:394,18
DA:395,10
DA:396,10
DA:397,10
DA:398,10
DA:399,10
DA:400,8
DA:401,8
DA:402,8
DA:403,8
DA:404,12
DA:405,12
DA:408,14
DA:409,14
DA:410,10
DA:411,10
DA:412,10
DA:413,16
DA:414,6
DA:415,6
DA:416,6
DA:417,6
DA:418,6
DA:419,10
DA:420,10
DA:422,14
DA:423,16
DA:429,18
DA:430,18
DA:433,168
DA:437,168
DA:438,8
DA:441,160
DA:442,160
DA:444,160
DA:445,160
DA:456,160
DA:458,160
DA:467,160
DA:468,168
DA:470,164
DA:471,164
DA:473,160
DA:474,160
DA:475,160
DA:476,160
DA:478,160
DA:479,164
DA:481,104
DA:482,104
DA:483,102
DA:484,104
DA:490,54
DA:494,54
DA:495,12
DA:496,12
DA:499,42
DA:500,8
DA:501,8
DA:504,34
DA:508,34
DA:511,34
DA:520,34
DA:521,34
DA:532,34
DA:533,34
DA:536,34
DA:537,34
DA:539,34
DA:540,34
DA:543,34
DA:544,34
DA:546,34
DA:547,34
DA:548,34
DA:552,34
DA:553,34
DA:554,34
DA:555,34
DA:556,34
DA:557,34
DA:558,34
DA:561,34
DA:563,34
DA:564,34
DA:566,34
DA:567,2
DA:568,2
DA:569,2
DA:570,2
DA:574,32
DA:575,32
DA:577,32
DA:578,16
DA:581,16
DA:582,16
DA:583,12
DA:584,12
DA:585,10
DA:586,10
DA:587,6
DA:588,6
DA:589,10
DA:590,10
DA:591,12
DA:593,16
DA:594,16
DA:595,16
DA:596,16
DA:597,16
DA:601,16
DA:612,16
DA:613,16
DA:614,16
DA:617,16
DA:618,4
DA:619,4
DA:620,12
DA:623,16
DA:625,16
DA:626,54
DA:628,20
DA:629,20
DA:630,16
DA:631,16
DA:632,20
DA:644,30
DA:645,30
DA:646,30
DA:648,30
DA:649,2
DA:652,2
DA:654,28
DA:655,30
DA:660,30
DA:661,30
DA:662,30
DA:664,30
DA:665,30
DA:666,30
DA:668,30
DA:669,2
DA:670,2
DA:672,30
DA:673,8
DA:674,8
DA:675,8
DA:677,4
DA:678,4
DA:679,2
DA:680,2
DA:681,4
DA:682,2
DA:683,2
DA:684,4
DA:687,2
DA:688,4
DA:689,2
DA:690,4
DA:691,2
DA:692,2
DA:694,2
DA:696,4
DA:697,2
DA:698,4
DA:699,2
DA:700,2
DA:702,8
DA:703,8
DA:704,8
DA:706,30
DA:707,2
DA:708,2
DA:711,2
DA:712,2
DA:713,2
DA:714,2
DA:715,2
DA:716,2
DA:717,4
DA:718,2
DA:719,2
DA:720,2
DA:721,2
DA:723,30
DA:724,2
DA:725,2
DA:727,30
DA:728,30
DA:730,40
DA:736,40
DA:737,6
DA:738,6
DA:741,34
DA:742,4
DA:743,4
DA:746,30
DA:750,30
DA:753,30
DA:762,30
DA:763,30
DA:774,30
DA:775,30
DA:777,30
DA:778,30
DA:781,30
DA:782,30
DA:785,30
DA:786,30
DA:787,30
DA:789,30
DA:790,30
DA:791,30
DA:792,30
DA:793,30
DA:794,30
DA:795,30
DA:796,30
DA:799,30
DA:801,30
DA:802,30
DA:804,30
DA:805,4
DA:806,2
DA:807,2
DA:808,2
DA:810,4
DA:818,26
DA:819,26
DA:821,26
DA:822,14
DA:823,14
DA:824,14
DA:827,12
DA:828,40
DA:834,22
DA:838,22
DA:840,20
DA:844,20
DA:847,20
DA:848,20
DA:849,10
DA:850,4
DA:853,4
DA:854,4
DA:855,10
DA:856,4
DA:859,4
DA:860,4
DA:861,10
DA:862,4
DA:865,4
DA:866,4
DA:867,10
DA:868,4
DA:871,4
DA:872,4
DA:873,10
DA:876,20
DA:879,20
DA:880,20
DA:882,20
DA:884,20
DA:885,20
DA:887,20
DA:888,20
DA:889,20
DA:890,20
DA:891,20
DA:892,20
DA:895,20
DA:896,20
DA:898,20
DA:899,2
DA:900,2
DA:901,2
DA:905,18
DA:906,18
DA:908,18
DA:909,2
DA:910,2
DA:911,2
DA:912,2
DA:916,16
DA:917,16
DA:919,16
DA:920,2
DA:921,2
DA:924,14
DA:925,2
DA:926,2
DA:927,2
DA:931,12
DA:941,12
DA:942,12
DA:954,16
DA:955,4
DA:956,4
DA:957,4
DA:958,4
DA:959,4
DA:960,4
DA:961,4
DA:963,12
DA:964,12
DA:965,22
DA:967,22
DA:971,22
DA:972,4
DA:973,4
DA:976,18
DA:980,18
DA:983,18
DA:986,18
DA:987,18
DA:989,18
DA:991,18
DA:992,18
DA:994,18
DA:995,18
DA:996,18
DA:997,18
DA:998,18
DA:999,18
DA:1002,18
DA:1003,18
DA:1005,18
DA:1006,2
DA:1007,2
DA:1008,2
DA:1012,16
DA:1013,16
DA:1015,16
DA:1016,2
DA:1017,2
DA:1018,2
DA:1019,2
DA:1023,14
DA:1024,14
DA:1026,14
DA:1027,2
DA:1028,2
DA:1031,12
DA:1032,12
DA:1034,12
DA:1035,2
DA:1036,2
DA:1038,12
DA:1039,22
DA:1041,16
DA:1042,16
DA:1044,16
DA:1045,4
DA:1046,4
DA:1047,4
DA:1049,10
DA:1050,14
DA:1051,8
DA:1052,8
DA:1053,6
DA:1054,6
DA:1055,4
DA:1057,8
DA:1058,4
DA:1059,4
DA:1060,4
DA:1061,4
DA:1063,12
DA:1064,12
DA:1065,16
DA:1067,14
DA:1068,14
DA:1070,10
DA:1071,10
DA:1073,12
DA:1074,4
DA:1075,2
DA:1076,2
DA:1077,2
DA:1078,2
DA:1079,10
DA:1081,12
DA:1082,2
DA:1083,2
DA:1084,10
DA:1086,10
DA:1087,14
DA:1093,30
DA:1096,30
DA:1098,28
DA:1102,28
DA:1105,28
DA:1108,28
DA:1109,28
DA:1111,28
DA:1113,28
DA:1114,28
DA:1116,28
DA:1117,28
DA:1118,28
DA:1119,28
DA:1120,28
DA:1121,28
DA:1124,28
DA:1125,28
DA:1127,28
DA:1128,2
DA:1129,2
DA:1130,2
DA:1134,26
DA:1135,26
DA:1137,26
DA:1138,6
DA:1139,6
DA:1140,6
DA:1141,6
DA:1145,20
DA:1146,20
DA:1148,20
DA:1149,2
DA:1150,2
DA:1154,18
DA:1155,18
DA:1156,2
DA:1157,2
DA:1158,2
DA:1160,16
DA:1161,16
DA:1162,2
DA:1163,2
DA:1164,2
DA:1168,14
DA:1169,14
DA:1170,2
DA:1171,2
DA:1172,2
DA:1174,12
DA:1175,12
DA:1176,2
DA:1177,2
DA:1178,2
DA:1180,10
DA:1181,10
DA:1182,2
DA:1183,2
DA:1184,2
DA:1188,8
DA:1189,8
DA:1190,2
DA:1191,2
DA:1192,2
DA:1194,6
DA:1195,6
DA:1196,2
DA:1197,2
DA:1198,2
DA:1201,4
DA:1211,4
DA:1212,4
DA:1213,4
DA:1214,4
DA:1216,4
DA:1217,4
DA:1218,30
DA:1220,6
DA:1221,6
DA:1222,4
DA:1223,6
DA:1229,6
DA:1230,6
DA:1233,88
DA:1234,88
DA:1235,8
DA:1237,80
DA:1238,88
DA:1240,24
DA:1241,24
DA:1242,20
DA:1243,12
DA:1244,6
DA:1245,24
DA:1247,58
DA:1248,58
DA:1249,8
DA:1251,50
DA:1252,58
DA:1254,26
DA:1255,26
DA:1256,8
DA:1258,18
DA:1259,26
DA:1261,24
DA:1262,24
DA:1263,8
DA:1265,16
DA:1266,24
DA:1268,28
DA:1269,28
DA:1270,26
DA:1271,22
DA:1272,12
DA:1273,8
DA:1274,4
DA:1275,28
DA:1277,98
DA:1278,98
DA:1279,6
DA:1280,6
DA:1281,4
DA:1282,4
DA:1283,6
DA:1284,4
DA:1285,6
DA:1286,12
DA:1287,8
DA:1288,10
DA:1289,8
DA:1290,10
DA:1291,8
DA:1292,6
DA:1294,98
LF:719
LH:719
end_of_record
TN:
SF:/Users/haminlee/Documents/GitHub/scope-for-sdk/typecast-sdk/typecast-c/tests/test_main.c
FNL:0,104,113
FNA:0,4,test_emotion_to_string
FNL:1,119,123
FNA:1,4,test_audio_format_to_string
FNL:2,129,135
FNA:2,4,test_error_messages
FNL:3,141,145
FNA:3,4,test_client_create_null_key
FNL:4,147,151
FNA:4,4,test_client_create_empty_key
FNL:5,153,158
FNA:5,4,test_client_create_valid
FNL:6,160,168
FNA:6,4,test_client_create_with_host
FNL:7,170,174
FNA:7,4,test_client_destroy_null
FNL:8,180,189
FNA:8,4,test_tts_null_client
FNL:9,191,204
FNA:9,4,test_tts_null_request
FNL:10,206,224
FNA:10,4,test_tts_missing_text
FNL:11,226,244
FNA:11,4,test_tts_missing_voice_id
FNL:12,250,257
FNA:12,4,test_output_default
FNL:13,259,267
FNA:13,4,test_prompt_default
FNL:14,273,278
FNA:14,4,test_voice_free_null
FNL:15,280,284
FNA:15,4,test_tts_response_free_null
FNL:16,290,334
FNA:16,4,main
FNL:17,75,80
FNA:17,4,test_version
FNL:18,86,90
FNA:18,4,test_model_to_string
FNL:19,92,98
FNA:19,4,test_model_from_string
FNF:20
FNH:20
BRDA:77,0,0,1
BRDA:77,0,1,0
BRDA:78,0,0,0
BRDA:78,0,1,1
BRDA:87,0,0,0
BRDA:87,0,1,1
BRDA:88,0,0,0
BRDA:88,0,1,1
BRDA:93,0,0,0
BRDA:93,0,1,1
BRDA:94,0,0,0
BRDA:94,0,1,1
BRDA:95,0,0,0
BRDA:95,0,1,1
BRDA:96,0,0,0
BRDA:96,0,1,1
BRDA:105,0,0,0
BRDA:105,0,1,1
BRDA:106,0,0,0
BRDA:106,0,1,1
BRDA:107,0,0,0
BRDA:107,0,1,1
BRDA:108,0,0,0
BRDA:108,0,1,1
BRDA:109,0,0,0
BRDA:109,0,1,1
BRDA:110,0,0,0
BRDA:110,0,1,1
BRDA:111,0,0,0
BRDA:111,0,1,1
BRDA:120,0,0,0
BRDA:120,0,1,1
BRDA:121,0,0,0
BRDA:121,0,1,1
BRDA:130,0,0,0
BRDA:130,0,1,1
BRDA:131,0,0,0
BRDA:131,0,1,1
BRDA:132,0,0,0
BRDA:132,0,1,1
BRDA:133,0,0,1
BRDA:133,0,1,0
BRDA:143,0,0,0
BRDA:143,0,1,1
BRDA:149,0,0,0
BRDA:149,0,1,1
BRDA:155,0,0,1
BRDA:155,0,1,0
BRDA:165,0,0,1
BRDA:165,0,1,0
BRDA:187,0,0,0
BRDA:187,0,1,1
BRDA:193,0,0,1
BRDA:193,0,1,0
BRDA:196,0,0,0
BRDA:196,0,1,1
BRDA:199,0,0,1
BRDA:199,0,1,0
BRDA:200,0,0,0
BRDA:200,0,1,1
BRDA:208,0,0,1
BRDA:208,0,1,0
BRDA:216,0,0,0
BRDA:216,0,1,1
BRDA:219,0,0,1
BRDA:219,0,1,0
BRDA:220,0,0,0
BRDA:220,0,1,1
BRDA:228,0,0,1
BRDA:228,0,1,0
BRDA:236,0,0,0
BRDA:236,0,1,1
BRDA:239,0,0,1
BRDA:239,0,1,0
BRDA:240,0,0,0
BRDA:240,0,1,1
BRDA:252,0,0,0
BRDA:252,0,1,1
BRDA:253,0,0,0
BRDA:253,0,1,1
BRDA:254,0,0,1
BRDA:254,0,1,0
BRDA:255,0,0,0
BRDA:255,0,1,1
BRDA:261,0,0,0
BRDA:261,0,1,1
BRDA:262,0,0,0
BRDA:262,0,1,1
BRDA:263,0,0,1
BRDA:263,0,1,0
BRDA:264,0,0,0
BRDA:264,0,1,1
BRDA:265,0,0,0
BRDA:265,0,1,1
BRF:94
BRH:47
DA:75,4
DA:76,4
DA:77,4
DA:78,4
DA:79,4
DA:80,4
DA:86,4
DA:87,4
DA:88,4
DA:89,4
DA:90,4
DA:92,4
DA:93,4
DA:94,4
DA:95,4
DA:96,4
DA:97,4
DA:98,4
DA:104,4
DA:105,4
DA:106,4
DA:107,4
DA:108,4
DA:109,4
DA:110,4
DA:111,4
DA:112,4
DA:113,4
DA:119,4
DA:120,4
DA:121,4
DA:122,4
DA:123,4
DA:129,4
DA:130,4
DA:131,4
DA:132,4
DA:133,4
DA:134,4
DA:135,4
DA:141,4
DA:142,4
DA:143,4
DA:144,4
DA:145,4
DA:147,4
DA:148,4
DA:149,4
DA:150,4
DA:151,4
DA:153,4
DA:154,4
DA:155,4
DA:156,4
DA:157,4
DA:158,4
DA:160,4
DA:161,4
DA:165,4
DA:166,4
DA:167,4
DA:168,4
DA:170,4
DA:172,4
DA:173,4
DA:174,4
DA:180,4
DA:181,4
DA:182,4
DA:183,4
DA:184,4
DA:186,4
DA:187,4
DA:188,4
DA:189,4
DA:191,4
DA:192,4
DA:193,4
DA:195,4
DA:196,4
DA:198,4
DA:199,4
DA:200,4
DA:202,4
DA:203,4
DA:204,4
DA:206,4
DA:207,4
DA:208,4
DA:210,4
DA:211,4
DA:212,4
DA:213,4
DA:215,4
DA:216,4
DA:218,4
DA:219,4
DA:220,4
DA:222,4
DA:223,4
DA:224,4
DA:226,4
DA:227,4
DA:228,4
DA:230,4
DA:231,4
DA:232,4
DA:233,4
DA:235,4
DA:236,4
DA:238,4
DA:239,4
DA:240,4
DA:242,4
DA:243,4
DA:244,4
DA:250,4
DA:251,4
DA:252,4
DA:253,4
DA:254,4
DA:255,4
DA:256,4
DA:257,4
DA:259,4
DA:260,4
DA:261,4
DA:262,4
DA:263,4
DA:264,4
DA:265,4
DA:266,4
DA:267,4
DA:273,4
DA:275,4
DA:276,4
DA:277,4
DA:278,4
DA:280,4
DA:282,4
DA:283,4
DA:284,4
DA:290,4
DA:291,4
DA:292,4
DA:293,4
DA:294,4
DA:297,4
DA:300,4
DA:301,4
DA:302,4
DA:303,4
DA:304,4
DA:307,4
DA:308,4
DA:309,4
DA:310,4
DA:311,4
DA:314,4
DA:315,4
DA:316,4
DA:317,4
DA:320,4
DA:321,4
DA:324,4
DA:325,4
DA:328,4
DA:329,4
DA:330,4
DA:331,4
DA:332,4
DA:334,4
LF:172
LH:172
end_of_record
TN:
SF:/Users/haminlee/Documents/GitHub/scope-for-sdk/typecast-sdk/typecast-c/tests/test_mock.c
FNL:0,1006,1026
FNA:0,4,test_tts_stream_prompt_smart
FNL:1,1028,1057
FNA:1,4,test_tts_stream_prompt_smart_no_context
FNL:2,1059,1075
FNA:2,4,test_tts_stream_prompt_none_basic
FNL:3,1077,1091
FNA:3,28,check_tts_stream_error
FNL:4,1093,1093
FNA:4,4,test_tts_stream_400
FNL:5,1094,1094
FNA:5,4,test_tts_stream_401
FNL:6,1095,1095
FNA:6,4,test_tts_stream_402
FNL:7,1096,1096
FNA:7,4,test_tts_stream_404
FNL:8,1097,1097
FNA:8,4,test_tts_stream_422
FNL:9,1098,1098
FNA:9,4,test_tts_stream_429
FNL:10,1099,1099
FNA:10,4,test_tts_stream_500
FNL:11,1101,1112
FNA:11,4,test_tts_stream_network_error
FNL:12,1114,1140
FNA:12,4,test_tts_stream_callback_abort
FNL:13,1166,1198
FNA:13,4,test_voices_full_filter
FNL:14,1200,1211
FNA:14,4,test_voices_no_filter
FNL:15,1213,1215
FNA:15,4,test_voices_null_client
FNL:16,1217,1225
FNA:16,4,test_voices_http_error
FNL:17,1227,1235
FNA:17,4,test_voices_invalid_json
FNL:18,1237,1245
FNA:18,4,test_voices_not_array
FNL:19,1247,1255
FNA:19,4,test_voices_network_error
FNL:20,1259,1270
FNA:20,4,test_voices_filter_single_model
FNL:21,126,224
FNA:21,244,read_request
FNL:22,1272,1282
FNA:22,4,test_voices_filter_single_gender
FNL:23,1284,1294
FNA:23,4,test_voices_filter_single_age
FNL:24,1296,1305
FNA:24,4,test_voices_filter_single_use_case
FNL:25,1321,1332
FNA:25,4,test_get_voice_happy
FNL:26,1334,1366
FNA:26,4,test_get_voice_age_variants
FNL:27,1368,1376
FNA:27,4,test_get_voice_null_args
FNL:28,1378,1386
FNA:28,4,test_get_voice_http_error
FNL:29,1388,1396
FNA:29,4,test_get_voice_invalid_json
FNL:30,1398,1407
FNA:30,4,test_get_voice_not_object
FNL:31,1409,1417
FNA:31,4,test_get_voice_network_error
FNL:32,1425,1451
FNA:32,4,test_error_reuse_and_clear
FNL:33,1453,1464
FNA:33,4,test_voice_sparse
FNL:34,1477,1491
FNA:34,4,test_subscription_plan_tier_strings
FNL:35,1493,1495
FNA:35,4,test_subscription_free_null
FNL:36,1497,1499
FNA:36,4,test_subscription_null_client
FNL:37,1501,1519
FNA:37,4,test_subscription_happy
FNL:38,1521,1533
FNA:38,4,test_subscription_plan_free
FNL:39,1535,1544
FNA:39,12,check_subscription_error
FNL:40,1546,1546
FNA:40,4,test_subscription_401
FNL:41,1547,1547
FNA:41,4,test_subscription_429
FNL:42,1548,1548
FNA:42,4,test_subscription_500
FNL:43,1550,1558
FNA:43,4,test_subscription_network_error
FNL:44,1560,1568
FNA:44,4,test_subscription_invalid_json
FNL:45,1570,1578
FNA:45,28,check_subscription_parse_error
FNL:46,1580,1584
FNA:46,4,test_subscription_missing_plan
FNL:47,1586,1591
FNA:47,4,test_subscription_unknown_plan
FNL:48,1593,1596
FNA:48,4,test_subscription_missing_credits
FNL:49,1598,1603
FNA:49,4,test_subscription_missing_plan_credits
FNL:50,1605,1610
FNA:50,4,test_subscription_missing_used_credits
FNL:51,1612,1616
FNA:51,4,test_subscription_missing_limits
FNL:52,1618,1623
FNA:52,4,test_subscription_missing_concurrency_limit
FNL:53,1629,1748
FNA:53,4,main
FNL:54,226,236
FNA:54,240,pop_response
FNL:55,239,247
FNA:55,496,send_all
FNL:56,249,262
FNA:56,240,status_text
FNL:57,264,345
FNA:57,4,server_thread
FNL:58,348,378
FNA:58,4,mock_init
FNL:59,380,402
FNA:59,4,mock_shutdown
FNL:60,404,421
FNA:60,236,mock_enqueue
FNL:61,434,436
FNA:61,228,mock_enqueue_text
FNL:62,438,453
FNA:62,4,mock_enqueue_chunked
FNL:63,461,463
FNA:63,272,new_client
FNL:64,470,475
FNA:64,4,test_version_string
FNL:65,477,486
FNA:65,4,test_model_string_round_trip
FNL:66,488,498
FNA:66,4,test_emotion_string
FNL:67,500,505
FNA:67,4,test_audio_format_string
FNL:68,507,522
FNA:68,4,test_error_messages_all
FNL:69,524,537
FNA:69,4,test_default_macros
FNL:70,543,546
FNA:70,4,test_client_create_null
FNL:71,548,552
FNA:71,4,test_client_create_default_host
FNL:72,554,558
FNA:72,4,test_client_create_custom_host
FNL:73,560,562
FNA:73,4,test_client_destroy_null
FNL:74,564,566
FNA:74,4,test_client_get_error_null
FNL:75,568,572
FNA:75,4,test_voice_free_null
FNL:76,578,582
FNA:76,4,test_tts_null_client
FNL:77,584,592
FNA:77,4,test_tts_null_request
FNL:78,594,602
FNA:78,4,test_tts_missing_text
FNL:79,604,612
FNA:79,4,test_tts_missing_voice_id
FNL:80,618,646
FNA:80,4,test_tts_basic_wav
FNL:81,648,674
FNA:81,4,test_tts_with_output_volume_mp3
FNL:82,676,694
FNA:82,4,test_tts_with_output_lufs
FNL:83,696,715
FNA:83,4,test_tts_prompt_preset
FNL:84,717,737
FNA:84,4,test_tts_prompt_smart
FNL:85,739,775
FNA:85,4,test_tts_prompt_smart_no_context
FNL:86,777,793
FNA:86,4,test_tts_prompt_none_basic
FNL:87,799,814
FNA:87,32,check_tts_error
FNL:88,816,816
FNA:88,4,test_tts_400
FNL:89,817,817
FNA:89,4,test_tts_401
FNL:90,818,818
FNA:90,4,test_tts_402
FNL:91,819,819
FNA:91,4,test_tts_404
FNL:92,820,820
FNA:92,4,test_tts_422
FNL:93,821,821
FNA:93,4,test_tts_429
FNL:94,822,822
FNA:94,4,test_tts_500
FNL:95,823,823
FNA:95,4,test_tts_503
FNL:96,825,839
FNA:96,4,test_tts_curl_network_error
FNL:97,853,868
FNA:97,60,stream_sink_cb
FNL:98,870,876
FNA:98,4,test_tts_stream_null_client
FNL:99,878,886
FNA:99,4,test_tts_stream_null_request
FNL:100,888,897
FNA:100,4,test_tts_stream_null_callback
FNL:101,899,909
FNA:101,4,test_tts_stream_missing_text
FNL:102,911,919
FNA:102,4,test_tts_stream_missing_voice_id
FNL:103,921,953
FNA:103,4,test_tts_stream_basic
FNL:104,955,983
FNA:104,4,test_tts_stream_with_output_mp3
FNL:105,985,1004
FNA:105,4,test_tts_stream_prompt_preset
FNF:106
FNH:106
BRDA:141,0,0,0
BRDA:141,0,1,1
BRDA:143,0,0,1
BRDA:143,0,1,1
BRDA:148,0,0,1
BRDA:148,0,1,0
BRDA:153,0,0,1
BRDA:153,0,1,0
BRDA:157,0,0,1
BRDA:157,0,1,0
BRDA:163,0,0,0
BRDA:163,0,1,1
BRDA:170,0,0,1
BRDA:170,0,1,0
BRDA:172,0,0,1
BRDA:172,0,1,0
BRDA:182,0,0,0
BRDA:182,0,1,1
BRDA:183,0,0,1
BRDA:183,0,1,1
BRDA:184,0,0,1
BRDA:184,0,1,1
BRDA:184,0,2,1
BRDA:184,0,3,1
BRDA:187,0,0,1
BRDA:187,0,1,1
BRDA:189,0,0,1
BRDA:189,0,1,1
BRDA:202,0,0,1
BRDA:202,0,1,0
BRDA:204,0,0,1
BRDA:204,0,1,0
BRDA:208,0,0,1
BRDA:208,0,1,0
BRDA:210,0,0,-
BRDA:210,0,1,-
BRDA:212,0,0,-
BRDA:212,0,1,-
BRDA:214,0,0,-
BRDA:214,0,1,-
BRDA:216,0,0,-
BRDA:216,0,1,-
BRDA:229,0,0,1
BRDA:229,0,1,0
BRDA:229,0,2,0
BRDA:229,0,3,1
BRDA:242,0,0,1
BRDA:242,0,1,1
BRDA:244,0,0,0
BRDA:244,0,1,1
BRDA:250,0,0,1
BRDA:250,0,1,0
BRDA:250,0,2,1
BRDA:250,0,3,1
BRDA:250,0,4,1
BRDA:250,0,5,1
BRDA:250,0,6,1
BRDA:250,0,7,1
BRDA:250,0,8,1
BRDA:250,0,9,1
BRDA:266,0,0,1
BRDA:266,0,1,1
BRDA:270,0,0,1
BRDA:270,0,1,0
BRDA:271,0,0,-
BRDA:271,0,1,-
BRDA:275,0,0,1
BRDA:275,0,1,1
BRDA:281,0,0,0
BRDA:281,0,1,1
BRDA:283,0,0,-
BRDA:283,0,1,-
BRDA:289,0,0,1
BRDA:289,0,1,1
BRDA:302,0,0,1
BRDA:302,0,1,0
BRDA:302,0,2,0
BRDA:302,0,3,1
BRDA:304,0,0,1
BRDA:304,0,1,0
BRDA:318,0,0,0
BRDA:318,0,1,1
BRDA:338,0,0,1
BRDA:338,0,1,1
BRDA:338,0,2,0
BRDA:338,0,3,1
BRDA:342,0,0,1
BRDA:342,0,1,1
BRDA:354,0,0,1
BRDA:354,0,1,0
BRDA:364,0,0,1
BRDA:364,0,1,0
BRDA:369,0,0,1
BRDA:369,0,1,0
BRDA:372,0,0,0
BRDA:372,0,1,1
BRDA:374,0,0,1
BRDA:374,0,1,0
BRDA:384,0,0,0
BRDA:384,0,1,1
BRDA:389,0,0,0
BRDA:389,0,1,1
BRDA:409,0,0,1
BRDA:409,0,1,1
BRDA:412,0,0,1
BRDA:412,0,1,1
BRDA:412,0,2,1
BRDA:412,0,3,1
BRDA:435,0,0,1
BRDA:435,0,1,1
BRDA:444,0,0,1
BRDA:444,0,1,0
BRDA:444,0,2,0
BRDA:444,0,3,1
BRDA:472,0,0,1
BRDA:472,0,1,0
BRDA:474,0,0,1
BRDA:474,0,1,0
BRDA:474,0,2,0
BRDA:474,0,3,1
BRDA:474,0,4,-
BRDA:474,0,5,-
BRDA:478,0,0,1
BRDA:478,0,1,0
BRDA:478,0,2,0
BRDA:478,0,3,1
BRDA:478,0,4,-
BRDA:478,0,5,-
BRDA:479,0,0,1
BRDA:479,0,1,0
BRDA:479,0,2,0
BRDA:479,0,3,1
BRDA:479,0,4,-
BRDA:479,0,5,-
BRDA:480,0,0,1
BRDA:480,0,1,0
BRDA:480,0,2,0
BRDA:480,0,3,1
BRDA:480,0,4,-
BRDA:480,0,5,-
BRDA:481,0,0,1
BRDA:481,0,1,0
BRDA:481,0,2,0
BRDA:481,0,3,1
BRDA:481,0,4,-
BRDA:481,0,5,-
BRDA:482,0,0,0
BRDA:482,0,1,1
BRDA:483,0,0,0
BRDA:483,0,1,1
BRDA:484,0,0,0
BRDA:484,0,1,1
BRDA:485,0,0,0
BRDA:485,0,1,1
BRDA:489,0,0,1
BRDA:489,0,1,0
BRDA:489,0,2,0
BRDA:489,0,3,1
BRDA:489,0,4,-
BRDA:489,0,5,-
BRDA:490,0,0,1
BRDA:490,0,1,0
BRDA:490,0,2,0
BRDA:490,0,3,1
BRDA:490,0,4,-
BRDA:490,0,5,-
BRDA:491,0,0,1
BRDA:491,0,1,0
BRDA:491,0,2,0
BRDA:491,0,3,1
BRDA:491,0,4,-
BRDA:491,0,5,-
BRDA:492,0,0,1
BRDA:492,0,1,0
BRDA:492,0,2,0
BRDA:492,0,3,1
BRDA:492,0,4,-
BRDA:492,0,5,-
BRDA:493,0,0,1
BRDA:493,0,1,0
BRDA:493,0,2,0
BRDA:493,0,3,1
BRDA:493,0,4,-
BRDA:493,0,5,-
BRDA:494,0,0,1
BRDA:494,0,1,0
BRDA:494,0,2,0
BRDA:494,0,3,1
BRDA:494,0,4,-
BRDA:494,0,5,-
BRDA:495,0,0,1
BRDA:495,0,1,0
BRDA:495,0,2,0
BRDA:495,0,3,1
BRDA:495,0,4,-
BRDA:495,0,5,-
BRDA:496,0,0,1
BRDA:496,0,1,0
BRDA:496,0,2,0
BRDA:496,0,3,1
BRDA:496,0,4,-
BRDA:496,0,5,-
BRDA:497,0,0,1
BRDA:497,0,1,0
BRDA:497,0,2,0
BRDA:497,0,3,1
BRDA:497,0,4,-
BRDA:497,0,5,-
BRDA:501,0,0,1
BRDA:501,0,1,0
BRDA:501,0,2,0
BRDA:501,0,3,1
BRDA:501,0,4,-
BRDA:501,0,5,-
BRDA:502,0,0,1
BRDA:502,0,1,0
BRDA:502,0,2,0
BRDA:502,0,3,1
BRDA:502,0,4,-
BRDA:502,0,5,-
BRDA:503,0,0,1
BRDA:503,0,1,0
BRDA:503,0,2,0
BRDA:503,0,3,1
BRDA:503,0,4,-
BRDA:503,0,5,-
BRDA:504,0,0,1
BRDA:504,0,1,0
BRDA:504,0,2,0
BRDA:504,0,3,1
BRDA:504,0,4,-
BRDA:504,0,5,-
BRDA:508,0,0,1
BRDA:508,0,1,0
BRDA:508,0,2,0
BRDA:508,0,3,1
BRDA:508,0,4,-
BRDA:508,0,5,-
BRDA:509,0,0,1
BRDA:509,0,1,0
BRDA:509,0,2,0
BRDA:509,0,3,1
BRDA:509,0,4,-
BRDA:509,0,5,-
BRDA:510,0,0,1
BRDA:510,0,1,0
BRDA:510,0,2,0
BRDA:510,0,3,1
BRDA:510,0,4,-
BRDA:510,0,5,-
BRDA:511,0,0,1
BRDA:511,0,1,0
BRDA:511,0,2,0
BRDA:511,0,3,1
BRDA:511,0,4,-
BRDA:511,0,5,-
BRDA:512,0,0,1
BRDA:512,0,1,0
BRDA:512,0,2,0
BRDA:512,0,3,1
BRDA:512,0,4,-
BRDA:512,0,5,-
BRDA:513,0,0,1
BRDA:513,0,1,0
BRDA:513,0,2,0
BRDA:513,0,3,1
BRDA:513,0,4,-
BRDA:513,0,5,-
BRDA:514,0,0,1
BRDA:514,0,1,0
BRDA:514,0,2,0
BRDA:514,0,3,1
BRDA:514,0,4,-
BRDA:514,0,5,-
BRDA:515,0,0,1
BRDA:515,0,1,0
BRDA:515,0,2,0
BRDA:515,0,3,1
BRDA:515,0,4,-
BRDA:515,0,5,-
BRDA:516,0,0,1
BRDA:516,0,1,0
BRDA:516,0,2,0
BRDA:516,0,3,1
BRDA:516,0,4,-
BRDA:516,0,5,-
BRDA:517,0,0,1
BRDA:517,0,1,0
BRDA:517,0,2,0
BRDA:517,0,3,1
BRDA:517,0,4,-
BRDA:517,0,5,-
BRDA:518,0,0,1
BRDA:518,0,1,0
BRDA:518,0,2,0
BRDA:518,0,3,1
BRDA:518,0,4,-
BRDA:518,0,5,-
BRDA:519,0,0,1
BRDA:519,0,1,0
BRDA:519,0,2,0
BRDA:519,0,3,1
BRDA:519,0,4,-
BRDA:519,0,5,-
BRDA:520,0,0,1
BRDA:520,0,1,0
BRDA:520,0,2,0
BRDA:520,0,3,1
BRDA:520,0,4,-
BRDA:520,0,5,-
BRDA:521,0,0,1
BRDA:521,0,1,0
BRDA:521,0,2,0
BRDA:521,0,3,1
BRDA:521,0,4,-
BRDA:521,0,5,-
BRDA:526,0,0,0
BRDA:526,0,1,1
BRDA:527,0,0,0
BRDA:527,0,1,1
BRDA:528,0,0,1
BRDA:528,0,1,0
BRDA:529,0,0,0
BRDA:529,0,1,1
BRDA:532,0,0,0
BRDA:532,0,1,1
BRDA:533,0,0,0
BRDA:533,0,1,1
BRDA:534,0,0,1
BRDA:534,0,1,0
BRDA:535,0,0,0
BRDA:535,0,1,1
BRDA:536,0,0,0
BRDA:536,0,1,1
BRDA:544,0,0,0
BRDA:544,0,1,1
BRDA:545,0,0,0
BRDA:545,0,1,1
BRDA:550,0,0,1
BRDA:550,0,1,0
BRDA:556,0,0,1
BRDA:556,0,1,0
BRDA:565,0,0,0
BRDA:565,0,1,1
BRDA:581,0,0,0
BRDA:581,0,1,1
BRDA:586,0,0,1
BRDA:586,0,1,0
BRDA:587,0,0,0
BRDA:587,0,1,1
BRDA:589,0,0,1
BRDA:589,0,1,0
BRDA:590,0,0,0
BRDA:590,0,1,1
BRDA:598,0,0,0
BRDA:598,0,1,1
BRDA:600,0,0,0
BRDA:600,0,1,1
BRDA:608,0,0,0
BRDA:608,0,1,1
BRDA:610,0,0,0
BRDA:610,0,1,1
BRDA:624,0,0,1
BRDA:624,0,1,1
BRDA:633,0,0,1
BRDA:633,0,1,0
BRDA:634,0,0,0
BRDA:634,0,1,1
BRDA:635,0,0,1
BRDA:635,0,1,0
BRDA:635,0,2,0
BRDA:635,0,3,1
BRDA:636,0,0,0
BRDA:636,0,1,1
BRDA:639,0,0,1
BRDA:639,0,1,0
BRDA:640,0,0,1
BRDA:640,0,1,0
BRDA:641,0,0,1
BRDA:641,0,1,0
BRDA:642,0,0,1
BRDA:642,0,1,0
BRDA:663,0,0,1
BRDA:663,0,1,0
BRDA:664,0,0,0
BRDA:664,0,1,1
BRDA:665,0,0,1
BRDA:665,0,1,0
BRDA:665,0,2,0
BRDA:665,0,3,1
BRDA:667,0,0,1
BRDA:667,0,1,0
BRDA:668,0,0,1
BRDA:668,0,1,0
BRDA:669,0,0,1
BRDA:669,0,1,0
BRDA:670,0,0,1
BRDA:670,0,1,0
BRDA:688,0,0,1
BRDA:688,0,1,0
BRDA:689,0,0,0
BRDA:689,0,1,1
BRDA:690,0,0,1
BRDA:690,0,1,0
BRDA:710,0,0,1
BRDA:710,0,1,0
BRDA:711,0,0,1
BRDA:711,0,1,0
BRDA:712,0,0,1
BRDA:712,0,1,0
BRDA:731,0,0,1
BRDA:731,0,1,0
BRDA:732,0,0,1
BRDA:732,0,1,0
BRDA:733,0,0,1
BRDA:733,0,1,0
BRDA:734,0,0,1
BRDA:734,0,1,0
BRDA:759,0,0,1
BRDA:759,0,1,0
BRDA:762,0,0,1
BRDA:762,0,1,0
BRDA:765,0,0,1
BRDA:765,0,1,0
BRDA:770,0,0,0
BRDA:770,0,1,1
BRDA:771,0,0,0
BRDA:771,0,1,1
BRDA:789,0,0,1
BRDA:789,0,1,0
BRDA:790,0,0,1
BRDA:790,0,1,0
BRDA:807,0,0,1
BRDA:807,0,1,0
BRDA:808,0,0,0
BRDA:808,0,1,1
BRDA:810,0,0,1
BRDA:810,0,1,0
BRDA:811,0,0,0
BRDA:811,0,1,1
BRDA:829,0,0,1
BRDA:829,0,1,0
BRDA:835,0,0,0
BRDA:835,0,1,1
BRDA:837,0,0,0
BRDA:837,0,1,1
BRDA:856,0,0,1
BRDA:856,0,1,1
BRDA:856,0,2,1
BRDA:856,0,3,1
BRDA:859,0,0,0
BRDA:859,0,1,1
BRDA:860,0,0,0
BRDA:860,0,1,1
BRDA:861,0,0,0
BRDA:861,0,1,1
BRDA:874,0,0,0
BRDA:874,0,1,1
BRDA:881,0,0,0
BRDA:881,0,1,1
BRDA:884,0,0,0
BRDA:884,0,1,1
BRDA:892,0,0,0
BRDA:892,0,1,1
BRDA:895,0,0,0
BRDA:895,0,1,1
BRDA:904,0,0,0
BRDA:904,0,1,1
BRDA:907,0,0,0
BRDA:907,0,1,1
BRDA:916,0,0,0
BRDA:916,0,1,1
BRDA:926,0,0,1
BRDA:926,0,1,1
BRDA:935,0,0,0
BRDA:935,0,1,1
BRDA:936,0,0,0
BRDA:936,0,1,1
BRDA:937,0,0,1
BRDA:937,0,1,1
BRDA:938,0,0,0
BRDA:938,0,1,1
BRDA:942,0,0,0
BRDA:942,0,1,1
BRDA:943,0,0,1
BRDA:943,0,1,0
BRDA:944,0,0,0
BRDA:944,0,1,1
BRDA:944,0,2,-
BRDA:944,0,3,-
BRDA:946,0,0,1
BRDA:946,0,1,0
BRDA:947,0,0,1
BRDA:947,0,1,0
BRDA:948,0,0,1
BRDA:948,0,1,0
BRDA:970,0,0,0
BRDA:970,0,1,1
BRDA:971,0,0,0
BRDA:971,0,1,1
BRDA:973,0,0,1
BRDA:973,0,1,0
BRDA:974,0,0,1
BRDA:974,0,1,0
BRDA:975,0,0,1
BRDA:975,0,1,0
BRDA:976,0,0,1
BRDA:976,0,1,0
BRDA:978,0,0,0
BRDA:978,0,1,1
BRDA:979,0,0,0
BRDA:979,0,1,1
BRDA:999,0,0,0
BRDA:999,0,1,1
BRDA:1000,0,0,1
BRDA:1000,0,1,0
BRDA:1001,0,0,1
BRDA:1001,0,1,0
BRDA:1020,0,0,0
BRDA:1020,0,1,1
BRDA:1021,0,0,1
BRDA:1021,0,1,0
BRDA:1022,0,0,1
BRDA:1022,0,1,0
BRDA:1023,0,0,1
BRDA:1023,0,1,0
BRDA:1043,0,0,0
BRDA:1043,0,1,1
BRDA:1044,0,0,1
BRDA:1044,0,1,0
BRDA:1047,0,0,1
BRDA:1047,0,1,0
BRDA:1052,0,0,0
BRDA:1052,0,1,1
BRDA:1053,0,0,0
BRDA:1053,0,1,1
BRDA:1071,0,0,0
BRDA:1071,0,1,1
BRDA:1072,0,0,1
BRDA:1072,0,1,0
BRDA:1086,0,0,0
BRDA:1086,0,1,1
BRDA:1088,0,0,0
BRDA:1088,0,1,1
BRDA:1103,0,0,1
BRDA:1103,0,1,0
BRDA:1108,0,0,0
BRDA:1108,0,1,1
BRDA:1110,0,0,0
BRDA:1110,0,1,1
BRDA:1120,0,0,1
BRDA:1120,0,1,1
BRDA:1131,0,0,0
BRDA:1131,0,1,1
BRDA:1133,0,0,0
BRDA:1133,0,1,1
BRDA:1136,0,0,1
BRDA:1136,0,1,0
BRDA:1177,0,0,1
BRDA:1177,0,1,0
BRDA:1178,0,0,0
BRDA:1178,0,1,1
BRDA:1179,0,0,1
BRDA:1179,0,1,0
BRDA:1179,0,2,0
BRDA:1179,0,3,1
BRDA:1179,0,4,-
BRDA:1179,0,5,-
BRDA:1180,0,0,1
BRDA:1180,0,1,0
BRDA:1180,0,2,0
BRDA:1180,0,3,1
BRDA:1180,0,4,-
BRDA:1180,0,5,-
BRDA:1181,0,0,0
BRDA:1181,0,1,1
BRDA:1182,0,0,0
BRDA:1182,0,1,1
BRDA:1183,0,0,0
BRDA:1183,0,1,1
BRDA:1184,0,0,0
BRDA:1184,0,1,1
BRDA:1185,0,0,0
BRDA:1185,0,1,1
BRDA:1186,0,0,1
BRDA:1186,0,1,0
BRDA:1186,0,2,0
BRDA:1186,0,3,1
BRDA:1186,0,4,-
BRDA:1186,0,5,-
BRDA:1187,0,0,0
BRDA:1187,0,1,1
BRDA:1188,0,0,1
BRDA:1188,0,1,0
BRDA:1188,0,2,0
BRDA:1188,0,3,1
BRDA:1188,0,4,-
BRDA:1188,0,5,-
BRDA:1191,0,0,1
BRDA:1191,0,1,0
BRDA:1192,0,0,1
BRDA:1192,0,1,0
BRDA:1193,0,0,1
BRDA:1193,0,1,0
BRDA:1194,0,0,1
BRDA:1194,0,1,0
BRDA:1205,0,0,1
BRDA:1205,0,1,0
BRDA:1206,0,0,0
BRDA:1206,0,1,1
BRDA:1208,0,0,0
BRDA:1208,0,1,1
BRDA:1214,0,0,0
BRDA:1214,0,1,1
BRDA:1221,0,0,0
BRDA:1221,0,1,1
BRDA:1223,0,0,0
BRDA:1223,0,1,1
BRDA:1231,0,0,0
BRDA:1231,0,1,1
BRDA:1233,0,0,0
BRDA:1233,0,1,1
BRDA:1241,0,0,0
BRDA:1241,0,1,1
BRDA:1243,0,0,0
BRDA:1243,0,1,1
BRDA:1249,0,0,1
BRDA:1249,0,1,0
BRDA:1251,0,0,0
BRDA:1251,0,1,1
BRDA:1253,0,0,0
BRDA:1253,0,1,1
BRDA:1266,0,0,1
BRDA:1266,0,1,0
BRDA:1267,0,0,1
BRDA:1267,0,1,0
BRDA:1278,0,0,1
BRDA:1278,0,1,0
BRDA:1279,0,0,1
BRDA:1279,0,1,0
BRDA:1290,0,0,1
BRDA:1290,0,1,0
BRDA:1291,0,0,1
BRDA:1291,0,1,0
BRDA:1301,0,0,1
BRDA:1301,0,1,0
BRDA:1302,0,0,1
BRDA:1302,0,1,0
BRDA:1325,0,0,1
BRDA:1325,0,1,0
BRDA:1326,0,0,1
BRDA:1326,0,1,0
BRDA:1326,0,2,0
BRDA:1326,0,3,1
BRDA:1326,0,4,-
BRDA:1326,0,5,-
BRDA:1327,0,0,0
BRDA:1327,0,1,1
BRDA:1328,0,0,0
BRDA:1328,0,1,1
BRDA:1329,0,0,1
BRDA:1329,0,1,0
BRDA:1342,0,0,1
BRDA:1342,0,1,0
BRDA:1343,0,0,0
BRDA:1343,0,1,1
BRDA:1352,0,0,1
BRDA:1352,0,1,0
BRDA:1353,0,0,0
BRDA:1353,0,1,1
BRDA:1362,0,0,1
BRDA:1362,0,1,0
BRDA:1363,0,0,0
BRDA:1363,0,1,1
BRDA:1370,0,0,0
BRDA:1370,0,1,1
BRDA:1372,0,0,0
BRDA:1372,0,1,1
BRDA:1375,0,0,0
BRDA:1375,0,1,1
BRDA:1382,0,0,0
BRDA:1382,0,1,1
BRDA:1384,0,0,0
BRDA:1384,0,1,1
BRDA:1392,0,0,0
BRDA:1392,0,1,1
BRDA:1394,0,0,0
BRDA:1394,0,1,1
BRDA:1403,0,0,0
BRDA:1403,0,1,1
BRDA:1405,0,0,0
BRDA:1405,0,1,1
BRDA:1411,0,0,1
BRDA:1411,0,1,0
BRDA:1413,0,0,0
BRDA:1413,0,1,1
BRDA:1415,0,0,0
BRDA:1415,0,1,1
BRDA:1430,0,0,0
BRDA:1430,0,1,1
BRDA:1432,0,0,0
BRDA:1432,0,1,1
BRDA:1433,0,0,1
BRDA:1433,0,1,0
BRDA:1436,0,0,0
BRDA:1436,0,1,1
BRDA:1438,0,0,0
BRDA:1438,0,1,1
BRDA:1439,0,0,1
BRDA:1439,0,1,0
BRDA:1445,0,0,1
BRDA:1445,0,1,0
BRDA:1447,0,0,0
BRDA:1447,0,1,1
BRDA:1448,0,0,0
BRDA:1448,0,1,1
BRDA:1458,0,0,1
BRDA:1458,0,1,0
BRDA:1459,0,0,0
BRDA:1459,0,1,1
BRDA:1460,0,0,0
BRDA:1460,0,1,1
BRDA:1461,0,0,0
BRDA:1461,0,1,1
BRDA:1478,0,0,1
BRDA:1478,0,1,0
BRDA:1478,0,2,0
BRDA:1478,0,3,1
BRDA:1478,0,4,-
BRDA:1478,0,5,-
BRDA:1479,0,0,1
BRDA:1479,0,1,0
BRDA:1479,0,2,0
BRDA:1479,0,3,1
BRDA:1479,0,4,-
BRDA:1479,0,5,-
BRDA:1480,0,0,1
BRDA:1480,0,1,0
BRDA:1480,0,2,0
BRDA:1480,0,3,1
BRDA:1480,0,4,-
BRDA:1480,0,5,-
BRDA:1481,0,0,1
BRDA:1481,0,1,0
BRDA:1481,0,2,0
BRDA:1481,0,3,1
BRDA:1481,0,4,-
BRDA:1481,0,5,-
BRDA:1482,0,0,1
BRDA:1482,0,1,0
BRDA:1482,0,2,0
BRDA:1482,0,3,1
BRDA:1482,0,4,-
BRDA:1482,0,5,-
BRDA:1483,0,0,1
BRDA:1483,0,1,0
BRDA:1483,0,2,0
BRDA:1483,0,3,1
BRDA:1483,0,4,-
BRDA:1483,0,5,-
BRDA:1485,0,0,0
BRDA:1485,0,1,1
BRDA:1486,0,0,0
BRDA:1486,0,1,1
BRDA:1487,0,0,0
BRDA:1487,0,1,1
BRDA:1488,0,0,0
BRDA:1488,0,1,1
BRDA:1489,0,0,0
BRDA:1489,0,1,1
BRDA:1490,0,0,0
BRDA:1490,0,1,1
BRDA:1498,0,0,0
BRDA:1498,0,1,1
BRDA:1506,0,0,1
BRDA:1506,0,1,0
BRDA:1507,0,0,0
BRDA:1507,0,1,1
BRDA:1508,0,0,0
BRDA:1508,0,1,1
BRDA:1509,0,0,0
BRDA:1509,0,1,1
BRDA:1510,0,0,0
BRDA:1510,0,1,1
BRDA:1512,0,0,0
BRDA:1512,0,1,1
BRDA:1513,0,0,1
BRDA:1513,0,1,0
BRDA:1514,0,0,0
BRDA:1514,0,1,1
BRDA:1514,0,2,-
BRDA:1514,0,3,-
BRDA:1528,0,0,1
BRDA:1528,0,1,0
BRDA:1529,0,0,0
BRDA:1529,0,1,1
BRDA:1530,0,0,0
BRDA:1530,0,1,1
BRDA:1539,0,0,0
BRDA:1539,0,1,1
BRDA:1541,0,0,1
BRDA:1541,0,1,0
BRDA:1542,0,0,0
BRDA:1542,0,1,1
BRDA:1552,0,0,1
BRDA:1552,0,1,0
BRDA:1554,0,0,0
BRDA:1554,0,1,1
BRDA:1556,0,0,0
BRDA:1556,0,1,1
BRDA:1564,0,0,0
BRDA:1564,0,1,1
BRDA:1566,0,0,0
BRDA:1566,0,1,1
BRDA:1574,0,0,0
BRDA:1574,0,1,1
BRDA:1576,0,0,0
BRDA:1576,0,1,1
BRDA:1637,0,0,0
BRDA:1637,0,1,1
BRDA:1638,0,0,0
BRDA:1638,0,1,1
BRDA:1639,0,0,0
BRDA:1639,0,1,1
BRDA:1640,0,0,0
BRDA:1640,0,1,1
BRDA:1641,0,0,0
BRDA:1641,0,1,1
BRDA:1642,0,0,0
BRDA:1642,0,1,1
BRDA:1645,0,0,0
BRDA:1645,0,1,1
BRDA:1646,0,0,0
BRDA:1646,0,1,1
BRDA:1647,0,0,0
BRDA:1647,0,1,1
BRDA:1648,0,0,0
BRDA:1648,0,1,1
BRDA:1649,0,0,0
BRDA:1649,0,1,1
BRDA:1650,0,0,0
BRDA:1650,0,1,1
BRDA:1653,0,0,0
BRDA:1653,0,1,1
BRDA:1654,0,0,0
BRDA:1654,0,1,1
BRDA:1655,0,0,0
BRDA:1655,0,1,1
BRDA:1656,0,0,0
BRDA:1656,0,1,1
BRDA:1659,0,0,0
BRDA:1659,0,1,1
BRDA:1660,0,0,0
BRDA:1660,0,1,1
BRDA:1661,0,0,0
BRDA:1661,0,1,1
BRDA:1662,0,0,0
BRDA:1662,0,1,1
BRDA:1663,0,0,0
BRDA:1663,0,1,1
BRDA:1664,0,0,0
BRDA:1664,0,1,1
BRDA:1665,0,0,0
BRDA:1665,0,1,1
BRDA:1668,0,0,0
BRDA:1668,0,1,1
BRDA:1669,0,0,0
BRDA:1669,0,1,1
BRDA:1670,0,0,0
BRDA:1670,0,1,1
BRDA:1671,0,0,0
BRDA:1671,0,1,1
BRDA:1672,0,0,0
BRDA:1672,0,1,1
BRDA:1673,0,0,0
BRDA:1673,0,1,1
BRDA:1674,0,0,0
BRDA:1674,0,1,1
BRDA:1675,0,0,0
BRDA:1675,0,1,1
BRDA:1676,0,0,0
BRDA:1676,0,1,1
BRDA:1679,0,0,0
BRDA:1679,0,1,1
BRDA:1680,0,0,0
BRDA:1680,0,1,1
BRDA:1681,0,0,0
BRDA:1681,0,1,1
BRDA:1682,0,0,0
BRDA:1682,0,1,1
BRDA:1683,0,0,0
BRDA:1683,0,1,1
BRDA:1684,0,0,0
BRDA:1684,0,1,1
BRDA:1685,0,0,0
BRDA:1685,0,1,1
BRDA:1686,0,0,0
BRDA:1686,0,1,1
BRDA:1687,0,0,0
BRDA:1687,0,1,1
BRDA:1688,0,0,0
BRDA:1688,0,1,1
BRDA:1689,0,0,0
BRDA:1689,0,1,1
BRDA:1690,0,0,0
BRDA:1690,0,1,1
BRDA:1691,0,0,0
BRDA:1691,0,1,1
BRDA:1692,0,0,0
BRDA:1692,0,1,1
BRDA:1693,0,0,0
BRDA:1693,0,1,1
BRDA:1694,0,0,0
BRDA:1694,0,1,1
BRDA:1695,0,0,0
BRDA:1695,0,1,1
BRDA:1696,0,0,0
BRDA:1696,0,1,1
BRDA:1697,0,0,0
BRDA:1697,0,1,1
BRDA:1698,0,0,0
BRDA:1698,0,1,1
BRDA:1701,0,0,0
BRDA:1701,0,1,1
BRDA:1702,0,0,0
BRDA:1702,0,1,1
BRDA:1703,0,0,0
BRDA:1703,0,1,1
BRDA:1704,0,0,0
BRDA:1704,0,1,1
BRDA:1705,0,0,0
BRDA:1705,0,1,1
BRDA:1706,0,0,0
BRDA:1706,0,1,1
BRDA:1707,0,0,0
BRDA:1707,0,1,1
BRDA:1708,0,0,0
BRDA:1708,0,1,1
BRDA:1709,0,0,0
BRDA:1709,0,1,1
BRDA:1710,0,0,0
BRDA:1710,0,1,1
BRDA:1711,0,0,0
BRDA:1711,0,1,1
BRDA:1714,0,0,0
BRDA:1714,0,1,1
BRDA:1715,0,0,0
BRDA:1715,0,1,1
BRDA:1716,0,0,0
BRDA:1716,0,1,1
BRDA:1717,0,0,0
BRDA:1717,0,1,1
BRDA:1718,0,0,0
BRDA:1718,0,1,1
BRDA:1719,0,0,0
BRDA:1719,0,1,1
BRDA:1720,0,0,0
BRDA:1720,0,1,1
BRDA:1721,0,0,0
BRDA:1721,0,1,1
BRDA:1722,0,0,0
BRDA:1722,0,1,1
BRDA:1725,0,0,0
BRDA:1725,0,1,1
BRDA:1726,0,0,0
BRDA:1726,0,1,1
BRDA:1727,0,0,0
BRDA:1727,0,1,1
BRDA:1728,0,0,0
BRDA:1728,0,1,1
BRDA:1729,0,0,0
BRDA:1729,0,1,1
BRDA:1730,0,0,0
BRDA:1730,0,1,1
BRDA:1731,0,0,0
BRDA:1731,0,1,1
BRDA:1732,0,0,0
BRDA:1732,0,1,1
BRDA:1733,0,0,0
BRDA:1733,0,1,1
BRDA:1734,0,0,0
BRDA:1734,0,1,1
BRDA:1735,0,0,0
BRDA:1735,0,1,1
BRDA:1736,0,0,0
BRDA:1736,0,1,1
BRDA:1737,0,0,0
BRDA:1737,0,1,1
BRDA:1738,0,0,0
BRDA:1738,0,1,1
BRDA:1739,0,0,0
BRDA:1739,0,1,1
BRDA:1740,0,0,0
BRDA:1740,0,1,1
BRDA:1741,0,0,0
BRDA:1741,0,1,1
BRF:996
BRH:473
DA:126,244
DA:128,244
DA:130,244
DA:135,244
DA:136,244
DA:137,244
DA:138,244
DA:139,244
DA:141,244
DA:142,244
DA:143,244
DA:144,240
DA:145,240
DA:147,240
DA:148,240
DA:149,240
DA:150,240
DA:153,240
DA:156,240
DA:157,240
DA:158,240
DA:161,240
DA:162,240
DA:163,240
DA:164,240
DA:165,240
DA:168,240
DA:169,240
DA:170,240
DA:171,240
DA:172,240
DA:173,240
DA:174,240
DA:175,240
DA:176,0
DA:180,240
DA:181,240
DA:182,240
DA:183,20674
DA:184,20434
DA:185,20434
DA:186,240
DA:187,240
DA:188,120
DA:189,240
DA:190,120
DA:191,120
DA:192,240
DA:193,240
DA:201,240
DA:202,240
DA:203,240
DA:204,240
DA:205,240
DA:206,240
DA:208,240
DA:209,0
DA:210,0
DA:211,0
DA:212,0
DA:213,0
DA:214,0
DA:215,0
DA:216,0
DA:217,0
DA:218,0
DA:219,0
DA:221,240
DA:223,240
DA:224,244
DA:226,240
DA:228,240
DA:229,240
DA:230,0
DA:232,240
DA:233,240
DA:234,240
DA:235,240
DA:236,240
DA:239,496
DA:240,496
DA:241,496
DA:242,992
DA:243,496
DA:244,496
DA:245,496
DA:247,496
DA:249,240
DA:250,240
DA:251,160
DA:252,8
DA:253,16
DA:254,8
DA:255,12
DA:256,8
DA:257,12
DA:258,12
DA:259,4
DA:260,0
DA:262,240
DA:264,4
DA:265,4
DA:266,248
DA:268,244
DA:269,244
DA:270,244
DA:271,0
DA:272,0
DA:275,244
DA:276,4
DA:277,4
DA:280,240
DA:281,240
DA:282,0
DA:283,0
DA:284,0
DA:289,240
DA:290,4
DA:298,4
DA:302,4
DA:303,4
DA:304,4
DA:305,4
DA:309,4
DA:310,4
DA:311,4
DA:312,4
DA:316,4
DA:318,4
DA:319,4
DA:320,4
DA:321,4
DA:322,4
DA:323,4
DA:324,4
DA:325,4
DA:326,0
DA:328,4
DA:329,236
DA:337,236
DA:338,236
DA:339,228
DA:340,228
DA:342,240
DA:343,240
DA:345,4
DA:348,4
DA:349,4
DA:350,4
DA:351,4
DA:353,4
DA:354,4
DA:356,4
DA:357,4
DA:360,4
DA:361,4
DA:362,4
DA:363,4
DA:364,4
DA:365,0
DA:368,4
DA:369,4
DA:370,0
DA:372,4
DA:374,4
DA:376,4
DA:377,4
DA:378,4
DA:380,4
DA:381,4
DA:383,4
DA:384,4
DA:386,4
DA:387,4
DA:388,4
DA:389,4
DA:390,4
DA:391,4
DA:392,4
DA:394,4
DA:395,4
DA:396,4
DA:398,4
DA:399,4
DA:400,4
DA:401,4
DA:402,4
DA:404,236
DA:405,236
DA:406,236
DA:407,236
DA:408,236
DA:409,236
DA:410,8
DA:411,8
DA:412,236
DA:413,228
DA:414,228
DA:415,228
DA:416,228
DA:417,236
DA:418,236
DA:419,236
DA:420,236
DA:421,236
DA:434,228
DA:435,228
DA:436,228
DA:438,4
DA:439,4
DA:440,4
DA:441,4
DA:442,4
DA:443,4
DA:444,4
DA:445,4
DA:446,4
DA:447,4
DA:448,4
DA:449,4
DA:450,4
DA:451,4
DA:452,4
DA:453,4
DA:461,272
DA:462,272
DA:463,272
DA:470,4
DA:471,4
DA:472,4
DA:474,4
DA:475,4
DA:477,4
DA:478,4
DA:479,4
DA:480,4
DA:481,4
DA:482,4
DA:483,4
DA:484,4
DA:485,4
DA:486,4
DA:488,4
DA:489,4
DA:490,4
DA:491,4
DA:492,4
DA:493,4
DA:494,4
DA:495,4
DA:496,4
DA:497,4
DA:498,4
DA:500,4
DA:501,4
DA:502,4
DA:503,4
DA:504,4
DA:505,4
DA:507,4
DA:508,4
DA:509,4
DA:510,4
DA:511,4
DA:512,4
DA:513,4
DA:514,4
DA:515,4
DA:516,4
DA:517,4
DA:518,4
DA:519,4
DA:520,4
DA:521,4
DA:522,4
DA:524,4
DA:525,4
DA:526,4
DA:527,4
DA:528,4
DA:529,4
DA:531,4
DA:532,4
DA:533,4
DA:534,4
DA:535,4
DA:536,4
DA:537,4
DA:543,4
DA:544,4
DA:545,4
DA:546,4
DA:548,4
DA:549,4
DA:550,4
DA:551,4
DA:552,4
DA:554,4
DA:555,4
DA:556,4
DA:557,4
DA:558,4
DA:560,4
DA:561,4
DA:562,4
DA:564,4
DA:565,4
DA:566,4
DA:568,4
DA:569,4
DA:570,4
DA:571,4
DA:572,4
DA:578,4
DA:579,4
DA:580,4
DA:581,4
DA:582,4
DA:584,4
DA:585,4
DA:586,4
DA:587,4
DA:588,4
DA:589,4
DA:590,4
DA:591,4
DA:592,4
DA:594,4
DA:595,4
DA:596,4
DA:597,4
DA:598,4
DA:599,4
DA:600,4
DA:601,4
DA:602,4
DA:604,4
DA:605,4
DA:606,4
DA:607,4
DA:608,4
DA:609,4
DA:610,4
DA:611,4
DA:612,4
DA:618,4
DA:619,4
DA:622,4
DA:623,4
DA:624,32772
DA:626,4
DA:627,4
DA:629,4
DA:630,4
DA:632,4
DA:633,4
DA:634,4
DA:635,4
DA:636,4
DA:639,4
DA:640,4
DA:641,4
DA:642,4
DA:644,4
DA:645,4
DA:646,4
DA:648,4
DA:649,4
DA:652,4
DA:654,4
DA:655,4
DA:656,4
DA:658,4
DA:659,4
DA:660,4
DA:662,4
DA:663,4
DA:664,4
DA:665,4
DA:667,4
DA:668,4
DA:669,4
DA:670,4
DA:672,4
DA:673,4
DA:674,4
DA:676,4
DA:677,4
DA:678,4
DA:680,4
DA:681,4
DA:683,4
DA:684,4
DA:685,4
DA:687,4
DA:688,4
DA:689,4
DA:690,4
DA:692,4
DA:693,4
DA:694,4
DA:696,4
DA:697,4
DA:698,4
DA:700,4
DA:701,4
DA:702,4
DA:703,4
DA:705,4
DA:706,4
DA:707,4
DA:709,4
DA:710,4
DA:711,4
DA:712,4
DA:713,4
DA:714,4
DA:715,4
DA:717,4
DA:718,4
DA:719,4
DA:721,4
DA:722,4
DA:723,4
DA:724,4
DA:726,4
DA:727,4
DA:728,4
DA:730,4
DA:731,4
DA:732,4
DA:733,4
DA:734,4
DA:735,4
DA:736,4
DA:737,4
DA:739,4
DA:740,4
DA:741,4
DA:748,4
DA:749,4
DA:750,4
DA:751,4
DA:754,4
DA:755,4
DA:756,4
DA:758,4
DA:759,4
DA:762,4
DA:765,4
DA:766,4
DA:768,4
DA:769,4
DA:770,4
DA:771,4
DA:773,4
DA:774,4
DA:775,4
DA:777,4
DA:778,4
DA:779,4
DA:781,4
DA:784,4
DA:785,4
DA:786,4
DA:788,4
DA:789,4
DA:790,4
DA:791,4
DA:792,4
DA:793,4
DA:799,32
DA:800,32
DA:801,32
DA:803,32
DA:804,32
DA:806,32
DA:807,32
DA:808,32
DA:809,32
DA:810,32
DA:811,32
DA:813,32
DA:814,32
DA:816,4
DA:817,4
DA:818,4
DA:819,4
DA:820,4
DA:821,4
DA:822,4
DA:823,4
DA:825,4
DA:827,4
DA:829,4
DA:831,4
DA:832,4
DA:834,4
DA:835,4
DA:836,4
DA:837,4
DA:838,4
DA:839,4
DA:853,60
DA:854,60
DA:855,60
DA:856,60
DA:857,4
DA:859,56
DA:860,56
DA:861,56
DA:862,56
DA:863,56
DA:864,56
DA:865,56
DA:866,56
DA:867,56
DA:868,60
DA:870,4
DA:871,4
DA:872,4
DA:873,4
DA:874,4
DA:876,4
DA:878,4
DA:879,4
DA:880,4
DA:881,4
DA:883,4
DA:884,4
DA:885,4
DA:886,4
DA:888,4
DA:889,4
DA:890,4
DA:891,4
DA:892,4
DA:894,4
DA:895,4
DA:896,4
DA:897,4
DA:899,4
DA:900,4
DA:901,4
DA:902,4
DA:903,4
DA:904,4
DA:906,4
DA:907,4
DA:908,4
DA:909,4
DA:911,4
DA:912,4
DA:913,4
DA:914,4
DA:915,4
DA:916,4
DA:918,4
DA:919,4
DA:921,4
DA:922,4
DA:924,4
DA:925,4
DA:926,16388
DA:928,4
DA:930,4
DA:931,4
DA:933,4
DA:934,4
DA:935,4
DA:936,4
DA:937,16388
DA:938,16384
DA:939,16384
DA:942,4
DA:943,4
DA:944,4
DA:946,4
DA:947,4
DA:948,4
DA:950,4
DA:951,4
DA:952,4
DA:953,4
DA:955,4
DA:956,4
DA:957,4
DA:959,4
DA:960,4
DA:961,4
DA:962,4
DA:964,4
DA:965,4
DA:966,4
DA:968,4
DA:969,4
DA:970,4
DA:971,4
DA:973,4
DA:974,4
DA:975,4
DA:976,4
DA:978,4
DA:979,4
DA:981,4
DA:982,4
DA:983,4
DA:985,4
DA:986,4
DA:987,4
DA:989,4
DA:990,4
DA:991,4
DA:992,4
DA:994,4
DA:995,4
DA:996,4
DA:998,4
DA:999,4
DA:1000,4
DA:1001,4
DA:1002,4
DA:1003,4
DA:1004,4
DA:1006,4
DA:1007,4
DA:1008,4
DA:1010,4
DA:1011,4
DA:1012,4
DA:1013,4
DA:1015,4
DA:1016,4
DA:1017,4
DA:1019,4
DA:1020,4
DA:1021,4
DA:1022,4
DA:1023,4
DA:1024,4
DA:1025,4
DA:1026,4
DA:1028,4
DA:1029,4
DA:1030,4
DA:1033,4
DA:1034,4
DA:1035,4
DA:1036,4
DA:1038,4
DA:1039,4
DA:1040,4
DA:1042,4
DA:1043,4
DA:1044,4
DA:1047,4
DA:1048,4
DA:1050,4
DA:1051,4
DA:1052,4
DA:1053,4
DA:1055,4
DA:1056,4
DA:1057,4
DA:1059,4
DA:1060,4
DA:1061,4
DA:1063,4
DA:1066,4
DA:1067,4
DA:1068,4
DA:1070,4
DA:1071,4
DA:1072,4
DA:1073,4
DA:1074,4
DA:1075,4
DA:1077,28
DA:1078,28
DA:1079,28
DA:1081,28
DA:1082,28
DA:1084,28
DA:1085,28
DA:1086,28
DA:1087,28
DA:1088,28
DA:1089,28
DA:1090,28
DA:1091,28
DA:1093,4
DA:1094,4
DA:1095,4
DA:1096,4
DA:1097,4
DA:1098,4
DA:1099,4
DA:1101,4
DA:1102,4
DA:1103,4
DA:1104,4
DA:1105,4
DA:1106,4
DA:1107,4
DA:1108,4
DA:1109,4
DA:1110,4
DA:1111,4
DA:1112,4
DA:1114,4
DA:1115,4
DA:1118,4
DA:1119,4
DA:1120,16388
DA:1121,4
DA:1122,4
DA:1124,4
DA:1125,4
DA:1127,4
DA:1128,4
DA:1130,4
DA:1131,4
DA:1132,4
DA:1133,4
DA:1136,4
DA:1138,4
DA:1139,4
DA:1140,4
DA:1166,4
DA:1167,4
DA:1168,4
DA:1170,4
DA:1171,4
DA:1172,4
DA:1173,4
DA:1174,4
DA:1176,4
DA:1177,4
DA:1178,4
DA:1179,4
DA:1180,4
DA:1181,4
DA:1182,4
DA:1183,4
DA:1184,4
DA:1185,4
DA:1186,4
DA:1187,4
DA:1188,4
DA:1191,4
DA:1192,4
DA:1193,4
DA:1194,4
DA:1196,4
DA:1197,4
DA:1198,4
DA:1200,4
DA:1201,4
DA:1202,4
DA:1204,4
DA:1205,4
DA:1206,4
DA:1208,4
DA:1209,4
DA:1210,4
DA:1211,4
DA:1213,4
DA:1214,4
DA:1215,4
DA:1217,4
DA:1218,4
DA:1219,4
DA:1220,4
DA:1221,4
DA:1222,4
DA:1223,4
DA:1224,4
DA:1225,4
DA:1227,4
DA:1228,4
DA:1229,4
DA:1230,4
DA:1231,4
DA:1232,4
DA:1233,4
DA:1234,4
DA:1235,4
DA:1237,4
DA:1238,4
DA:1239,4
DA:1240,4
DA:1241,4
DA:1242,4
DA:1243,4
DA:1244,4
DA:1245,4
DA:1247,4
DA:1248,4
DA:1249,4
DA:1250,4
DA:1251,4
DA:1252,4
DA:1253,4
DA:1254,4
DA:1255,4
DA:1259,4
DA:1260,4
DA:1261,4
DA:1262,4
DA:1263,4
DA:1264,4
DA:1265,4
DA:1266,4
DA:1267,4
DA:1268,4
DA:1269,4
DA:1270,4
DA:1272,4
DA:1273,4
DA:1274,4
DA:1275,4
DA:1276,4
DA:1277,4
DA:1278,4
DA:1279,4
DA:1280,4
DA:1281,4
DA:1282,4
DA:1284,4
DA:1285,4
DA:1286,4
DA:1287,4
DA:1288,4
DA:1289,4
DA:1290,4
DA:1291,4
DA:1292,4
DA:1293,4
DA:1294,4
DA:1296,4
DA:1297,4
DA:1298,4
DA:1299,4
DA:1300,4
DA:1301,4
DA:1302,4
DA:1303,4
DA:1304,4
DA:1305,4
DA:1321,4
DA:1322,4
DA:1323,4
DA:1324,4
DA:1325,4
DA:1326,4
DA:1327,4
DA:1328,4
DA:1329,4
DA:1330,4
DA:1331,4
DA:1332,4
DA:1334,4
DA:1336,4
DA:1339,4
DA:1340,4
DA:1341,4
DA:1342,4
DA:1343,4
DA:1344,4
DA:1345,4
DA:1347,4
DA:1348,4
DA:1351,4
DA:1352,4
DA:1353,4
DA:1354,4
DA:1355,4
DA:1357,4
DA:1358,4
DA:1361,4
DA:1362,4
DA:1363,4
DA:1364,4
DA:1365,4
DA:1366,4
DA:1368,4
DA:1369,4
DA:1370,4
DA:1371,4
DA:1372,4
DA:1373,4
DA:1375,4
DA:1376,4
DA:1378,4
DA:1379,4
DA:1380,4
DA:1381,4
DA:1382,4
DA:1383,4
DA:1384,4
DA:1385,4
DA:1386,4
DA:1388,4
DA:1389,4
DA:1390,4
DA:1391,4
DA:1392,4
DA:1393,4
DA:1394,4
DA:1395,4
DA:1396,4
DA:1398,4
DA:1400,4
DA:1401,4
DA:1402,4
DA:1403,4
DA:1404,4
DA:1405,4
DA:1406,4
DA:1407,4
DA:1409,4
DA:1410,4
DA:1411,4
DA:1412,4
DA:1413,4
DA:1414,4
DA:1415,4
DA:1416,4
DA:1417,4
DA:1425,4
DA:1426,4
DA:1429,4
DA:1430,4
DA:1431,4
DA:1432,4
DA:1433,4
DA:1436,4
DA:1437,4
DA:1438,4
DA:1439,4
DA:1442,4
DA:1443,4
DA:1444,4
DA:1445,4
DA:1446,4
DA:1447,4
DA:1448,4
DA:1449,4
DA:1450,4
DA:1451,4
DA:1453,4
DA:1455,4
DA:1456,4
DA:1457,4
DA:1458,4
DA:1459,4
DA:1460,4
DA:1461,4
DA:1462,4
DA:1463,4
DA:1464,4
DA:1477,4
DA:1478,4
DA:1479,4
DA:1480,4
DA:1481,4
DA:1482,4
DA:1483,4
DA:1485,4
DA:1486,4
DA:1487,4
DA:1488,4
DA:1489,4
DA:1490,4
DA:1491,4
DA:1493,4
DA:1494,4
DA:1495,4
DA:1497,4
DA:1498,4
DA:1499,4
DA:1501,4
DA:1502,4
DA:1503,4
DA:1505,4
DA:1506,4
DA:1507,4
DA:1508,4
DA:1509,4
DA:1510,4
DA:1512,4
DA:1513,4
DA:1514,4
DA:1517,4
DA:1518,4
DA:1519,4
DA:1521,4
DA:1522,4
DA:1523,4
DA:1527,4
DA:1528,4
DA:1529,4
DA:1530,4
DA:1531,4
DA:1532,4
DA:1533,4
DA:1535,12
DA:1536,12
DA:1537,12
DA:1538,12
DA:1539,12
DA:1540,12
DA:1541,12
DA:1542,12
DA:1543,12
DA:1544,12
DA:1546,4
DA:1547,4
DA:1548,4
DA:1550,4
DA:1551,4
DA:1552,4
DA:1553,4
DA:1554,4
DA:1555,4
DA:1556,4
DA:1557,4
DA:1558,4
DA:1560,4
DA:1561,4
DA:1562,4
DA:1563,4
DA:1564,4
DA:1565,4
DA:1566,4
DA:1567,4
DA:1568,4
DA:1570,28
DA:1571,28
DA:1572,28
DA:1573,28
DA:1574,28
DA:1575,28
DA:1576,28
DA:1577,28
DA:1578,28
DA:1580,4
DA:1581,4
DA:1584,4
DA:1586,4
DA:1587,4
DA:1591,4
DA:1593,4
DA:1594,4
DA:1596,4
DA:1598,4
DA:1599,4
DA:1603,4
DA:1605,4
DA:1606,4
DA:1610,4
DA:1612,4
DA:1613,4
DA:1616,4
DA:1618,4
DA:1619,4
DA:1623,4
DA:1629,4
DA:1630,4
DA:1631,4
DA:1632,4
DA:1634,4
DA:1637,4
DA:1638,4
DA:1639,4
DA:1640,4
DA:1641,4
DA:1642,4
DA:1645,4
DA:1646,4
DA:1647,4
DA:1648,4
DA:1649,4
DA:1650,4
DA:1653,4
DA:1654,4
DA:1655,4
DA:1656,4
DA:1659,4
DA:1660,4
DA:1661,4
DA:1662,4
DA:1663,4
DA:1664,4
DA:1665,4
DA:1668,4
DA:1669,4
DA:1670,4
DA:1671,4
DA:1672,4
DA:1673,4
DA:1674,4
DA:1675,4
DA:1676,4
DA:1679,4
DA:1680,4
DA:1681,4
DA:1682,4
DA:1683,4
DA:1684,4
DA:1685,4
DA:1686,4
DA:1687,4
DA:1688,4
DA:1689,4
DA:1690,4
DA:1691,4
DA:1692,4
DA:1693,4
DA:1694,4
DA:1695,4
DA:1696,4
DA:1697,4
DA:1698,4
DA:1701,4
DA:1702,4
DA:1703,4
DA:1704,4
DA:1705,4
DA:1706,4
DA:1707,4
DA:1708,4
DA:1709,4
DA:1710,4
DA:1711,4
DA:1714,4
DA:1715,4
DA:1716,4
DA:1717,4
DA:1718,4
DA:1719,4
DA:1720,4
DA:1721,4
DA:1722,4
DA:1725,4
DA:1726,4
DA:1727,4
DA:1728,4
DA:1729,4
DA:1730,4
DA:1731,4
DA:1732,4
DA:1733,4
DA:1734,4
DA:1735,4
DA:1736,4
DA:1737,4
DA:1738,4
DA:1739,4
DA:1740,4
DA:1741,4
DA:1743,4
DA:1745,4
DA:1746,4
DA:1747,4
DA:1748,4
LF:1166
LH:1144
end_of_record
