TN:
SF:/Users/haminlee/Documents/GitHub/scope-for-sdk/typecast-sdk/typecast-c/src/typecast.c
FNL:0,1041,1065
FNA:0,16,typecast_voices_response_free
FNL:1,1067,1087
FNA:1,14,typecast_voice_free
FNL:2,1093,1218
FNA:2,30,typecast_get_my_subscription
FNL:3,120,128
FNA:3,468,strdup_safe
FNL:4,1220,1223
FNA:4,6,typecast_subscription_free
FNL:5,1229,1230
FNA:5,6,typecast_version
FNL:6,1233,1238
FNA:6,88,typecast_model_to_string
FNL:7,1240,1245
FNA:7,24,typecast_model_from_string
FNL:8,1247,1252
FNA:8,58,typecast_emotion_to_string
FNL:9,1254,1259
FNA:9,26,typecast_audio_format_to_string
FNL:10,1261,1266
FNA:10,24,typecast_plan_tier_to_string
FNL:11,1268,1275
FNA:11,28,typecast_plan_tier_from_string
FNL:12,1277,1294
FNA:12,98,typecast_error_message
FNL:13,130,138
FNA:13,102,set_error
FNL:14,140,147
FNA:14,130,clear_error
FNL:15,153,174
FNA:15,88,write_callback
FNL:16,176,191
FNA:16,132,header_callback
FNL:17,197,274
FNA:17,34,build_tts_request_json
FNL:18,276,291
FNA:18,40,http_status_to_error
FNL:19,293,318
FNA:19,16,parse_duration_header
FNL:20,324,329
FNA:20,12,parse_gender
FNL:21,331,339
FNA:21,12,parse_age
FNL:22,341,423
FNA:22,16,parse_voice_json
FNL:23,429,430
FNA:23,18,typecast_client_create
FNL:24,433,468
FNA:24,168,typecast_client_create_with_host
FNL:25,470,479
FNA:25,164,typecast_client_destroy
FNL:26,481,484
FNA:26,104,typecast_client_get_error
FNL:27,490,626
FNA:27,54,typecast_text_to_speech
FNL:28,628,632
FNA:28,20,typecast_tts_response_free
FNL:29,644,655
FNA:29,30,stream_write_callback
FNL:30,660,728
FNA:30,30,build_tts_stream_request_json
FNL:31,730,828
FNA:31,40,typecast_text_to_speech_stream
FNL:32,834,965
FNA:32,22,typecast_get_voices
FNL:33,967,1039
FNA:33,22,typecast_get_voice
FNF:34
FNH:34
BRDA:121,0,0,1
BRDA:121,0,1,0
BRDA:124,0,0,0
BRDA:124,0,1,1
BRDA:131,0,0,1
BRDA:131,0,1,0
BRDA:134,0,0,1
BRDA:134,0,1,1
BRDA:137,0,0,1
BRDA:137,0,1,0
BRDA:141,0,0,1
BRDA:141,0,1,0
BRDA:143,0,0,1
BRDA:143,0,1,1
BRDA:158,0,0,0
BRDA:158,0,1,1
BRDA:159,0,0,0
BRDA:159,0,1,1
BRDA:160,0,0,1
BRDA:160,0,1,1
BRDA:164,0,0,1
BRDA:164,0,1,0
BRDA:183,0,0,1
BRDA:183,0,1,0
BRDA:199,0,0,1
BRDA:199,0,1,0
BRDA:207,0,0,1
BRDA:207,0,1,1
BRDA:212,0,0,1
BRDA:212,0,1,1
BRDA:214,0,0,0
BRDA:214,0,1,1
BRDA:215,0,0,1
BRDA:215,0,1,0
BRDA:215,0,2,1
BRDA:215,0,3,1
BRDA:218,0,0,1
BRDA:218,0,1,1
BRDA:221,0,0,1
BRDA:221,0,1,1
BRDA:248,0,0,1
BRDA:248,0,1,1
BRDA:250,0,0,0
BRDA:250,0,1,1
BRDA:251,0,0,1
BRDA:251,0,1,1
BRDA:256,0,0,1
BRDA:256,0,1,1
BRDA:259,0,0,1
BRDA:259,0,1,0
BRDA:259,0,2,1
BRDA:259,0,3,1
BRDA:269,0,0,1
BRDA:269,0,1,1
BRDA:277,0,0,0
BRDA:277,0,1,1
BRDA:277,0,2,1
BRDA:277,0,3,1
BRDA:277,0,4,1
BRDA:277,0,5,1
BRDA:277,0,6,1
BRDA:277,0,7,1
BRDA:277,0,8,1
BRDA:294,0,0,1
BRDA:294,0,1,0
BRDA:299,0,0,1
BRDA:299,0,1,1
BRDA:301,0,0,1
BRDA:301,0,1,1
BRDA:307,0,0,1
BRDA:307,0,1,1
BRDA:308,0,0,1
BRDA:308,0,1,0
BRDA:308,0,2,1
BRDA:308,0,3,1
BRDA:311,0,0,1
BRDA:311,0,1,1
BRDA:325,0,0,1
BRDA:325,0,1,0
BRDA:326,0,0,1
BRDA:326,0,1,1
BRDA:327,0,0,1
BRDA:327,0,1,1
BRDA:332,0,0,1
BRDA:332,0,1,0
BRDA:333,0,0,1
BRDA:333,0,1,1
BRDA:334,0,0,1
BRDA:334,0,1,1
BRDA:335,0,0,1
BRDA:335,0,1,1
BRDA:336,0,0,1
BRDA:336,0,1,1
BRDA:337,0,0,1
BRDA:337,0,1,0
BRDA:342,0,0,1
BRDA:342,0,1,0
BRDA:342,0,2,1
BRDA:342,0,3,1
BRDA:345,0,0,1
BRDA:345,0,1,0
BRDA:349,0,0,1
BRDA:349,0,1,1
BRDA:355,0,0,1
BRDA:355,0,1,1
BRDA:361,0,0,1
BRDA:361,0,1,1
BRDA:367,0,0,1
BRDA:367,0,1,1
BRDA:373,0,0,1
BRDA:373,0,1,1
BRDA:376,0,0,0
BRDA:376,0,1,1
BRDA:377,0,0,1
BRDA:377,0,1,1
BRDA:379,0,0,0
BRDA:379,0,1,1
BRDA:381,0,0,1
BRDA:381,0,1,0
BRDA:383,0,0,1
BRDA:383,0,1,1
BRDA:389,0,0,1
BRDA:389,0,1,0
BRDA:393,0,0,1
BRDA:393,0,1,0
BRDA:394,0,0,1
BRDA:394,0,1,1
BRDA:396,0,0,0
BRDA:396,0,1,1
BRDA:409,0,0,1
BRDA:409,0,1,1
BRDA:412,0,0,0
BRDA:412,0,1,1
BRDA:413,0,0,1
BRDA:413,0,1,1
BRDA:415,0,0,0
BRDA:415,0,1,1
BRDA:437,0,0,1
BRDA:437,0,1,1
BRDA:437,0,2,1
BRDA:437,0,3,1
BRDA:442,0,0,1
BRDA:442,0,1,0
BRDA:445,0,0,1
BRDA:445,0,1,1
BRDA:471,0,0,1
BRDA:471,0,1,1
BRDA:473,0,0,0
BRDA:473,0,1,1
BRDA:474,0,0,0
BRDA:474,0,1,1
BRDA:475,0,0,1
BRDA:475,0,1,1
BRDA:476,0,0,0
BRDA:476,0,1,1
BRDA:482,0,0,1
BRDA:482,0,1,1
BRDA:494,0,0,1
BRDA:494,0,1,1
BRDA:494,0,2,1
BRDA:494,0,3,1
BRDA:495,0,0,1
BRDA:495,0,1,1
BRDA:499,0,0,1
BRDA:499,0,1,1
BRDA:499,0,2,1
BRDA:499,0,3,1
BRDA:566,0,0,1
BRDA:566,0,1,1
BRDA:568,0,0,1
BRDA:568,0,1,0
BRDA:569,0,0,1
BRDA:569,0,1,0
BRDA:577,0,0,1
BRDA:577,0,1,1
BRDA:582,0,0,1
BRDA:582,0,1,1
BRDA:582,0,2,0
BRDA:582,0,3,1
BRDA:584,0,0,1
BRDA:584,0,1,1
BRDA:586,0,0,1
BRDA:586,0,1,1
BRDA:593,0,0,1
BRDA:593,0,1,1
BRDA:594,0,0,1
BRDA:594,0,1,1
BRDA:595,0,0,1
BRDA:595,0,1,1
BRDA:596,0,0,0
BRDA:596,0,1,1
BRDA:617,0,0,1
BRDA:617,0,1,1
BRDA:623,0,0,0
BRDA:623,0,1,1
BRDA:629,0,0,1
BRDA:629,0,1,1
BRDA:630,0,0,0
BRDA:630,0,1,1
BRDA:648,0,0,1
BRDA:648,0,1,1
BRDA:662,0,0,1
BRDA:662,0,1,0
BRDA:668,0,0,1
BRDA:668,0,1,1
BRDA:672,0,0,1
BRDA:672,0,1,1
BRDA:674,0,0,0
BRDA:674,0,1,1
BRDA:675,0,0,1
BRDA:675,0,1,0
BRDA:675,0,2,1
BRDA:675,0,3,1
BRDA:678,0,0,1
BRDA:678,0,1,1
BRDA:681,0,0,1
BRDA:681,0,1,1
BRDA:706,0,0,1
BRDA:706,0,1,1
BRDA:708,0,0,0
BRDA:708,0,1,1
BRDA:711,0,0,0
BRDA:711,0,1,1
BRDA:714,0,0,1
BRDA:714,0,1,0
BRDA:714,0,2,0
BRDA:714,0,3,1
BRDA:723,0,0,1
BRDA:723,0,1,1
BRDA:736,0,0,1
BRDA:736,0,1,1
BRDA:736,0,2,1
BRDA:736,0,3,1
BRDA:736,0,4,1
BRDA:736,0,5,1
BRDA:737,0,0,1
BRDA:737,0,1,1
BRDA:741,0,0,1
BRDA:741,0,1,1
BRDA:741,0,2,1
BRDA:741,0,3,1
BRDA:804,0,0,1
BRDA:804,0,1,1
BRDA:805,0,0,1
BRDA:805,0,1,1
BRDA:821,0,0,1
BRDA:821,0,1,1
BRDA:838,0,0,1
BRDA:838,0,1,1
BRDA:848,0,0,1
BRDA:848,0,1,1
BRDA:849,0,0,1
BRDA:849,0,1,1
BRDA:855,0,0,1
BRDA:855,0,1,1
BRDA:861,0,0,1
BRDA:861,0,1,1
BRDA:867,0,0,1
BRDA:867,0,1,1
BRDA:898,0,0,1
BRDA:898,0,1,1
BRDA:900,0,0,1
BRDA:900,0,1,0
BRDA:908,0,0,1
BRDA:908,0,1,1
BRDA:911,0,0,0
BRDA:911,0,1,1
BRDA:919,0,0,1
BRDA:919,0,1,1
BRDA:924,0,0,1
BRDA:924,0,1,1
BRDA:954,0,0,1
BRDA:954,0,1,1
BRDA:957,0,0,0
BRDA:957,0,1,1
BRDA:971,0,0,1
BRDA:971,0,1,1
BRDA:971,0,2,1
BRDA:971,0,3,1
BRDA:972,0,0,1
BRDA:972,0,1,1
BRDA:1005,0,0,1
BRDA:1005,0,1,1
BRDA:1007,0,0,1
BRDA:1007,0,1,0
BRDA:1015,0,0,1
BRDA:1015,0,1,1
BRDA:1018,0,0,0
BRDA:1018,0,1,1
BRDA:1026,0,0,1
BRDA:1026,0,1,1
BRDA:1034,0,0,1
BRDA:1034,0,1,1
BRDA:1042,0,0,1
BRDA:1042,0,1,1
BRDA:1044,0,0,1
BRDA:1044,0,1,1
BRDA:1046,0,0,0
BRDA:1046,0,1,1
BRDA:1047,0,0,0
BRDA:1047,0,1,1
BRDA:1049,0,0,1
BRDA:1049,0,1,1
BRDA:1050,0,0,1
BRDA:1050,0,1,1
BRDA:1051,0,0,0
BRDA:1051,0,1,1
BRDA:1053,0,0,0
BRDA:1053,0,1,1
BRDA:1055,0,0,0
BRDA:1055,0,1,1
BRDA:1057,0,0,1
BRDA:1057,0,1,1
BRDA:1058,0,0,0
BRDA:1058,0,1,1
BRDA:1060,0,0,1
BRDA:1060,0,1,1
BRDA:1063,0,0,0
BRDA:1063,0,1,1
BRDA:1068,0,0,1
BRDA:1068,0,1,1
BRDA:1070,0,0,1
BRDA:1070,0,1,1
BRDA:1071,0,0,1
BRDA:1071,0,1,1
BRDA:1073,0,0,1
BRDA:1073,0,1,1
BRDA:1074,0,0,1
BRDA:1074,0,1,1
BRDA:1075,0,0,0
BRDA:1075,0,1,1
BRDA:1077,0,0,0
BRDA:1077,0,1,1
BRDA:1079,0,0,1
BRDA:1079,0,1,1
BRDA:1081,0,0,1
BRDA:1081,0,1,1
BRDA:1082,0,0,0
BRDA:1082,0,1,1
BRDA:1084,0,0,1
BRDA:1084,0,1,1
BRDA:1096,0,0,1
BRDA:1096,0,1,1
BRDA:1127,0,0,1
BRDA:1127,0,1,1
BRDA:1129,0,0,1
BRDA:1129,0,1,0
BRDA:1137,0,0,1
BRDA:1137,0,1,1
BRDA:1140,0,0,0
BRDA:1140,0,1,1
BRDA:1148,0,0,1
BRDA:1148,0,1,1
BRDA:1155,0,0,1
BRDA:1155,0,1,1
BRDA:1161,0,0,1
BRDA:1161,0,1,1
BRDA:1169,0,0,1
BRDA:1169,0,1,1
BRDA:1175,0,0,1
BRDA:1175,0,1,1
BRDA:1181,0,0,1
BRDA:1181,0,1,1
BRDA:1189,0,0,1
BRDA:1189,0,1,1
BRDA:1195,0,0,1
BRDA:1195,0,1,1
BRDA:1221,0,0,1
BRDA:1221,0,1,1
BRDA:1234,0,0,1
BRDA:1234,0,1,0
BRDA:1234,0,2,1
BRDA:1234,0,3,1
BRDA:1241,0,0,1
BRDA:1241,0,1,1
BRDA:1242,0,0,1
BRDA:1242,0,1,1
BRDA:1243,0,0,1
BRDA:1243,0,1,1
BRDA:1248,0,0,1
BRDA:1248,0,1,0
BRDA:1248,0,2,1
BRDA:1248,0,3,1
BRDA:1255,0,0,1
BRDA:1255,0,1,0
BRDA:1255,0,2,1
BRDA:1255,0,3,1
BRDA:1262,0,0,1
BRDA:1262,0,1,0
BRDA:1262,0,2,1
BRDA:1262,0,3,1
BRDA:1269,0,0,1
BRDA:1269,0,1,1
BRDA:1270,0,0,1
BRDA:1270,0,1,1
BRDA:1271,0,0,1
BRDA:1271,0,1,1
BRDA:1272,0,0,1
BRDA:1272,0,1,1
BRDA:1273,0,0,1
BRDA:1273,0,1,1
BRDA:1278,0,0,1
BRDA:1278,0,1,1
BRDA:1278,0,2,1
BRDA:1278,0,3,1
BRDA:1278,0,4,1
BRDA:1278,0,5,1
BRDA:1278,0,6,1
BRDA:1278,0,7,1
BRDA:1278,0,8,1
BRDA:1278,0,9,1
BRDA:1278,0,10,1
BRDA:1278,0,11,1
BRDA:1278,0,12,1
BRDA:1278,0,13,1
BRF:415
BRH:347
DA:120,468
DA:121,468
DA:122,468
DA:123,468
DA:124,468
DA:125,468
DA:126,468
DA:127,468
DA:128,468
DA:130,102
DA:131,102
DA:133,102
DA:134,102
DA:135,2
DA:136,2
DA:137,102
DA:138,102
DA:140,130
DA:141,130
DA:142,130
DA:143,130
DA:144,2
DA:145,2
DA:146,2
DA:147,130
DA:153,88
DA:154,88
DA:155,88
DA:158,88
DA:159,88
DA:160,92
DA:161,4
DA:163,88
DA:164,88
DA:165,88
DA:166,88
DA:167,88
DA:169,88
DA:170,88
DA:171,88
DA:173,88
DA:174,88
DA:176,132
DA:177,132
DA:178,132
DA:181,132
DA:182,132
DA:183,132
DA:185,132
DA:186,132
DA:187,132
DA:188,132
DA:190,132
DA:191,132
DA:197,34
DA:198,34
DA:199,34
DA:202,34
DA:203,34
DA:204,34
DA:207,34
DA:208,2
DA:209,2
DA:212,34
DA:213,8
DA:214,8
DA:215,8
DA:217,4
DA:218,4
DA:219,2
DA:220,2
DA:221,4
DA:222,2
DA:223,2
DA:224,4
DA:227,2
DA:228,4
DA:229,2
DA:230,4
DA:231,2
DA:232,2
DA:234,2
DA:237,4
DA:238,2
DA:239,4
DA:240,2
DA:241,2
DA:243,8
DA:244,8
DA:245,8
DA:248,34
DA:249,4
DA:250,4
DA:251,4
DA:252,2
DA:253,2
DA:254,2
DA:256,4
DA:257,2
DA:258,2
DA:259,4
DA:260,2
DA:261,2
DA:262,8
DA:263,4
DA:264,4
DA:265,4
DA:266,4
DA:269,34
DA:270,2
DA:271,2
DA:273,34
DA:274,34
DA:276,40
DA:277,40
DA:282,4
DA:283,8
DA:284,4
DA:285,6
DA:286,4
DA:287,6
DA:288,6
DA:289,2
DA:291,40
DA:293,16
DA:294,16
DA:296,16
DA:297,16
DA:299,16
DA:300,2
DA:301,4
DA:302,2
DA:306,14
DA:307,814
DA:308,802
DA:309,802
DA:310,2
DA:311,4
DA:312,2
DA:314,800
DA:317,12
DA:318,16
DA:324,12
DA:325,12
DA:326,12
DA:327,6
DA:328,2
DA:329,12
DA:331,12
DA:332,12
DA:333,12
DA:334,10
DA:335,8
DA:336,6
DA:337,2
DA:338,2
DA:339,12
DA:341,16
DA:342,16
DA:344,14
DA:345,14
DA:348,14
DA:349,14
DA:350,12
DA:351,12
DA:354,14
DA:355,14
DA:356,12
DA:357,12
DA:360,14
DA:361,14
DA:362,12
DA:363,12
DA:366,14
DA:367,14
DA:368,12
DA:369,12
DA:372,14
DA:373,14
DA:374,12
DA:375,12
DA:376,12
DA:377,20
DA:378,8
DA:379,8
DA:380,8
DA:381,8
DA:382,8
DA:383,8
DA:384,6
DA:385,6
DA:386,8
DA:388,8
DA:389,8
DA:390,8
DA:391,8
DA:392,8
DA:393,8
DA:394,18
DA:395,10
DA:396,10
DA:397,10
DA:398,10
DA:399,10
DA:400,8
DA:401,8
DA:402,8
DA:403,8
DA:404,12
DA:405,12
DA:408,14
DA:409,14
DA:410,10
DA:411,10
DA:412,10
DA:413,16
DA:414,6
DA:415,6
DA:416,6
DA:417,6
DA:418,6
DA:419,10
DA:420,10
DA:422,14
DA:423,16
DA:429,18
DA:430,18
DA:433,168
DA:437,168
DA:438,8
DA:441,160
DA:442,160
DA:444,160
DA:445,160
DA:456,160
DA:458,160
DA:467,160
DA:468,168
DA:470,164
DA:471,164
DA:473,160
DA:474,160
DA:475,160
DA:476,160
DA:478,160
DA:479,164
DA:481,104
DA:482,104
DA:483,102
DA:484,104
DA:490,54
DA:494,54
DA:495,12
DA:496,12
DA:499,42
DA:500,8
DA:501,8
DA:504,34
DA:508,34
DA:511,34
DA:520,34
DA:521,34
DA:532,34
DA:533,34
DA:536,34
DA:537,34
DA:539,34
DA:540,34
DA:543,34
DA:544,34
DA:546,34
DA:547,34
DA:548,34
DA:552,34
DA:553,34
DA:554,34
DA:555,34
DA:556,34
DA:557,34
DA:558,34
DA:561,34
DA:563,34
DA:564,34
DA:566,34
DA:567,2
DA:568,2
DA:569,2
DA:570,2
DA:574,32
DA:575,32
DA:577,32
DA:578,16
DA:581,16
DA:582,16
DA:583,12
DA:584,12
DA:585,10
DA:586,10
DA:587,6
DA:588,6
DA:589,10
DA:590,10
DA:591,12
DA:593,16
DA:594,16
DA:595,16
DA:596,16
DA:597,16
DA:601,16
DA:612,16
DA:613,16
DA:614,16
DA:617,16
DA:618,4
DA:619,4
DA:620,12
DA:623,16
DA:625,16
DA:626,54
DA:628,20
DA:629,20
DA:630,16
DA:631,16
DA:632,20
DA:644,30
DA:645,30
DA:646,30
DA:648,30
DA:649,2
DA:652,2
DA:654,28
DA:655,30
DA:660,30
DA:661,30
DA:662,30
DA:664,30
DA:665,30
DA:666,30
DA:668,30
DA:669,2
DA:670,2
DA:672,30
DA:673,8
DA:674,8
DA:675,8
DA:677,4
DA:678,4
DA:679,2
DA:680,2
DA:681,4
DA:682,2
DA:683,2
DA:684,4
DA:687,2
DA:688,4
DA:689,2
DA:690,4
DA:691,2
DA:692,2
DA:694,2
DA:696,4
DA:697,2
DA:698,4
DA:699,2
DA:700,2
DA:702,8
DA:703,8
DA:704,8
DA:706,30
DA:707,2
DA:708,2
DA:711,2
DA:712,2
DA:713,2
DA:714,2
DA:715,2
DA:716,2
DA:717,4
DA:718,2
DA:719,2
DA:720,2
DA:721,2
DA:723,30
DA:724,2
DA:725,2
DA:727,30
DA:728,30
DA:730,40
DA:736,40
DA:737,6
DA:738,6
DA:741,34
DA:742,4
DA:743,4
DA:746,30
DA:750,30
DA:753,30
DA:762,30
DA:763,30
DA:774,30
DA:775,30
DA:777,30
DA:778,30
DA:781,30
DA:782,30
DA:785,30
DA:786,30
DA:787,30
DA:789,30
DA:790,30
DA:791,30
DA:792,30
DA:793,30
DA:794,30
DA:795,30
DA:796,30
DA:799,30
DA:801,30
DA:802,30
DA:804,30
DA:805,4
DA:806,2
DA:807,2
DA:808,2
DA:810,4
DA:818,26
DA:819,26
DA:821,26
DA:822,14
DA:823,14
DA:824,14
DA:827,12
DA:828,40
DA:834,22
DA:838,22
DA:840,20
DA:844,20
DA:847,20
DA:848,20
DA:849,10
DA:850,4
DA:853,4
DA:854,4
DA:855,10
DA:856,4
DA:859,4
DA:860,4
DA:861,10
DA:862,4
DA:865,4
DA:866,4
DA:867,10
DA:868,4
DA:871,4
DA:872,4
DA:873,10
DA:876,20
DA:879,20
DA:880,20
DA:882,20
DA:884,20
DA:885,20
DA:887,20
DA:888,20
DA:889,20
DA:890,20
DA:891,20
DA:892,20
DA:895,20
DA:896,20
DA:898,20
DA:899,2
DA:900,2
DA:901,2
DA:905,18
DA:906,18
DA:908,18
DA:909,2
DA:910,2
DA:911,2
DA:912,2
DA:916,16
DA:917,16
DA:919,16
DA:920,2
DA:921,2
DA:924,14
DA:925,2
DA:926,2
DA:927,2
DA:931,12
DA:941,12
DA:942,12
DA:954,16
DA:955,4
DA:956,4
DA:957,4
DA:958,4
DA:959,4
DA:960,4
DA:961,4
DA:963,12
DA:964,12
DA:965,22
DA:967,22
DA:971,22
DA:972,4
DA:973,4
DA:976,18
DA:980,18
DA:983,18
DA:986,18
DA:987,18
DA:989,18
DA:991,18
DA:992,18
DA:994,18
DA:995,18
DA:996,18
DA:997,18
DA:998,18
DA:999,18
DA:1002,18
DA:1003,18
DA:1005,18
DA:1006,2
DA:1007,2
DA:1008,2
DA:1012,16
DA:1013,16
DA:1015,16
DA:1016,2
DA:1017,2
DA:1018,2
DA:1019,2
DA:1023,14
DA:1024,14
DA:1026,14
DA:1027,2
DA:1028,2
DA:1031,12
DA:1032,12
DA:1034,12
DA:1035,2
DA:1036,2
DA:1038,12
DA:1039,22
DA:1041,16
DA:1042,16
DA:1044,16
DA:1045,4
DA:1046,4
DA:1047,4
DA:1049,10
DA:1050,14
DA:1051,8
DA:1052,8
DA:1053,6
DA:1054,6
DA:1055,4
DA:1057,8
DA:1058,4
DA:1059,4
DA:1060,4
DA:1061,4
DA:1063,12
DA:1064,12
DA:1065,16
DA:1067,14
DA:1068,14
DA:1070,10
DA:1071,10
DA:1073,12
DA:1074,4
DA:1075,2
DA:1076,2
DA:1077,2
DA:1078,2
DA:1079,10
DA:1081,12
DA:1082,2
DA:1083,2
DA:1084,10
DA:1086,10
DA:1087,14
DA:1093,30
DA:1096,30
DA:1098,28
DA:1102,28
DA:1105,28
DA:1108,28
DA:1109,28
DA:1111,28
DA:1113,28
DA:1114,28
DA:1116,28
DA:1117,28
DA:1118,28
DA:1119,28
DA:1120,28
DA:1121,28
DA:1124,28
DA:1125,28
DA:1127,28
DA:1128,2
DA:1129,2
DA:1130,2
DA:1134,26
DA:1135,26
DA:1137,26
DA:1138,6
DA:1139,6
DA:1140,6
DA:1141,6
DA:1145,20
DA:1146,20
DA:1148,20
DA:1149,2
DA:1150,2
DA:1154,18
DA:1155,18
DA:1156,2
DA:1157,2
DA:1158,2
DA:1160,16
DA:1161,16
DA:1162,2
DA:1163,2
DA:1164,2
DA:1168,14
DA:1169,14
DA:1170,2
DA:1171,2
DA:1172,2
DA:1174,12
DA:1175,12
DA:1176,2
DA:1177,2
DA:1178,2
DA:1180,10
DA:1181,10
DA:1182,2
DA:1183,2
DA:1184,2
DA:1188,8
DA:1189,8
DA:1190,2
DA:1191,2
DA:1192,2
DA:1194,6
DA:1195,6
DA:1196,2
DA:1197,2
DA:1198,2
DA:1201,4
DA:1211,4
DA:1212,4
DA:1213,4
DA:1214,4
DA:1216,4
DA:1217,4
DA:1218,30
DA:1220,6
DA:1221,6
DA:1222,4
DA:1223,6
DA:1229,6
DA:1230,6
DA:1233,88
DA:1234,88
DA:1235,8
DA:1237,80
DA:1238,88
DA:1240,24
DA:1241,24
DA:1242,20
DA:1243,12
DA:1244,6
DA:1245,24
DA:1247,58
DA:1248,58
DA:1249,8
DA:1251,50
DA:1252,58
DA:1254,26
DA:1255,26
DA:1256,8
DA:1258,18
DA:1259,26
DA:1261,24
DA:1262,24
DA:1263,8
DA:1265,16
DA:1266,24
DA:1268,28
DA:1269,28
DA:1270,26
DA:1271,22
DA:1272,12
DA:1273,8
DA:1274,4
DA:1275,28
DA:1277,98
DA:1278,98
DA:1279,6
DA:1280,6
DA:1281,4
DA:1282,4
DA:1283,6
DA:1284,4
DA:1285,6
DA:1286,12
DA:1287,8
DA:1288,10
DA:1289,8
DA:1290,10
DA:1291,8
DA:1292,6
DA:1294,98
LF:719
LH:719
end_of_record
